~bl~ File found in directory D:\Program Files\swemancipation/prebuilt/source/learn/ttt.
cd "D:\Program Files\swemancipation/prebuilt/source/learn/ttt"
g++ -I"D:\Program Files\swemancipation/prebuilt/source/learn/ttt/include" -I"D:\Program Files\swemancipation/prebuilt/source/learn/sysinclude" --no_wchar_t_keyword "D:\Program Files\swemancipation\prebuilt\source\learn\ttt\src\application.cpp"
g++ -I"D:\Program Files\swemancipation/prebuilt/source/learn/ttt/include" -I"D:\Program Files\swemancipation/prebuilt/source/learn/sysinclude" --no_wchar_t_keyword "D:\Program Files\swemancipation\prebuilt\source\learn\ttt\src\board.cpp"
g++ -I"D:\Program Files\swemancipation/prebuilt/source/learn/ttt/include" -I"D:\Program Files\swemancipation/prebuilt/source/learn/sysinclude" --no_wchar_t_keyword "D:\Program Files\swemancipation\prebuilt\source\learn\ttt\src\color.cpp"
g++ -I"D:\Program Files\swemancipation/prebuilt/source/learn/ttt/include" -I"D:\Program Files\swemancipation/prebuilt/source/learn/sysinclude" --no_wchar_t_keyword "D:\Program Files\swemancipation\prebuilt\source\learn\ttt\src\display.cpp"
g++ -I"D:\Program Files\swemancipation/prebuilt/source/learn/ttt/include" -I"D:\Program Files\swemancipation/prebuilt/source/learn/sysinclude" --no_wchar_t_keyword "D:\Program Files\swemancipation\prebuilt\source\learn\ttt\src\displayapp.cpp"
g++ -I"D:\Program Files\swemancipation/prebuilt/source/learn/ttt/include" -I"D:\Program Files\swemancipation/prebuilt/source/learn/sysinclude" --no_wchar_t_keyword "D:\Program Files\swemancipation\prebuilt\source\learn\ttt\src\displayboard.cpp"
g++ -I"D:\Program Files\swemancipation/prebuilt/source/learn/ttt/include" -I"D:\Program Files\swemancipation/prebuilt/source/learn/sysinclude" --no_wchar_t_keyword "D:\Program Files\swemancipation\prebuilt\source\learn\ttt\src\displaybutton.cpp"
g++ -I"D:\Program Files\swemancipation/prebuilt/source/learn/ttt/include" -I"D:\Program Files\swemancipation/prebuilt/source/learn/sysinclude" --no_wchar_t_keyword "D:\Program Files\swemancipation\prebuilt\source\learn\ttt\src\displaycontrol.cpp"
g++ -I"D:\Program Files\swemancipation/prebuilt/source/learn/ttt/include" -I"D:\Program Files\swemancipation/prebuilt/source/learn/sysinclude" --no_wchar_t_keyword "D:\Program Files\swemancipation\prebuilt\source\learn\ttt\src\displaysquare.cpp"
g++ -I"D:\Program Files\swemancipation/prebuilt/source/learn/ttt/include" -I"D:\Program Files\swemancipation/prebuilt/source/learn/sysinclude" --no_wchar_t_keyword "D:\Program Files\swemancipation\prebuilt\source\learn\ttt\src\displaystatus.cpp"
g++ -I"D:\Program Files\swemancipation/prebuilt/source/learn/ttt/include" -I"D:\Program Files\swemancipation/prebuilt/source/learn/sysinclude" --no_wchar_t_keyword "D:\Program Files\swemancipation\prebuilt\source\learn\ttt\src\game.cpp"
g++ -I"D:\Program Files\swemancipation/prebuilt/source/learn/ttt/include" -I"D:\Program Files\swemancipation/prebuilt/source/learn/sysinclude" --no_wchar_t_keyword "D:\Program Files\swemancipation\prebuilt\source\learn\ttt\src\gameboard.cpp"
g++ -I"D:\Program Files\swemancipation/prebuilt/source/learn/ttt/include" -I"D:\Program Files\swemancipation/prebuilt/source/learn/sysinclude" --no_wchar_t_keyword "D:\Program Files\swemancipation\prebuilt\source\learn\ttt\src\history.cpp"
g++ -I"D:\Program Files\swemancipation/prebuilt/source/learn/ttt/include" -I"D:\Program Files\swemancipation/prebuilt/source/learn/sysinclude" --no_wchar_t_keyword "D:\Program Files\swemancipation\prebuilt\source\learn\ttt\src\humanplayer.cpp"
g++ -I"D:\Program Files\swemancipation/prebuilt/source/learn/ttt/include" -I"D:\Program Files\swemancipation/prebuilt/source/learn/sysinclude" --no_wchar_t_keyword "D:\Program Files\swemancipation\prebuilt\source\learn\ttt\src\location.cpp"
g++ -I"D:\Program Files\swemancipation/prebuilt/source/learn/ttt/include" -I"D:\Program Files\swemancipation/prebuilt/source/learn/sysinclude" --no_wchar_t_keyword "D:\Program Files\swemancipation\prebuilt\source\learn\ttt\src\main.cpp"
g++ -I"D:\Program Files\swemancipation/prebuilt/source/learn/ttt/include" -I"D:\Program Files\swemancipation/prebuilt/source/learn/sysinclude" --no_wchar_t_keyword "D:\Program Files\swemancipation\prebuilt\source\learn\ttt\src\move.cpp"
g++ -I"D:\Program Files\swemancipation/prebuilt/source/learn/ttt/include" -I"D:\Program Files\swemancipation/prebuilt/source/learn/sysinclude" --no_wchar_t_keyword "D:\Program Files\swemancipation\prebuilt\source\learn\ttt\src\mycomputerplayer.cpp"
g++ -I"D:\Program Files\swemancipation/prebuilt/source/learn/ttt/include" -I"D:\Program Files\swemancipation/prebuilt/source/learn/sysinclude" --no_wchar_t_keyword "D:\Program Files\swemancipation\prebuilt\source\learn\ttt\src\player.cpp"
g++ -I"D:\Program Files\swemancipation/prebuilt/source/learn/ttt/include" -I"D:\Program Files\swemancipation/prebuilt/source/learn/sysinclude" --no_wchar_t_keyword "D:\Program Files\swemancipation\prebuilt\source\learn\ttt\src\square.cpp"
g++ -I"D:\Program Files\swemancipation/prebuilt/source/learn/ttt/include" -I"D:\Program Files\swemancipation/prebuilt/source/learn/sysinclude" --no_wchar_t_keyword "D:\Program Files\swemancipation\prebuilt\source\learn\ttt\src\tictactoegame.cpp"
g++ -I"D:\Program Files\swemancipation/prebuilt/source/learn/ttt/include" -I"D:\Program Files\swemancipation/prebuilt/source/learn/sysinclude" --no_wchar_t_keyword "D:\Program Files\swemancipation\prebuilt\source\learn\ttt\src\tictactoemove.cpp"
~bl~ File found in directory D:\Program Files\swemancipation/prebuilt/source/learn/xip.
cd "D:\Program Files\swemancipation/prebuilt/source/learn/xip"
gcc -I"D:\Program Files\swemancipation/prebuilt/source/learn/xip/include" -I"D:\Program Files\swemancipation/prebuilt/source/learn/sysinclude" --c "D:\Program Files\swemancipation\prebuilt\source\learn\xip\src\canvas.c"
gcc -I"D:\Program Files\swemancipation/prebuilt/source/learn/xip/include" -I"D:\Program Files\swemancipation/prebuilt/source/learn/sysinclude" --c "D:\Program Files\swemancipation\prebuilt\source\learn\xip\src\color.c"
gcc -I"D:\Program Files\swemancipation/prebuilt/source/learn/xip/include" -I"D:\Program Files\swemancipation/prebuilt/source/learn/sysinclude" --c "D:\Program Files\swemancipation\prebuilt\source\learn\xip\src\fonts.c"
gcc -I"D:\Program Files\swemancipation/prebuilt/source/learn/xip/include" -I"D:\Program Files\swemancipation/prebuilt/source/learn/sysinclude" --c "D:\Program Files\swemancipation\prebuilt\source\learn\xip\src\image_win.c"
gcc -I"D:\Program Files\swemancipation/prebuilt/source/learn/xip/include" -I"D:\Program Files\swemancipation/prebuilt/source/learn/sysinclude" --c "D:\Program Files\swemancipation\prebuilt\source\learn\xip\src\init.c"
gcc -I"D:\Program Files\swemancipation/prebuilt/source/learn/xip/include" -I"D:\Program Files\swemancipation/prebuilt/source/learn/sysinclude" --c "D:\Program Files\swemancipation\prebuilt\source\learn\xip\src\pipeline.c"
gcc -I"D:\Program Files\swemancipation/prebuilt/source/learn/xip/include" -I"D:\Program Files\swemancipation/prebuilt/source/learn/sysinclude" --c "D:\Program Files\swemancipation\prebuilt\source\learn\xip\src\stage.c"
gcc -I"D:\Program Files\swemancipation/prebuilt/source/learn/xip/include" -I"D:\Program Files\swemancipation/prebuilt/source/learn/sysinclude" --c "D:\Program Files\swemancipation\prebuilt\source\learn\xip\src\xip.c"
