~bl~ File found in directory C:\Program Files\swemancipation/prebuilt/source/xerces.
cd "C:\Program Files\swemancipation/prebuilt/source/xerces"
javac -classpath "C:/jbuilder5/jdk1.3/jre/lib/rt.jar;C:\Program Files\swemancipation/prebuilt/source/xerces" "C:\Program Files\swemancipation\prebuilt\source\xerces\javax\xml\parsers\DocumentBuilder.java"
javac -classpath "C:/jbuilder5/jdk1.3/jre/lib/rt.jar;C:\Program Files\swemancipation/prebuilt/source/xerces" "C:\Program Files\swemancipation\prebuilt\source\xerces\javax\xml\parsers\DocumentBuilderFactory.java"
javac -classpath "C:/jbuilder5/jdk1.3/jre/lib/rt.jar;C:\Program Files\swemancipation/prebuilt/source/xerces" "C:\Program Files\swemancipation\prebuilt\source\xerces\javax\xml\parsers\FactoryConfigurationError.java"
javac -classpath "C:/jbuilder5/jdk1.3/jre/lib/rt.jar;C:\Program Files\swemancipation/prebuilt/source/xerces" "C:\Program Files\swemancipation\prebuilt\source\xerces\javax\xml\parsers\ParserConfigurationException.java"
javac -classpath "C:/jbuilder5/jdk1.3/jre/lib/rt.jar;C:\Program Files\swemancipation/prebuilt/source/xerces" "C:\Program Files\swemancipation\prebuilt\source\xerces\javax\xml\parsers\SAXParser.java"
javac -classpath "C:/jbuilder5/jdk1.3/jre/lib/rt.jar;C:\Program Files\swemancipation/prebuilt/source/xerces" "C:\Program Files\swemancipation\prebuilt\source\xerces\javax\xml\parsers\SAXParserFactory.java"
javac -classpath "C:/jbuilder5/jdk1.3/jre/lib/rt.jar;C:\Program Files\swemancipation/prebuilt/source/xerces" "C:\Program Files\swemancipation\prebuilt\source\xerces\org\apache\html\dom\HTMLAnchorElementImpl.java"
javac -classpath "C:/jbuilder5/jdk1.3/jre/lib/rt.jar;C:\Program Files\swemancipation/prebuilt/source/xerces" "C:\Program Files\swemancipation\prebuilt\source\xerces\org\apache\html\dom\HTMLAppletElementImpl.java"
javac -classpath "C:/jbuilder5/jdk1.3/jre/lib/rt.jar;C:\Program Files\swemancipation/prebuilt/source/xerces" "C:\Program Files\swemancipation\prebuilt\source\xerces\org\apache\html\dom\HTMLAreaElementImpl.java"
javac -classpath "C:/jbuilder5/jdk1.3/jre/lib/rt.jar;C:\Program Files\swemancipation/prebuilt/source/xerces" "C:\Program Files\swemancipation\prebuilt\source\xerces\org\apache\html\dom\HTMLBaseElementImpl.java"
javac -classpath "C:/jbuilder5/jdk1.3/jre/lib/rt.jar;C:\Program Files\swemancipation/prebuilt/source/xerces" "C:\Program Files\swemancipation\prebuilt\source\xerces\org\apache\html\dom\HTMLBaseFontElementImpl.java"
javac -classpath "C:/jbuilder5/jdk1.3/jre/lib/rt.jar;C:\Program Files\swemancipation/prebuilt/source/xerces" "C:\Program Files\swemancipation\prebuilt\source\xerces\org\apache\html\dom\HTMLBodyElementImpl.java"
javac -classpath "C:/jbuilder5/jdk1.3/jre/lib/rt.jar;C:\Program Files\swemancipation/prebuilt/source/xerces" "C:\Program Files\swemancipation\prebuilt\source\xerces\org\apache\html\dom\HTMLBRElementImpl.java"
javac -classpath "C:/jbuilder5/jdk1.3/jre/lib/rt.jar;C:\Program Files\swemancipation/prebuilt/source/xerces" "C:\Program Files\swemancipation\prebuilt\source\xerces\org\apache\html\dom\HTMLBuilder.java"
javac -classpath "C:/jbuilder5/jdk1.3/jre/lib/rt.jar;C:\Program Files\swemancipation/prebuilt/source/xerces" "C:\Program Files\swemancipation\prebuilt\source\xerces\org\apache\html\dom\HTMLButtonElementImpl.java"
javac -classpath "C:/jbuilder5/jdk1.3/jre/lib/rt.jar;C:\Program Files\swemancipation/prebuilt/source/xerces" "C:\Program Files\swemancipation\prebuilt\source\xerces\org\apache\html\dom\HTMLCollectionImpl.java"
javac -classpath "C:/jbuilder5/jdk1.3/jre/lib/rt.jar;C:\Program Files\swemancipation/prebuilt/source/xerces" "C:\Program Files\swemancipation\prebuilt\source\xerces\org\apache\html\dom\HTMLDirectoryElementImpl.java"
javac -classpath "C:/jbuilder5/jdk1.3/jre/lib/rt.jar;C:\Program Files\swemancipation/prebuilt/source/xerces" "C:\Program Files\swemancipation\prebuilt\source\xerces\org\apache\html\dom\HTMLDivElementImpl.java"
javac -classpath "C:/jbuilder5/jdk1.3/jre/lib/rt.jar;C:\Program Files\swemancipation/prebuilt/source/xerces" "C:\Program Files\swemancipation\prebuilt\source\xerces\org\apache\html\dom\HTMLDListElementImpl.java"
javac -classpath "C:/jbuilder5/jdk1.3/jre/lib/rt.jar;C:\Program Files\swemancipation/prebuilt/source/xerces" "C:\Program Files\swemancipation\prebuilt\source\xerces\org\apache\html\dom\HTMLDocumentImpl.java"
javac -classpath "C:/jbuilder5/jdk1.3/jre/lib/rt.jar;C:\Program Files\swemancipation/prebuilt/source/xerces" "C:\Program Files\swemancipation\prebuilt\source\xerces\org\apache\html\dom\HTMLDOMImplementationImpl.java"
javac -classpath "C:/jbuilder5/jdk1.3/jre/lib/rt.jar;C:\Program Files\swemancipation/prebuilt/source/xerces" "C:\Program Files\swemancipation\prebuilt\source\xerces\org\apache\html\dom\HTMLElementImpl.java"
javac -classpath "C:/jbuilder5/jdk1.3/jre/lib/rt.jar;C:\Program Files\swemancipation/prebuilt/source/xerces" "C:\Program Files\swemancipation\prebuilt\source\xerces\org\apache\html\dom\HTMLFieldSetElementImpl.java"
javac -classpath "C:/jbuilder5/jdk1.3/jre/lib/rt.jar;C:\Program Files\swemancipation/prebuilt/source/xerces" "C:\Program Files\swemancipation\prebuilt\source\xerces\org\apache\html\dom\HTMLFontElementImpl.java"
javac -classpath "C:/jbuilder5/jdk1.3/jre/lib/rt.jar;C:\Program Files\swemancipation/prebuilt/source/xerces" "C:\Program Files\swemancipation\prebuilt\source\xerces\org\apache\html\dom\HTMLFormControl.java"
javac -classpath "C:/jbuilder5/jdk1.3/jre/lib/rt.jar;C:\Program Files\swemancipation/prebuilt/source/xerces" "C:\Program Files\swemancipation\prebuilt\source\xerces\org\apache\html\dom\HTMLFormElementImpl.java"
javac -classpath "C:/jbuilder5/jdk1.3/jre/lib/rt.jar;C:\Program Files\swemancipation/prebuilt/source/xerces" "C:\Program Files\swemancipation\prebuilt\source\xerces\org\apache\html\dom\HTMLFrameElementImpl.java"
javac -classpath "C:/jbuilder5/jdk1.3/jre/lib/rt.jar;C:\Program Files\swemancipation/prebuilt/source/xerces" "C:\Program Files\swemancipation\prebuilt\source\xerces\org\apache\html\dom\HTMLFrameSetElementImpl.java"
javac -classpath "C:/jbuilder5/jdk1.3/jre/lib/rt.jar;C:\Program Files\swemancipation/prebuilt/source/xerces" "C:\Program Files\swemancipation\prebuilt\source\xerces\org\apache\html\dom\HTMLHeadElementImpl.java"
javac -classpath "C:/jbuilder5/jdk1.3/jre/lib/rt.jar;C:\Program Files\swemancipation/prebuilt/source/xerces" "C:\Program Files\swemancipation\prebuilt\source\xerces\org\apache\html\dom\HTMLHeadingElementImpl.java"
javac -classpath "C:/jbuilder5/jdk1.3/jre/lib/rt.jar;C:\Program Files\swemancipation/prebuilt/source/xerces" "C:\Program Files\swemancipation\prebuilt\source\xerces\org\apache\html\dom\HTMLHRElementImpl.java"
javac -classpath "C:/jbuilder5/jdk1.3/jre/lib/rt.jar;C:\Program Files\swemancipation/prebuilt/source/xerces" "C:\Program Files\swemancipation\prebuilt\source\xerces\org\apache\html\dom\HTMLHtmlElementImpl.java"
javac -classpath "C:/jbuilder5/jdk1.3/jre/lib/rt.jar;C:\Program Files\swemancipation/prebuilt/source/xerces" "C:\Program Files\swemancipation\prebuilt\source\xerces\org\apache\html\dom\HTMLIFrameElementImpl.java"
javac -classpath "C:/jbuilder5/jdk1.3/jre/lib/rt.jar;C:\Program Files\swemancipation/prebuilt/source/xerces" "C:\Program Files\swemancipation\prebuilt\source\xerces\org\apache\html\dom\HTMLImageElementImpl.java"
javac -classpath "C:/jbuilder5/jdk1.3/jre/lib/rt.jar;C:\Program Files\swemancipation/prebuilt/source/xerces" "C:\Program Files\swemancipation\prebuilt\source\xerces\org\apache\html\dom\HTMLInputElementImpl.java"
javac -classpath "C:/jbuilder5/jdk1.3/jre/lib/rt.jar;C:\Program Files\swemancipation/prebuilt/source/xerces" "C:\Program Files\swemancipation\prebuilt\source\xerces\org\apache\html\dom\HTMLIsIndexElementImpl.java"
javac -classpath "C:/jbuilder5/jdk1.3/jre/lib/rt.jar;C:\Program Files\swemancipation/prebuilt/source/xerces" "C:\Program Files\swemancipation\prebuilt\source\xerces\org\apache\html\dom\HTMLLabelElementImpl.java"
javac -classpath "C:/jbuilder5/jdk1.3/jre/lib/rt.jar;C:\Program Files\swemancipation/prebuilt/source/xerces" "C:\Program Files\swemancipation\prebuilt\source\xerces\org\apache\html\dom\HTMLLegendElementImpl.java"
javac -classpath "C:/jbuilder5/jdk1.3/jre/lib/rt.jar;C:\Program Files\swemancipation/prebuilt/source/xerces" "C:\Program Files\swemancipation\prebuilt\source\xerces\org\apache\html\dom\HTMLLIElementImpl.java"
javac -classpath "C:/jbuilder5/jdk1.3/jre/lib/rt.jar;C:\Program Files\swemancipation/prebuilt/source/xerces" "C:\Program Files\swemancipation\prebuilt\source\xerces\org\apache\html\dom\HTMLLinkElementImpl.java"
javac -classpath "C:/jbuilder5/jdk1.3/jre/lib/rt.jar;C:\Program Files\swemancipation/prebuilt/source/xerces" "C:\Program Files\swemancipation\prebuilt\source\xerces\org\apache\html\dom\HTMLMapElementImpl.java"
javac -classpath "C:/jbuilder5/jdk1.3/jre/lib/rt.jar;C:\Program Files\swemancipation/prebuilt/source/xerces" "C:\Program Files\swemancipation\prebuilt\source\xerces\org\apache\html\dom\HTMLMenuElementImpl.java"
javac -classpath "C:/jbuilder5/jdk1.3/jre/lib/rt.jar;C:\Program Files\swemancipation/prebuilt/source/xerces" "C:\Program Files\swemancipation\prebuilt\source\xerces\org\apache\html\dom\HTMLMetaElementImpl.java"
javac -classpath "C:/jbuilder5/jdk1.3/jre/lib/rt.jar;C:\Program Files\swemancipation/prebuilt/source/xerces" "C:\Program Files\swemancipation\prebuilt\source\xerces\org\apache\html\dom\HTMLModElementImpl.java"
javac -classpath "C:/jbuilder5/jdk1.3/jre/lib/rt.jar;C:\Program Files\swemancipation/prebuilt/source/xerces" "C:\Program Files\swemancipation\prebuilt\source\xerces\org\apache\html\dom\HTMLObjectElementImpl.java"
javac -classpath "C:/jbuilder5/jdk1.3/jre/lib/rt.jar;C:\Program Files\swemancipation/prebuilt/source/xerces" "C:\Program Files\swemancipation\prebuilt\source\xerces\org\apache\html\dom\HTMLOListElementImpl.java"
javac -classpath "C:/jbuilder5/jdk1.3/jre/lib/rt.jar;C:\Program Files\swemancipation/prebuilt/source/xerces" "C:\Program Files\swemancipation\prebuilt\source\xerces\org\apache\html\dom\HTMLOptGroupElementImpl.java"
javac -classpath "C:/jbuilder5/jdk1.3/jre/lib/rt.jar;C:\Program Files\swemancipation/prebuilt/source/xerces" "C:\Program Files\swemancipation\prebuilt\source\xerces\org\apache\html\dom\HTMLOptionElementImpl.java"
javac -classpath "C:/jbuilder5/jdk1.3/jre/lib/rt.jar;C:\Program Files\swemancipation/prebuilt/source/xerces" "C:\Program Files\swemancipation\prebuilt\source\xerces\org\apache\html\dom\HTMLParagraphElementImpl.java"
javac -classpath "C:/jbuilder5/jdk1.3/jre/lib/rt.jar;C:\Program Files\swemancipation/prebuilt/source/xerces" "C:\Program Files\swemancipation\prebuilt\source\xerces\org\apache\html\dom\HTMLParamElementImpl.java"
javac -classpath "C:/jbuilder5/jdk1.3/jre/lib/rt.jar;C:\Program Files\swemancipation/prebuilt/source/xerces" "C:\Program Files\swemancipation\prebuilt\source\xerces\org\apache\html\dom\HTMLPreElementImpl.java"
javac -classpath "C:/jbuilder5/jdk1.3/jre/lib/rt.jar;C:\Program Files\swemancipation/prebuilt/source/xerces" "C:\Program Files\swemancipation\prebuilt\source\xerces\org\apache\html\dom\HTMLQuoteElementImpl.java"
javac -classpath "C:/jbuilder5/jdk1.3/jre/lib/rt.jar;C:\Program Files\swemancipation/prebuilt/source/xerces" "C:\Program Files\swemancipation\prebuilt\source\xerces\org\apache\html\dom\HTMLScriptElementImpl.java"
javac -classpath "C:/jbuilder5/jdk1.3/jre/lib/rt.jar;C:\Program Files\swemancipation/prebuilt/source/xerces" "C:\Program Files\swemancipation\prebuilt\source\xerces\org\apache\html\dom\HTMLSelectElementImpl.java"
javac -classpath "C:/jbuilder5/jdk1.3/jre/lib/rt.jar;C:\Program Files\swemancipation/prebuilt/source/xerces" "C:\Program Files\swemancipation\prebuilt\source\xerces\org\apache\html\dom\HTMLStyleElementImpl.java"
javac -classpath "C:/jbuilder5/jdk1.3/jre/lib/rt.jar;C:\Program Files\swemancipation/prebuilt/source/xerces" "C:\Program Files\swemancipation\prebuilt\source\xerces\org\apache\html\dom\HTMLTableCaptionElementImpl.java"
javac -classpath "C:/jbuilder5/jdk1.3/jre/lib/rt.jar;C:\Program Files\swemancipation/prebuilt/source/xerces" "C:\Program Files\swemancipation\prebuilt\source\xerces\org\apache\html\dom\HTMLTableCellElementImpl.java"
javac -classpath "C:/jbuilder5/jdk1.3/jre/lib/rt.jar;C:\Program Files\swemancipation/prebuilt/source/xerces" "C:\Program Files\swemancipation\prebuilt\source\xerces\org\apache\html\dom\HTMLTableColElementImpl.java"
javac -classpath "C:/jbuilder5/jdk1.3/jre/lib/rt.jar;C:\Program Files\swemancipation/prebuilt/source/xerces" "C:\Program Files\swemancipation\prebuilt\source\xerces\org\apache\html\dom\HTMLTableElementImpl.java"
javac -classpath "C:/jbuilder5/jdk1.3/jre/lib/rt.jar;C:\Program Files\swemancipation/prebuilt/source/xerces" "C:\Program Files\swemancipation\prebuilt\source\xerces\org\apache\html\dom\HTMLTableRowElementImpl.java"
javac -classpath "C:/jbuilder5/jdk1.3/jre/lib/rt.jar;C:\Program Files\swemancipation/prebuilt/source/xerces" "C:\Program Files\swemancipation\prebuilt\source\xerces\org\apache\html\dom\HTMLTableSectionElementImpl.java"
javac -classpath "C:/jbuilder5/jdk1.3/jre/lib/rt.jar;C:\Program Files\swemancipation/prebuilt/source/xerces" "C:\Program Files\swemancipation\prebuilt\source\xerces\org\apache\html\dom\HTMLTextAreaElementImpl.java"
javac -classpath "C:/jbuilder5/jdk1.3/jre/lib/rt.jar;C:\Program Files\swemancipation/prebuilt/source/xerces" "C:\Program Files\swemancipation\prebuilt\source\xerces\org\apache\html\dom\HTMLTitleElementImpl.java"
javac -classpath "C:/jbuilder5/jdk1.3/jre/lib/rt.jar;C:\Program Files\swemancipation/prebuilt/source/xerces" "C:\Program Files\swemancipation\prebuilt\source\xerces\org\apache\html\dom\HTMLUListElementImpl.java"
javac -classpath "C:/jbuilder5/jdk1.3/jre/lib/rt.jar;C:\Program Files\swemancipation/prebuilt/source/xerces" "C:\Program Files\swemancipation\prebuilt\source\xerces\org\apache\html\dom\NameNodeListImpl.java"
javac -classpath "C:/jbuilder5/jdk1.3/jre/lib/rt.jar;C:\Program Files\swemancipation/prebuilt/source/xerces" "C:\Program Files\swemancipation\prebuilt\source\xerces\org\apache\wml\WMLAccessElement.java"
javac -classpath "C:/jbuilder5/jdk1.3/jre/lib/rt.jar;C:\Program Files\swemancipation/prebuilt/source/xerces" "C:\Program Files\swemancipation\prebuilt\source\xerces\org\apache\wml\WMLAElement.java"
javac -classpath "C:/jbuilder5/jdk1.3/jre/lib/rt.jar;C:\Program Files\swemancipation/prebuilt/source/xerces" "C:\Program Files\swemancipation\prebuilt\source\xerces\org\apache\wml\WMLAnchorElement.java"
javac -classpath "C:/jbuilder5/jdk1.3/jre/lib/rt.jar;C:\Program Files\swemancipation/prebuilt/source/xerces" "C:\Program Files\swemancipation\prebuilt\source\xerces\org\apache\wml\WMLBElement.java"
javac -classpath "C:/jbuilder5/jdk1.3/jre/lib/rt.jar;C:\Program Files\swemancipation/prebuilt/source/xerces" "C:\Program Files\swemancipation\prebuilt\source\xerces\org\apache\wml\WMLBigElement.java"
javac -classpath "C:/jbuilder5/jdk1.3/jre/lib/rt.jar;C:\Program Files\swemancipation/prebuilt/source/xerces" "C:\Program Files\swemancipation\prebuilt\source\xerces\org\apache\wml\WMLBrElement.java"
javac -classpath "C:/jbuilder5/jdk1.3/jre/lib/rt.jar;C:\Program Files\swemancipation/prebuilt/source/xerces" "C:\Program Files\swemancipation\prebuilt\source\xerces\org\apache\wml\WMLCardElement.java"
javac -classpath "C:/jbuilder5/jdk1.3/jre/lib/rt.jar;C:\Program Files\swemancipation/prebuilt/source/xerces" "C:\Program Files\swemancipation\prebuilt\source\xerces\org\apache\wml\WMLDocument.java"
javac -classpath "C:/jbuilder5/jdk1.3/jre/lib/rt.jar;C:\Program Files\swemancipation/prebuilt/source/xerces" "C:\Program Files\swemancipation\prebuilt\source\xerces\org\apache\wml\WMLDoElement.java"
javac -classpath "C:/jbuilder5/jdk1.3/jre/lib/rt.jar;C:\Program Files\swemancipation/prebuilt/source/xerces" "C:\Program Files\swemancipation\prebuilt\source\xerces\org\apache\wml\WMLDOMImplementation.java"
javac -classpath "C:/jbuilder5/jdk1.3/jre/lib/rt.jar;C:\Program Files\swemancipation/prebuilt/source/xerces" "C:\Program Files\swemancipation\prebuilt\source\xerces\org\apache\wml\WMLElement.java"
javac -classpath "C:/jbuilder5/jdk1.3/jre/lib/rt.jar;C:\Program Files\swemancipation/prebuilt/source/xerces" "C:\Program Files\swemancipation\prebuilt\source\xerces\org\apache\wml\WMLEmElement.java"
javac -classpath "C:/jbuilder5/jdk1.3/jre/lib/rt.jar;C:\Program Files\swemancipation/prebuilt/source/xerces" "C:\Program Files\swemancipation\prebuilt\source\xerces\org\apache\wml\WMLFieldsetElement.java"
javac -classpath "C:/jbuilder5/jdk1.3/jre/lib/rt.jar;C:\Program Files\swemancipation/prebuilt/source/xerces" "C:\Program Files\swemancipation\prebuilt\source\xerces\org\apache\wml\WMLGoElement.java"
javac -classpath "C:/jbuilder5/jdk1.3/jre/lib/rt.jar;C:\Program Files\swemancipation/prebuilt/source/xerces" "C:\Program Files\swemancipation\prebuilt\source\xerces\org\apache\wml\WMLHeadElement.java"
javac -classpath "C:/jbuilder5/jdk1.3/jre/lib/rt.jar;C:\Program Files\swemancipation/prebuilt/source/xerces" "C:\Program Files\swemancipation\prebuilt\source\xerces\org\apache\wml\WMLIElement.java"
javac -classpath "C:/jbuilder5/jdk1.3/jre/lib/rt.jar;C:\Program Files\swemancipation/prebuilt/source/xerces" "C:\Program Files\swemancipation\prebuilt\source\xerces\org\apache\wml\WMLImgElement.java"
javac -classpath "C:/jbuilder5/jdk1.3/jre/lib/rt.jar;C:\Program Files\swemancipation/prebuilt/source/xerces" "C:\Program Files\swemancipation\prebuilt\source\xerces\org\apache\wml\WMLInputElement.java"
javac -classpath "C:/jbuilder5/jdk1.3/jre/lib/rt.jar;C:\Program Files\swemancipation/prebuilt/source/xerces" "C:\Program Files\swemancipation\prebuilt\source\xerces\org\apache\wml\WMLMetaElement.java"
javac -classpath "C:/jbuilder5/jdk1.3/jre/lib/rt.jar;C:\Program Files\swemancipation/prebuilt/source/xerces" "C:\Program Files\swemancipation\prebuilt\source\xerces\org\apache\wml\WMLNoopElement.java"
javac -classpath "C:/jbuilder5/jdk1.3/jre/lib/rt.jar;C:\Program Files\swemancipation/prebuilt/source/xerces" "C:\Program Files\swemancipation\prebuilt\source\xerces\org\apache\wml\WMLOneventElement.java"
javac -classpath "C:/jbuilder5/jdk1.3/jre/lib/rt.jar;C:\Program Files\swemancipation/prebuilt/source/xerces" "C:\Program Files\swemancipation\prebuilt\source\xerces\org\apache\wml\WMLOptgroupElement.java"
javac -classpath "C:/jbuilder5/jdk1.3/jre/lib/rt.jar;C:\Program Files\swemancipation/prebuilt/source/xerces" "C:\Program Files\swemancipation\prebuilt\source\xerces\org\apache\wml\WMLOptionElement.java"
javac -classpath "C:/jbuilder5/jdk1.3/jre/lib/rt.jar;C:\Program Files\swemancipation/prebuilt/source/xerces" "C:\Program Files\swemancipation\prebuilt\source\xerces\org\apache\wml\WMLPElement.java"
javac -classpath "C:/jbuilder5/jdk1.3/jre/lib/rt.jar;C:\Program Files\swemancipation/prebuilt/source/xerces" "C:\Program Files\swemancipation\prebuilt\source\xerces\org\apache\wml\WMLPostfieldElement.java"
javac -classpath "C:/jbuilder5/jdk1.3/jre/lib/rt.jar;C:\Program Files\swemancipation/prebuilt/source/xerces" "C:\Program Files\swemancipation\prebuilt\source\xerces\org\apache\wml\WMLPrevElement.java"
javac -classpath "C:/jbuilder5/jdk1.3/jre/lib/rt.jar;C:\Program Files\swemancipation/prebuilt/source/xerces" "C:\Program Files\swemancipation\prebuilt\source\xerces\org\apache\wml\WMLRefreshElement.java"
javac -classpath "C:/jbuilder5/jdk1.3/jre/lib/rt.jar;C:\Program Files\swemancipation/prebuilt/source/xerces" "C:\Program Files\swemancipation\prebuilt\source\xerces\org\apache\wml\WMLSelectElement.java"
javac -classpath "C:/jbuilder5/jdk1.3/jre/lib/rt.jar;C:\Program Files\swemancipation/prebuilt/source/xerces" "C:\Program Files\swemancipation\prebuilt\source\xerces\org\apache\wml\WMLSetvarElement.java"
javac -classpath "C:/jbuilder5/jdk1.3/jre/lib/rt.jar;C:\Program Files\swemancipation/prebuilt/source/xerces" "C:\Program Files\swemancipation\prebuilt\source\xerces\org\apache\wml\WMLSmallElement.java"
javac -classpath "C:/jbuilder5/jdk1.3/jre/lib/rt.jar;C:\Program Files\swemancipation/prebuilt/source/xerces" "C:\Program Files\swemancipation\prebuilt\source\xerces\org\apache\wml\WMLStrongElement.java"
javac -classpath "C:/jbuilder5/jdk1.3/jre/lib/rt.jar;C:\Program Files\swemancipation/prebuilt/source/xerces" "C:\Program Files\swemancipation\prebuilt\source\xerces\org\apache\wml\WMLTableElement.java"
javac -classpath "C:/jbuilder5/jdk1.3/jre/lib/rt.jar;C:\Program Files\swemancipation/prebuilt/source/xerces" "C:\Program Files\swemancipation\prebuilt\source\xerces\org\apache\wml\WMLTdElement.java"
javac -classpath "C:/jbuilder5/jdk1.3/jre/lib/rt.jar;C:\Program Files\swemancipation/prebuilt/source/xerces" "C:\Program Files\swemancipation\prebuilt\source\xerces\org\apache\wml\WMLTemplateElement.java"
javac -classpath "C:/jbuilder5/jdk1.3/jre/lib/rt.jar;C:\Program Files\swemancipation/prebuilt/source/xerces" "C:\Program Files\swemancipation\prebuilt\source\xerces\org\apache\wml\WMLTimerElement.java"
javac -classpath "C:/jbuilder5/jdk1.3/jre/lib/rt.jar;C:\Program Files\swemancipation/prebuilt/source/xerces" "C:\Program Files\swemancipation\prebuilt\source\xerces\org\apache\wml\WMLTrElement.java"
javac -classpath "C:/jbuilder5/jdk1.3/jre/lib/rt.jar;C:\Program Files\swemancipation/prebuilt/source/xerces" "C:\Program Files\swemancipation\prebuilt\source\xerces\org\apache\wml\WMLUElement.java"
javac -classpath "C:/jbuilder5/jdk1.3/jre/lib/rt.jar;C:\Program Files\swemancipation/prebuilt/source/xerces" "C:\Program Files\swemancipation\prebuilt\source\xerces\org\apache\wml\WMLWmlElement.java"
javac -classpath "C:/jbuilder5/jdk1.3/jre/lib/rt.jar;C:\Program Files\swemancipation/prebuilt/source/xerces" "C:\Program Files\swemancipation\prebuilt\source\xerces\org\apache\wml\dom\WMLAccessElementImpl.java"
javac -classpath "C:/jbuilder5/jdk1.3/jre/lib/rt.jar;C:\Program Files\swemancipation/prebuilt/source/xerces" "C:\Program Files\swemancipation\prebuilt\source\xerces\org\apache\wml\dom\WMLAElementImpl.java"
javac -classpath "C:/jbuilder5/jdk1.3/jre/lib/rt.jar;C:\Program Files\swemancipation/prebuilt/source/xerces" "C:\Program Files\swemancipation\prebuilt\source\xerces\org\apache\wml\dom\WMLAnchorElementImpl.java"
javac -classpath "C:/jbuilder5/jdk1.3/jre/lib/rt.jar;C:\Program Files\swemancipation/prebuilt/source/xerces" "C:\Program Files\swemancipation\prebuilt\source\xerces\org\apache\wml\dom\WMLBElementImpl.java"
javac -classpath "C:/jbuilder5/jdk1.3/jre/lib/rt.jar;C:\Program Files\swemancipation/prebuilt/source/xerces" "C:\Program Files\swemancipation\prebuilt\source\xerces\org\apache\wml\dom\WMLBigElementImpl.java"
javac -classpath "C:/jbuilder5/jdk1.3/jre/lib/rt.jar;C:\Program Files\swemancipation/prebuilt/source/xerces" "C:\Program Files\swemancipation\prebuilt\source\xerces\org\apache\wml\dom\WMLBrElementImpl.java"
javac -classpath "C:/jbuilder5/jdk1.3/jre/lib/rt.jar;C:\Program Files\swemancipation/prebuilt/source/xerces" "C:\Program Files\swemancipation\prebuilt\source\xerces\org\apache\wml\dom\WMLCardElementImpl.java"
javac -classpath "C:/jbuilder5/jdk1.3/jre/lib/rt.jar;C:\Program Files\swemancipation/prebuilt/source/xerces" "C:\Program Files\swemancipation\prebuilt\source\xerces\org\apache\wml\dom\WMLDocumentImpl.java"
javac -classpath "C:/jbuilder5/jdk1.3/jre/lib/rt.jar;C:\Program Files\swemancipation/prebuilt/source/xerces" "C:\Program Files\swemancipation\prebuilt\source\xerces\org\apache\wml\dom\WMLDoElementImpl.java"
javac -classpath "C:/jbuilder5/jdk1.3/jre/lib/rt.jar;C:\Program Files\swemancipation/prebuilt/source/xerces" "C:\Program Files\swemancipation\prebuilt\source\xerces\org\apache\wml\dom\WMLDOMImplementationImpl.java"
javac -classpath "C:/jbuilder5/jdk1.3/jre/lib/rt.jar;C:\Program Files\swemancipation/prebuilt/source/xerces" "C:\Program Files\swemancipation\prebuilt\source\xerces\org\apache\wml\dom\WMLElementImpl.java"
javac -classpath "C:/jbuilder5/jdk1.3/jre/lib/rt.jar;C:\Program Files\swemancipation/prebuilt/source/xerces" "C:\Program Files\swemancipation\prebuilt\source\xerces\org\apache\wml\dom\WMLEmElementImpl.java"
javac -classpath "C:/jbuilder5/jdk1.3/jre/lib/rt.jar;C:\Program Files\swemancipation/prebuilt/source/xerces" "C:\Program Files\swemancipation\prebuilt\source\xerces\org\apache\wml\dom\WMLFieldsetElementImpl.java"
javac -classpath "C:/jbuilder5/jdk1.3/jre/lib/rt.jar;C:\Program Files\swemancipation/prebuilt/source/xerces" "C:\Program Files\swemancipation\prebuilt\source\xerces\org\apache\wml\dom\WMLGoElementImpl.java"
javac -classpath "C:/jbuilder5/jdk1.3/jre/lib/rt.jar;C:\Program Files\swemancipation/prebuilt/source/xerces" "C:\Program Files\swemancipation\prebuilt\source\xerces\org\apache\wml\dom\WMLHeadElementImpl.java"
javac -classpath "C:/jbuilder5/jdk1.3/jre/lib/rt.jar;C:\Program Files\swemancipation/prebuilt/source/xerces" "C:\Program Files\swemancipation\prebuilt\source\xerces\org\apache\wml\dom\WMLIElementImpl.java"
javac -classpath "C:/jbuilder5/jdk1.3/jre/lib/rt.jar;C:\Program Files\swemancipation/prebuilt/source/xerces" "C:\Program Files\swemancipation\prebuilt\source\xerces\org\apache\wml\dom\WMLImgElementImpl.java"
javac -classpath "C:/jbuilder5/jdk1.3/jre/lib/rt.jar;C:\Program Files\swemancipation/prebuilt/source/xerces" "C:\Program Files\swemancipation\prebuilt\source\xerces\org\apache\wml\dom\WMLInputElementImpl.java"
javac -classpath "C:/jbuilder5/jdk1.3/jre/lib/rt.jar;C:\Program Files\swemancipation/prebuilt/source/xerces" "C:\Program Files\swemancipation\prebuilt\source\xerces\org\apache\wml\dom\WMLMetaElementImpl.java"
javac -classpath "C:/jbuilder5/jdk1.3/jre/lib/rt.jar;C:\Program Files\swemancipation/prebuilt/source/xerces" "C:\Program Files\swemancipation\prebuilt\source\xerces\org\apache\wml\dom\WMLNoopElementImpl.java"
javac -classpath "C:/jbuilder5/jdk1.3/jre/lib/rt.jar;C:\Program Files\swemancipation/prebuilt/source/xerces" "C:\Program Files\swemancipation\prebuilt\source\xerces\org\apache\wml\dom\WMLOneventElementImpl.java"
javac -classpath "C:/jbuilder5/jdk1.3/jre/lib/rt.jar;C:\Program Files\swemancipation/prebuilt/source/xerces" "C:\Program Files\swemancipation\prebuilt\source\xerces\org\apache\wml\dom\WMLOptgroupElementImpl.java"
javac -classpath "C:/jbuilder5/jdk1.3/jre/lib/rt.jar;C:\Program Files\swemancipation/prebuilt/source/xerces" "C:\Program Files\swemancipation\prebuilt\source\xerces\org\apache\wml\dom\WMLOptionElementImpl.java"
javac -classpath "C:/jbuilder5/jdk1.3/jre/lib/rt.jar;C:\Program Files\swemancipation/prebuilt/source/xerces" "C:\Program Files\swemancipation\prebuilt\source\xerces\org\apache\wml\dom\WMLPElementImpl.java"
javac -classpath "C:/jbuilder5/jdk1.3/jre/lib/rt.jar;C:\Program Files\swemancipation/prebuilt/source/xerces" "C:\Program Files\swemancipation\prebuilt\source\xerces\org\apache\wml\dom\WMLPostfieldElementImpl.java"
javac -classpath "C:/jbuilder5/jdk1.3/jre/lib/rt.jar;C:\Program Files\swemancipation/prebuilt/source/xerces" "C:\Program Files\swemancipation\prebuilt\source\xerces\org\apache\wml\dom\WMLPrevElementImpl.java"
javac -classpath "C:/jbuilder5/jdk1.3/jre/lib/rt.jar;C:\Program Files\swemancipation/prebuilt/source/xerces" "C:\Program Files\swemancipation\prebuilt\source\xerces\org\apache\wml\dom\WMLRefreshElementImpl.java"
javac -classpath "C:/jbuilder5/jdk1.3/jre/lib/rt.jar;C:\Program Files\swemancipation/prebuilt/source/xerces" "C:\Program Files\swemancipation\prebuilt\source\xerces\org\apache\wml\dom\WMLSelectElementImpl.java"
javac -classpath "C:/jbuilder5/jdk1.3/jre/lib/rt.jar;C:\Program Files\swemancipation/prebuilt/source/xerces" "C:\Program Files\swemancipation\prebuilt\source\xerces\org\apache\wml\dom\WMLSetvarElementImpl.java"
javac -classpath "C:/jbuilder5/jdk1.3/jre/lib/rt.jar;C:\Program Files\swemancipation/prebuilt/source/xerces" "C:\Program Files\swemancipation\prebuilt\source\xerces\org\apache\wml\dom\WMLSmallElementImpl.java"
javac -classpath "C:/jbuilder5/jdk1.3/jre/lib/rt.jar;C:\Program Files\swemancipation/prebuilt/source/xerces" "C:\Program Files\swemancipation\prebuilt\source\xerces\org\apache\wml\dom\WMLStrongElementImpl.java"
javac -classpath "C:/jbuilder5/jdk1.3/jre/lib/rt.jar;C:\Program Files\swemancipation/prebuilt/source/xerces" "C:\Program Files\swemancipation\prebuilt\source\xerces\org\apache\wml\dom\WMLTableElementImpl.java"
javac -classpath "C:/jbuilder5/jdk1.3/jre/lib/rt.jar;C:\Program Files\swemancipation/prebuilt/source/xerces" "C:\Program Files\swemancipation\prebuilt\source\xerces\org\apache\wml\dom\WMLTdElementImpl.java"
javac -classpath "C:/jbuilder5/jdk1.3/jre/lib/rt.jar;C:\Program Files\swemancipation/prebuilt/source/xerces" "C:\Program Files\swemancipation\prebuilt\source\xerces\org\apache\wml\dom\WMLTemplateElementImpl.java"
javac -classpath "C:/jbuilder5/jdk1.3/jre/lib/rt.jar;C:\Program Files\swemancipation/prebuilt/source/xerces" "C:\Program Files\swemancipation\prebuilt\source\xerces\org\apache\wml\dom\WMLTimerElementImpl.java"
javac -classpath "C:/jbuilder5/jdk1.3/jre/lib/rt.jar;C:\Program Files\swemancipation/prebuilt/source/xerces" "C:\Program Files\swemancipation\prebuilt\source\xerces\org\apache\wml\dom\WMLTrElementImpl.java"
javac -classpath "C:/jbuilder5/jdk1.3/jre/lib/rt.jar;C:\Program Files\swemancipation/prebuilt/source/xerces" "C:\Program Files\swemancipation\prebuilt\source\xerces\org\apache\wml\dom\WMLUElementImpl.java"
javac -classpath "C:/jbuilder5/jdk1.3/jre/lib/rt.jar;C:\Program Files\swemancipation/prebuilt/source/xerces" "C:\Program Files\swemancipation\prebuilt\source\xerces\org\apache\wml\dom\WMLWmlElementImpl.java"
javac -classpath "C:/jbuilder5/jdk1.3/jre/lib/rt.jar;C:\Program Files\swemancipation/prebuilt/source/xerces" "C:\Program Files\swemancipation\prebuilt\source\xerces\org\apache\xerces\dom\AttributeMap.java"
javac -classpath "C:/jbuilder5/jdk1.3/jre/lib/rt.jar;C:\Program Files\swemancipation/prebuilt/source/xerces" "C:\Program Files\swemancipation\prebuilt\source\xerces\org\apache\xerces\dom\AttrImpl.java"
javac -classpath "C:/jbuilder5/jdk1.3/jre/lib/rt.jar;C:\Program Files\swemancipation/prebuilt/source/xerces" "C:\Program Files\swemancipation\prebuilt\source\xerces\org\apache\xerces\dom\AttrNSImpl.java"
javac -classpath "C:/jbuilder5/jdk1.3/jre/lib/rt.jar;C:\Program Files\swemancipation/prebuilt/source/xerces" "C:\Program Files\swemancipation\prebuilt\source\xerces\org\apache\xerces\dom\CDATASectionImpl.java"
javac -classpath "C:/jbuilder5/jdk1.3/jre/lib/rt.jar;C:\Program Files\swemancipation/prebuilt/source/xerces" "C:\Program Files\swemancipation\prebuilt\source\xerces\org\apache\xerces\dom\CharacterDataImpl.java"
javac -classpath "C:/jbuilder5/jdk1.3/jre/lib/rt.jar;C:\Program Files\swemancipation/prebuilt/source/xerces" "C:\Program Files\swemancipation\prebuilt\source\xerces\org\apache\xerces\dom\ChildNode.java"
javac -classpath "C:/jbuilder5/jdk1.3/jre/lib/rt.jar;C:\Program Files\swemancipation/prebuilt/source/xerces" "C:\Program Files\swemancipation\prebuilt\source\xerces\org\apache\xerces\dom\CommentImpl.java"
javac -classpath "C:/jbuilder5/jdk1.3/jre/lib/rt.jar;C:\Program Files\swemancipation/prebuilt/source/xerces" "C:\Program Files\swemancipation\prebuilt\source\xerces\org\apache\xerces\dom\DeepNodeListImpl.java"
javac -classpath "C:/jbuilder5/jdk1.3/jre/lib/rt.jar;C:\Program Files\swemancipation/prebuilt/source/xerces" "C:\Program Files\swemancipation\prebuilt\source\xerces\org\apache\xerces\dom\DeferredAttrImpl.java"
javac -classpath "C:/jbuilder5/jdk1.3/jre/lib/rt.jar;C:\Program Files\swemancipation/prebuilt/source/xerces" "C:\Program Files\swemancipation\prebuilt\source\xerces\org\apache\xerces\dom\DeferredAttrNSImpl.java"
javac -classpath "C:/jbuilder5/jdk1.3/jre/lib/rt.jar;C:\Program Files\swemancipation/prebuilt/source/xerces" "C:\Program Files\swemancipation\prebuilt\source\xerces\org\apache\xerces\dom\DeferredCDATASectionImpl.java"
javac -classpath "C:/jbuilder5/jdk1.3/jre/lib/rt.jar;C:\Program Files\swemancipation/prebuilt/source/xerces" "C:\Program Files\swemancipation\prebuilt\source\xerces\org\apache\xerces\dom\DeferredCommentImpl.java"
javac -classpath "C:/jbuilder5/jdk1.3/jre/lib/rt.jar;C:\Program Files\swemancipation/prebuilt/source/xerces" "C:\Program Files\swemancipation\prebuilt\source\xerces\org\apache\xerces\dom\DeferredDocumentImpl.java"
javac -classpath "C:/jbuilder5/jdk1.3/jre/lib/rt.jar;C:\Program Files\swemancipation/prebuilt/source/xerces" "C:\Program Files\swemancipation\prebuilt\source\xerces\org\apache\xerces\dom\DeferredDocumentTypeImpl.java"
javac -classpath "C:/jbuilder5/jdk1.3/jre/lib/rt.jar;C:\Program Files\swemancipation/prebuilt/source/xerces" "C:\Program Files\swemancipation\prebuilt\source\xerces\org\apache\xerces\dom\DeferredElementDefinitionImpl.java"
javac -classpath "C:/jbuilder5/jdk1.3/jre/lib/rt.jar;C:\Program Files\swemancipation/prebuilt/source/xerces" "C:\Program Files\swemancipation\prebuilt\source\xerces\org\apache\xerces\dom\DeferredElementImpl.java"
javac -classpath "C:/jbuilder5/jdk1.3/jre/lib/rt.jar;C:\Program Files\swemancipation/prebuilt/source/xerces" "C:\Program Files\swemancipation\prebuilt\source\xerces\org\apache\xerces\dom\DeferredElementNSImpl.java"
javac -classpath "C:/jbuilder5/jdk1.3/jre/lib/rt.jar;C:\Program Files\swemancipation/prebuilt/source/xerces" "C:\Program Files\swemancipation\prebuilt\source\xerces\org\apache\xerces\dom\DeferredEntityImpl.java"
javac -classpath "C:/jbuilder5/jdk1.3/jre/lib/rt.jar;C:\Program Files\swemancipation/prebuilt/source/xerces" "C:\Program Files\swemancipation\prebuilt\source\xerces\org\apache\xerces\dom\DeferredEntityReferenceImpl.java"
javac -classpath "C:/jbuilder5/jdk1.3/jre/lib/rt.jar;C:\Program Files\swemancipation/prebuilt/source/xerces" "C:\Program Files\swemancipation\prebuilt\source\xerces\org\apache\xerces\dom\DeferredNode.java"
javac -classpath "C:/jbuilder5/jdk1.3/jre/lib/rt.jar;C:\Program Files\swemancipation/prebuilt/source/xerces" "C:\Program Files\swemancipation\prebuilt\source\xerces\org\apache\xerces\dom\DeferredNotationImpl.java"
javac -classpath "C:/jbuilder5/jdk1.3/jre/lib/rt.jar;C:\Program Files\swemancipation/prebuilt/source/xerces" "C:\Program Files\swemancipation\prebuilt\source\xerces\org\apache\xerces\dom\DeferredProcessingInstructionImpl.java"
javac -classpath "C:/jbuilder5/jdk1.3/jre/lib/rt.jar;C:\Program Files\swemancipation/prebuilt/source/xerces" "C:\Program Files\swemancipation\prebuilt\source\xerces\org\apache\xerces\dom\DeferredTextImpl.java"
javac -classpath "C:/jbuilder5/jdk1.3/jre/lib/rt.jar;C:\Program Files\swemancipation/prebuilt/source/xerces" "C:\Program Files\swemancipation\prebuilt\source\xerces\org\apache\xerces\dom\DocumentFragmentImpl.java"
javac -classpath "C:/jbuilder5/jdk1.3/jre/lib/rt.jar;C:\Program Files\swemancipation/prebuilt/source/xerces" "C:\Program Files\swemancipation\prebuilt\source\xerces\org\apache\xerces\dom\DocumentImpl.java"
javac -classpath "C:/jbuilder5/jdk1.3/jre/lib/rt.jar;C:\Program Files\swemancipation/prebuilt/source/xerces" "C:\Program Files\swemancipation\prebuilt\source\xerces\org\apache\xerces\dom\DocumentTypeImpl.java"
javac -classpath "C:/jbuilder5/jdk1.3/jre/lib/rt.jar;C:\Program Files\swemancipation/prebuilt/source/xerces" "C:\Program Files\swemancipation\prebuilt\source\xerces\org\apache\xerces\dom\DOMImplementationImpl.java"
javac -classpath "C:/jbuilder5/jdk1.3/jre/lib/rt.jar;C:\Program Files\swemancipation/prebuilt/source/xerces" "C:\Program Files\swemancipation\prebuilt\source\xerces\org\apache\xerces\dom\ElementDefinitionImpl.java"
javac -classpath "C:/jbuilder5/jdk1.3/jre/lib/rt.jar;C:\Program Files\swemancipation/prebuilt/source/xerces" "C:\Program Files\swemancipation\prebuilt\source\xerces\org\apache\xerces\dom\ElementImpl.java"
javac -classpath "C:/jbuilder5/jdk1.3/jre/lib/rt.jar;C:\Program Files\swemancipation/prebuilt/source/xerces" "C:\Program Files\swemancipation\prebuilt\source\xerces\org\apache\xerces\dom\ElementNSImpl.java"
javac -classpath "C:/jbuilder5/jdk1.3/jre/lib/rt.jar;C:\Program Files\swemancipation/prebuilt/source/xerces" "C:\Program Files\swemancipation\prebuilt\source\xerces\org\apache\xerces\dom\EntityImpl.java"
javac -classpath "C:/jbuilder5/jdk1.3/jre/lib/rt.jar;C:\Program Files\swemancipation/prebuilt/source/xerces" "C:\Program Files\swemancipation\prebuilt\source\xerces\org\apache\xerces\dom\EntityReferenceImpl.java"
javac -classpath "C:/jbuilder5/jdk1.3/jre/lib/rt.jar;C:\Program Files\swemancipation/prebuilt/source/xerces" "C:\Program Files\swemancipation\prebuilt\source\xerces\org\apache\xerces\dom\LCount.java"
javac -classpath "C:/jbuilder5/jdk1.3/jre/lib/rt.jar;C:\Program Files\swemancipation/prebuilt/source/xerces" "C:\Program Files\swemancipation\prebuilt\source\xerces\org\apache\xerces\dom\NamedNodeMapImpl.java"
javac -classpath "C:/jbuilder5/jdk1.3/jre/lib/rt.jar;C:\Program Files\swemancipation/prebuilt/source/xerces" "C:\Program Files\swemancipation\prebuilt\source\xerces\org\apache\xerces\dom\NodeImpl.java"
javac -classpath "C:/jbuilder5/jdk1.3/jre/lib/rt.jar;C:\Program Files\swemancipation/prebuilt/source/xerces" "C:\Program Files\swemancipation\prebuilt\source\xerces\org\apache\xerces\dom\NodeIteratorImpl.java"
javac -classpath "C:/jbuilder5/jdk1.3/jre/lib/rt.jar;C:\Program Files\swemancipation/prebuilt/source/xerces" "C:\Program Files\swemancipation\prebuilt\source\xerces\org\apache\xerces\dom\NotationImpl.java"
javac -classpath "C:/jbuilder5/jdk1.3/jre/lib/rt.jar;C:\Program Files\swemancipation/prebuilt/source/xerces" "C:\Program Files\swemancipation\prebuilt\source\xerces\org\apache\xerces\dom\ParentNode.java"
javac -classpath "C:/jbuilder5/jdk1.3/jre/lib/rt.jar;C:\Program Files\swemancipation/prebuilt/source/xerces" "C:\Program Files\swemancipation\prebuilt\source\xerces\org\apache\xerces\dom\ProcessingInstructionImpl.java"
javac -classpath "C:/jbuilder5/jdk1.3/jre/lib/rt.jar;C:\Program Files\swemancipation/prebuilt/source/xerces" "C:\Program Files\swemancipation\prebuilt\source\xerces\org\apache\xerces\dom\RangeExceptionImpl.java"
javac -classpath "C:/jbuilder5/jdk1.3/jre/lib/rt.jar;C:\Program Files\swemancipation/prebuilt/source/xerces" "C:\Program Files\swemancipation\prebuilt\source\xerces\org\apache\xerces\dom\RangeImpl.java"
javac -classpath "C:/jbuilder5/jdk1.3/jre/lib/rt.jar;C:\Program Files\swemancipation/prebuilt/source/xerces" "C:\Program Files\swemancipation\prebuilt\source\xerces\org\apache\xerces\dom\TextImpl.java"
javac -classpath "C:/jbuilder5/jdk1.3/jre/lib/rt.jar;C:\Program Files\swemancipation/prebuilt/source/xerces" "C:\Program Files\swemancipation\prebuilt\source\xerces\org\apache\xerces\dom\TreeWalkerImpl.java"
javac -classpath "C:/jbuilder5/jdk1.3/jre/lib/rt.jar;C:\Program Files\swemancipation/prebuilt/source/xerces" "C:\Program Files\swemancipation\prebuilt\source\xerces\org\apache\xerces\dom\events\EventImpl.java"
javac -classpath "C:/jbuilder5/jdk1.3/jre/lib/rt.jar;C:\Program Files\swemancipation/prebuilt/source/xerces" "C:\Program Files\swemancipation\prebuilt\source\xerces\org\apache\xerces\dom\events\MutationEventImpl.java"
javac -classpath "C:/jbuilder5/jdk1.3/jre/lib/rt.jar;C:\Program Files\swemancipation/prebuilt/source/xerces" "C:\Program Files\swemancipation\prebuilt\source\xerces\org\apache\xerces\domx\XGrammarWriter.java"
javac -classpath "C:/jbuilder5/jdk1.3/jre/lib/rt.jar;C:\Program Files\swemancipation/prebuilt/source/xerces" "C:\Program Files\swemancipation\prebuilt\source\xerces\org\apache\xerces\framework\Version.java"
javac -classpath "C:/jbuilder5/jdk1.3/jre/lib/rt.jar;C:\Program Files\swemancipation/prebuilt/source/xerces" "C:\Program Files\swemancipation\prebuilt\source\xerces\org\apache\xerces\framework\XMLAttrList.java"
javac -classpath "C:/jbuilder5/jdk1.3/jre/lib/rt.jar;C:\Program Files\swemancipation/prebuilt/source/xerces" "C:\Program Files\swemancipation\prebuilt\source\xerces\org\apache\xerces\framework\XMLContentSpec.java"
javac -classpath "C:/jbuilder5/jdk1.3/jre/lib/rt.jar;C:\Program Files\swemancipation/prebuilt/source/xerces" "C:\Program Files\swemancipation\prebuilt\source\xerces\org\apache\xerces\framework\XMLDocumentHandler.java"
javac -classpath "C:/jbuilder5/jdk1.3/jre/lib/rt.jar;C:\Program Files\swemancipation/prebuilt/source/xerces" "C:\Program Files\swemancipation\prebuilt\source\xerces\org\apache\xerces\framework\XMLDocumentScanner.java"
javac -classpath "C:/jbuilder5/jdk1.3/jre/lib/rt.jar;C:\Program Files\swemancipation/prebuilt/source/xerces" "C:\Program Files\swemancipation\prebuilt\source\xerces\org\apache\xerces\framework\XMLDTDScanner.java"
javac -classpath "C:/jbuilder5/jdk1.3/jre/lib/rt.jar;C:\Program Files\swemancipation/prebuilt/source/xerces" "C:\Program Files\swemancipation\prebuilt\source\xerces\org\apache\xerces\framework\XMLErrorReporter.java"
javac -classpath "C:/jbuilder5/jdk1.3/jre/lib/rt.jar;C:\Program Files\swemancipation/prebuilt/source/xerces" "C:\Program Files\swemancipation\prebuilt\source\xerces\org\apache\xerces\framework\XMLParser.java"
javac -classpath "C:/jbuilder5/jdk1.3/jre/lib/rt.jar;C:\Program Files\swemancipation/prebuilt/source/xerces" "C:\Program Files\swemancipation\prebuilt\source\xerces\org\apache\xerces\jaxp\DefaultValidationErrorHandler.java"
javac -classpath "C:/jbuilder5/jdk1.3/jre/lib/rt.jar;C:\Program Files\swemancipation/prebuilt/source/xerces" "C:\Program Files\swemancipation\prebuilt\source\xerces\org\apache\xerces\jaxp\DocumentBuilderFactoryImpl.java"
javac -classpath "C:/jbuilder5/jdk1.3/jre/lib/rt.jar;C:\Program Files\swemancipation/prebuilt/source/xerces" "C:\Program Files\swemancipation\prebuilt\source\xerces\org\apache\xerces\jaxp\DocumentBuilderImpl.java"
javac -classpath "C:/jbuilder5/jdk1.3/jre/lib/rt.jar;C:\Program Files\swemancipation/prebuilt/source/xerces" "C:\Program Files\swemancipation\prebuilt\source\xerces\org\apache\xerces\jaxp\SAXParserFactoryImpl.java"
javac -classpath "C:/jbuilder5/jdk1.3/jre/lib/rt.jar;C:\Program Files\swemancipation/prebuilt/source/xerces" "C:\Program Files\swemancipation\prebuilt\source\xerces\org\apache\xerces\jaxp\SAXParserImpl.java"
javac -classpath "C:/jbuilder5/jdk1.3/jre/lib/rt.jar;C:\Program Files\swemancipation/prebuilt/source/xerces" "C:\Program Files\swemancipation\prebuilt\source\xerces\org\apache\xerces\msg\DatatypeMessages.java"
javac -classpath "C:/jbuilder5/jdk1.3/jre/lib/rt.jar;C:\Program Files\swemancipation/prebuilt/source/xerces" "C:\Program Files\swemancipation\prebuilt\source\xerces\org\apache\xerces\msg\ExceptionMessages.java"
javac -classpath "C:/jbuilder5/jdk1.3/jre/lib/rt.jar;C:\Program Files\swemancipation/prebuilt/source/xerces" "C:\Program Files\swemancipation\prebuilt\source\xerces\org\apache\xerces\msg\ExceptionMessagesLocalizer.java"
javac -classpath "C:/jbuilder5/jdk1.3/jre/lib/rt.jar;C:\Program Files\swemancipation/prebuilt/source/xerces" "C:\Program Files\swemancipation\prebuilt\source\xerces\org\apache\xerces\msg\ImplementationMessages.java"
javac -classpath "C:/jbuilder5/jdk1.3/jre/lib/rt.jar;C:\Program Files\swemancipation/prebuilt/source/xerces" "C:\Program Files\swemancipation\prebuilt\source\xerces\org\apache\xerces\msg\SchemaMessages.java"
javac -classpath "C:/jbuilder5/jdk1.3/jre/lib/rt.jar;C:\Program Files\swemancipation/prebuilt/source/xerces" "C:\Program Files\swemancipation\prebuilt\source\xerces\org\apache\xerces\msg\XMLMessages.java"
javac -classpath "C:/jbuilder5/jdk1.3/jre/lib/rt.jar;C:\Program Files\swemancipation/prebuilt/source/xerces" "C:\Program Files\swemancipation\prebuilt\source\xerces\org\apache\xerces\parsers\DOMParser.java"
javac -classpath "C:/jbuilder5/jdk1.3/jre/lib/rt.jar;C:\Program Files\swemancipation/prebuilt/source/xerces" "C:\Program Files\swemancipation\prebuilt\source\xerces\org\apache\xerces\parsers\SAXParser.java"
javac -classpath "C:/jbuilder5/jdk1.3/jre/lib/rt.jar;C:\Program Files\swemancipation/prebuilt/source/xerces" "C:\Program Files\swemancipation\prebuilt\source\xerces\org\apache\xerces\readers\AbstractCharReader.java"
javac -classpath "C:/jbuilder5/jdk1.3/jre/lib/rt.jar;C:\Program Files\swemancipation/prebuilt/source/xerces" "C:\Program Files\swemancipation\prebuilt\source\xerces\org\apache\xerces\readers\CharReader.java"
javac -classpath "C:/jbuilder5/jdk1.3/jre/lib/rt.jar;C:\Program Files\swemancipation/prebuilt/source/xerces" "C:\Program Files\swemancipation\prebuilt\source\xerces\org\apache\xerces\readers\DefaultEntityHandler.java"
javac -classpath "C:/jbuilder5/jdk1.3/jre/lib/rt.jar;C:\Program Files\swemancipation/prebuilt/source/xerces" "C:\Program Files\swemancipation\prebuilt\source\xerces\org\apache\xerces\readers\DefaultReaderFactory.java"
javac -classpath "C:/jbuilder5/jdk1.3/jre/lib/rt.jar;C:\Program Files\swemancipation/prebuilt/source/xerces" "C:\Program Files\swemancipation\prebuilt\source\xerces\org\apache\xerces\readers\EBCDICRecognizer.java"
javac -classpath "C:/jbuilder5/jdk1.3/jre/lib/rt.jar;C:\Program Files\swemancipation/prebuilt/source/xerces" "C:\Program Files\swemancipation\prebuilt\source\xerces\org\apache\xerces\readers\MIME2Java.java"
javac -classpath "C:/jbuilder5/jdk1.3/jre/lib/rt.jar;C:\Program Files\swemancipation/prebuilt/source/xerces" "C:\Program Files\swemancipation\prebuilt\source\xerces\org\apache\xerces\readers\StreamingCharReader.java"
javac -classpath "C:/jbuilder5/jdk1.3/jre/lib/rt.jar;C:\Program Files\swemancipation/prebuilt/source/xerces" "C:\Program Files\swemancipation\prebuilt\source\xerces\org\apache\xerces\readers\StringReader.java"
javac -classpath "C:/jbuilder5/jdk1.3/jre/lib/rt.jar;C:\Program Files\swemancipation/prebuilt/source/xerces" "C:\Program Files\swemancipation\prebuilt\source\xerces\org\apache\xerces\readers\UCSReader.java"
javac -classpath "C:/jbuilder5/jdk1.3/jre/lib/rt.jar;C:\Program Files\swemancipation/prebuilt/source/xerces" "C:\Program Files\swemancipation\prebuilt\source\xerces\org\apache\xerces\readers\UCSRecognizer.java"
javac -classpath "C:/jbuilder5/jdk1.3/jre/lib/rt.jar;C:\Program Files\swemancipation/prebuilt/source/xerces" "C:\Program Files\swemancipation\prebuilt\source\xerces\org\apache\xerces\readers\UTF8CharReader.java"
javac -classpath "C:/jbuilder5/jdk1.3/jre/lib/rt.jar;C:\Program Files\swemancipation/prebuilt/source/xerces" "C:\Program Files\swemancipation\prebuilt\source\xerces\org\apache\xerces\readers\UTF8Reader.java"
javac -classpath "C:/jbuilder5/jdk1.3/jre/lib/rt.jar;C:\Program Files\swemancipation/prebuilt/source/xerces" "C:\Program Files\swemancipation\prebuilt\source\xerces\org\apache\xerces\readers\UTF8Recognizer.java"
javac -classpath "C:/jbuilder5/jdk1.3/jre/lib/rt.jar;C:\Program Files\swemancipation/prebuilt/source/xerces" "C:\Program Files\swemancipation\prebuilt\source\xerces\org\apache\xerces\readers\XCatalog.java"
javac -classpath "C:/jbuilder5/jdk1.3/jre/lib/rt.jar;C:\Program Files\swemancipation/prebuilt/source/xerces" "C:\Program Files\swemancipation\prebuilt\source\xerces\org\apache\xerces\readers\XMLCatalogHandler.java"
javac -classpath "C:/jbuilder5/jdk1.3/jre/lib/rt.jar;C:\Program Files\swemancipation/prebuilt/source/xerces" "C:\Program Files\swemancipation\prebuilt\source\xerces\org\apache\xerces\readers\XMLDeclRecognizer.java"
javac -classpath "C:/jbuilder5/jdk1.3/jre/lib/rt.jar;C:\Program Files\swemancipation/prebuilt/source/xerces" "C:\Program Files\swemancipation\prebuilt\source\xerces\org\apache\xerces\readers\XMLEntityHandler.java"
javac -classpath "C:/jbuilder5/jdk1.3/jre/lib/rt.jar;C:\Program Files\swemancipation/prebuilt/source/xerces" "C:\Program Files\swemancipation\prebuilt\source\xerces\org\apache\xerces\readers\XMLEntityReader.java"
javac -classpath "C:/jbuilder5/jdk1.3/jre/lib/rt.jar;C:\Program Files\swemancipation/prebuilt/source/xerces" "C:\Program Files\swemancipation\prebuilt\source\xerces\org\apache\xerces\readers\XMLEntityReaderFactory.java"
javac -classpath "C:/jbuilder5/jdk1.3/jre/lib/rt.jar;C:\Program Files\swemancipation/prebuilt/source/xerces" "C:\Program Files\swemancipation\prebuilt\source\xerces\org\apache\xerces\utils\Base64.java"
javac -classpath "C:/jbuilder5/jdk1.3/jre/lib/rt.jar;C:\Program Files\swemancipation/prebuilt/source/xerces" "C:\Program Files\swemancipation\prebuilt\source\xerces\org\apache\xerces\utils\CharDataChunk.java"
javac -classpath "C:/jbuilder5/jdk1.3/jre/lib/rt.jar;C:\Program Files\swemancipation/prebuilt/source/xerces" "C:\Program Files\swemancipation\prebuilt\source\xerces\org\apache\xerces\utils\ChunkyByteArray.java"
javac -classpath "C:/jbuilder5/jdk1.3/jre/lib/rt.jar;C:\Program Files\swemancipation/prebuilt/source/xerces" "C:\Program Files\swemancipation\prebuilt\source\xerces\org\apache\xerces\utils\ChunkyCharArray.java"
javac -classpath "C:/jbuilder5/jdk1.3/jre/lib/rt.jar;C:\Program Files\swemancipation/prebuilt/source/xerces" "C:\Program Files\swemancipation\prebuilt\source\xerces\org\apache\xerces\utils\Hash2intTable.java"
javac -classpath "C:/jbuilder5/jdk1.3/jre/lib/rt.jar;C:\Program Files\swemancipation/prebuilt/source/xerces" "C:\Program Files\swemancipation\prebuilt\source\xerces\org\apache\xerces\utils\HexBin.java"
javac -classpath "C:/jbuilder5/jdk1.3/jre/lib/rt.jar;C:\Program Files\swemancipation/prebuilt/source/xerces" "C:\Program Files\swemancipation\prebuilt\source\xerces\org\apache\xerces\utils\ImplementationMessages.java"
javac -classpath "C:/jbuilder5/jdk1.3/jre/lib/rt.jar;C:\Program Files\swemancipation/prebuilt/source/xerces" "C:\Program Files\swemancipation\prebuilt\source\xerces\org\apache\xerces\utils\IntStack.java"
javac -classpath "C:/jbuilder5/jdk1.3/jre/lib/rt.jar;C:\Program Files\swemancipation/prebuilt/source/xerces" "C:\Program Files\swemancipation\prebuilt\source\xerces\org\apache\xerces\utils\ISO8601Format.java"
javac -classpath "C:/jbuilder5/jdk1.3/jre/lib/rt.jar;C:\Program Files\swemancipation/prebuilt/source/xerces" "C:\Program Files\swemancipation\prebuilt\source\xerces\org\apache\xerces\utils\NamespacesScope.java"
javac -classpath "C:/jbuilder5/jdk1.3/jre/lib/rt.jar;C:\Program Files\swemancipation/prebuilt/source/xerces" "C:\Program Files\swemancipation\prebuilt\source\xerces\org\apache\xerces\utils\QName.java"
javac -classpath "C:/jbuilder5/jdk1.3/jre/lib/rt.jar;C:\Program Files\swemancipation/prebuilt/source/xerces" "C:\Program Files\swemancipation\prebuilt\source\xerces\org\apache\xerces\utils\StringHasher.java"
javac -classpath "C:/jbuilder5/jdk1.3/jre/lib/rt.jar;C:\Program Files\swemancipation/prebuilt/source/xerces" "C:\Program Files\swemancipation\prebuilt\source\xerces\org\apache\xerces\utils\StringPool.java"
javac -classpath "C:/jbuilder5/jdk1.3/jre/lib/rt.jar;C:\Program Files\swemancipation/prebuilt/source/xerces" "C:\Program Files\swemancipation\prebuilt\source\xerces\org\apache\xerces\utils\SymbolCache.java"
javac -classpath "C:/jbuilder5/jdk1.3/jre/lib/rt.jar;C:\Program Files\swemancipation/prebuilt/source/xerces" "C:\Program Files\swemancipation\prebuilt\source\xerces\org\apache\xerces\utils\URI.java"
javac -classpath "C:/jbuilder5/jdk1.3/jre/lib/rt.jar;C:\Program Files\swemancipation/prebuilt/source/xerces" "C:\Program Files\swemancipation\prebuilt\source\xerces\org\apache\xerces\utils\UTF8DataChunk.java"
javac -classpath "C:/jbuilder5/jdk1.3/jre/lib/rt.jar;C:\Program Files\swemancipation/prebuilt/source/xerces" "C:\Program Files\swemancipation\prebuilt\source\xerces\org\apache\xerces\utils\XMLCharacterProperties.java"
javac -classpath "C:/jbuilder5/jdk1.3/jre/lib/rt.jar;C:\Program Files\swemancipation/prebuilt/source/xerces" "C:\Program Files\swemancipation\prebuilt\source\xerces\org\apache\xerces\utils\XMLMessageProvider.java"
javac -classpath "C:/jbuilder5/jdk1.3/jre/lib/rt.jar;C:\Program Files\swemancipation/prebuilt/source/xerces" "C:\Program Files\swemancipation\prebuilt\source\xerces\org\apache\xerces\utils\XMLMessages.java"
javac -classpath "C:/jbuilder5/jdk1.3/jre/lib/rt.jar;C:\Program Files\swemancipation/prebuilt/source/xerces" "C:\Program Files\swemancipation\prebuilt\source\xerces\org\apache\xerces\utils\regex\BMPattern.java"
javac -classpath "C:/jbuilder5/jdk1.3/jre/lib/rt.jar;C:\Program Files\swemancipation/prebuilt/source/xerces" "C:\Program Files\swemancipation\prebuilt\source\xerces\org\apache\xerces\utils\regex\Match.java"
javac -classpath "C:/jbuilder5/jdk1.3/jre/lib/rt.jar;C:\Program Files\swemancipation/prebuilt/source/xerces" "C:\Program Files\swemancipation\prebuilt\source\xerces\org\apache\xerces\utils\regex\Op.java"
javac -classpath "C:/jbuilder5/jdk1.3/jre/lib/rt.jar;C:\Program Files\swemancipation/prebuilt/source/xerces" "C:\Program Files\swemancipation\prebuilt\source\xerces\org\apache\xerces\utils\regex\ParseException.java"
javac -classpath "C:/jbuilder5/jdk1.3/jre/lib/rt.jar;C:\Program Files\swemancipation/prebuilt/source/xerces" "C:\Program Files\swemancipation\prebuilt\source\xerces\org\apache\xerces\utils\regex\ParserForXMLSchema.java"
javac -classpath "C:/jbuilder5/jdk1.3/jre/lib/rt.jar;C:\Program Files\swemancipation/prebuilt/source/xerces" "C:\Program Files\swemancipation\prebuilt\source\xerces\org\apache\xerces\utils\regex\RangeToken.java"
javac -classpath "C:/jbuilder5/jdk1.3/jre/lib/rt.jar;C:\Program Files\swemancipation/prebuilt/source/xerces" "C:\Program Files\swemancipation\prebuilt\source\xerces\org\apache\xerces\utils\regex\RegexParser.java"
javac -classpath "C:/jbuilder5/jdk1.3/jre/lib/rt.jar;C:\Program Files\swemancipation/prebuilt/source/xerces" "C:\Program Files\swemancipation\prebuilt\source\xerces\org\apache\xerces\utils\regex\RegularExpression.java"
javac -classpath "C:/jbuilder5/jdk1.3/jre/lib/rt.jar;C:\Program Files\swemancipation/prebuilt/source/xerces" "C:\Program Files\swemancipation\prebuilt\source\xerces\org\apache\xerces\utils\regex\REUtil.java"
javac -classpath "C:/jbuilder5/jdk1.3/jre/lib/rt.jar;C:\Program Files\swemancipation/prebuilt/source/xerces" "C:\Program Files\swemancipation\prebuilt\source\xerces\org\apache\xerces\utils\regex\Token.java"
javac -classpath "C:/jbuilder5/jdk1.3/jre/lib/rt.jar;C:\Program Files\swemancipation/prebuilt/source/xerces" "C:\Program Files\swemancipation\prebuilt\source\xerces\org\apache\xerces\validators\common\AllContentModel.java"
javac -classpath "C:/jbuilder5/jdk1.3/jre/lib/rt.jar;C:\Program Files\swemancipation/prebuilt/source/xerces" "C:\Program Files\swemancipation\prebuilt\source\xerces\org\apache\xerces\validators\common\CMAny.java"
javac -classpath "C:/jbuilder5/jdk1.3/jre/lib/rt.jar;C:\Program Files\swemancipation/prebuilt/source/xerces" "C:\Program Files\swemancipation\prebuilt\source\xerces\org\apache\xerces\validators\common\CMBinOp.java"
javac -classpath "C:/jbuilder5/jdk1.3/jre/lib/rt.jar;C:\Program Files\swemancipation/prebuilt/source/xerces" "C:\Program Files\swemancipation\prebuilt\source\xerces\org\apache\xerces\validators\common\CMException.java"
javac -classpath "C:/jbuilder5/jdk1.3/jre/lib/rt.jar;C:\Program Files\swemancipation/prebuilt/source/xerces" "C:\Program Files\swemancipation\prebuilt\source\xerces\org\apache\xerces\validators\common\CMLeaf.java"
javac -classpath "C:/jbuilder5/jdk1.3/jre/lib/rt.jar;C:\Program Files\swemancipation/prebuilt/source/xerces" "C:\Program Files\swemancipation\prebuilt\source\xerces\org\apache\xerces\validators\common\CMNode.java"
javac -classpath "C:/jbuilder5/jdk1.3/jre/lib/rt.jar;C:\Program Files\swemancipation/prebuilt/source/xerces" "C:\Program Files\swemancipation\prebuilt\source\xerces\org\apache\xerces\validators\common\CMStateSet.java"
javac -classpath "C:/jbuilder5/jdk1.3/jre/lib/rt.jar;C:\Program Files\swemancipation/prebuilt/source/xerces" "C:\Program Files\swemancipation\prebuilt\source\xerces\org\apache\xerces\validators\common\CMUniOp.java"
javac -classpath "C:/jbuilder5/jdk1.3/jre/lib/rt.jar;C:\Program Files\swemancipation/prebuilt/source/xerces" "C:\Program Files\swemancipation\prebuilt\source\xerces\org\apache\xerces\validators\common\ContentLeafNameTypeVector.java"
javac -classpath "C:/jbuilder5/jdk1.3/jre/lib/rt.jar;C:\Program Files\swemancipation/prebuilt/source/xerces" "C:\Program Files\swemancipation\prebuilt\source\xerces\org\apache\xerces\validators\common\DFAContentModel.java"
javac -classpath "C:/jbuilder5/jdk1.3/jre/lib/rt.jar;C:\Program Files\swemancipation/prebuilt/source/xerces" "C:\Program Files\swemancipation\prebuilt\source\xerces\org\apache\xerces\validators\common\ElementWildcard.java"
javac -classpath "C:/jbuilder5/jdk1.3/jre/lib/rt.jar;C:\Program Files\swemancipation/prebuilt/source/xerces" "C:\Program Files\swemancipation\prebuilt\source\xerces\org\apache\xerces\validators\common\Grammar.java"
javac -classpath "C:/jbuilder5/jdk1.3/jre/lib/rt.jar;C:\Program Files\swemancipation/prebuilt/source/xerces" "C:\Program Files\swemancipation\prebuilt\source\xerces\org\apache\xerces\validators\common\GrammarResolver.java"
javac -classpath "C:/jbuilder5/jdk1.3/jre/lib/rt.jar;C:\Program Files\swemancipation/prebuilt/source/xerces" "C:\Program Files\swemancipation\prebuilt\source\xerces\org\apache\xerces\validators\common\GrammarResolverImpl.java"
javac -classpath "C:/jbuilder5/jdk1.3/jre/lib/rt.jar;C:\Program Files\swemancipation/prebuilt/source/xerces" "C:\Program Files\swemancipation\prebuilt\source\xerces\org\apache\xerces\validators\common\InsertableElementsInfo.java"
javac -classpath "C:/jbuilder5/jdk1.3/jre/lib/rt.jar;C:\Program Files\swemancipation/prebuilt/source/xerces" "C:\Program Files\swemancipation\prebuilt\source\xerces\org\apache\xerces\validators\common\MixedContentModel.java"
javac -classpath "C:/jbuilder5/jdk1.3/jre/lib/rt.jar;C:\Program Files\swemancipation/prebuilt/source/xerces" "C:\Program Files\swemancipation\prebuilt\source\xerces\org\apache\xerces\validators\common\SimpleContentModel.java"
javac -classpath "C:/jbuilder5/jdk1.3/jre/lib/rt.jar;C:\Program Files\swemancipation/prebuilt/source/xerces" "C:\Program Files\swemancipation\prebuilt\source\xerces\org\apache\xerces\validators\common\XMLAttributeDecl.java"
javac -classpath "C:/jbuilder5/jdk1.3/jre/lib/rt.jar;C:\Program Files\swemancipation/prebuilt/source/xerces" "C:\Program Files\swemancipation\prebuilt\source\xerces\org\apache\xerces\validators\common\XMLContentModel.java"
javac -classpath "C:/jbuilder5/jdk1.3/jre/lib/rt.jar;C:\Program Files\swemancipation/prebuilt/source/xerces" "C:\Program Files\swemancipation\prebuilt\source\xerces\org\apache\xerces\validators\common\XMLElementDecl.java"
javac -classpath "C:/jbuilder5/jdk1.3/jre/lib/rt.jar;C:\Program Files\swemancipation/prebuilt/source/xerces" "C:\Program Files\swemancipation\prebuilt\source\xerces\org\apache\xerces\validators\common\XMLValidator.java"
javac -classpath "C:/jbuilder5/jdk1.3/jre/lib/rt.jar;C:\Program Files\swemancipation/prebuilt/source/xerces" "C:\Program Files\swemancipation\prebuilt\source\xerces\org\apache\xerces\validators\datatype\AbstractDatatypeValidator.java"
javac -classpath "C:/jbuilder5/jdk1.3/jre/lib/rt.jar;C:\Program Files\swemancipation/prebuilt/source/xerces" "C:\Program Files\swemancipation\prebuilt\source\xerces\org\apache\xerces\validators\datatype\AbstractNumericFacetValidator.java"
javac -classpath "C:/jbuilder5/jdk1.3/jre/lib/rt.jar;C:\Program Files\swemancipation/prebuilt/source/xerces" "C:\Program Files\swemancipation\prebuilt\source\xerces\org\apache\xerces\validators\datatype\AbstractNumericValidator.java"
javac -classpath "C:/jbuilder5/jdk1.3/jre/lib/rt.jar;C:\Program Files\swemancipation/prebuilt/source/xerces" "C:\Program Files\swemancipation\prebuilt\source\xerces\org\apache\xerces\validators\datatype\AbstractStringValidator.java"
javac -classpath "C:/jbuilder5/jdk1.3/jre/lib/rt.jar;C:\Program Files\swemancipation/prebuilt/source/xerces" "C:\Program Files\swemancipation\prebuilt\source\xerces\org\apache\xerces\validators\datatype\AnyURIDatatypeValidator.java"
javac -classpath "C:/jbuilder5/jdk1.3/jre/lib/rt.jar;C:\Program Files\swemancipation/prebuilt/source/xerces" "C:\Program Files\swemancipation\prebuilt\source\xerces\org\apache\xerces\validators\datatype\Base64BinaryDatatypeValidator.java"
javac -classpath "C:/jbuilder5/jdk1.3/jre/lib/rt.jar;C:\Program Files\swemancipation/prebuilt/source/xerces" "C:\Program Files\swemancipation\prebuilt\source\xerces\org\apache\xerces\validators\datatype\BooleanDatatypeValidator.java"
javac -classpath "C:/jbuilder5/jdk1.3/jre/lib/rt.jar;C:\Program Files\swemancipation/prebuilt/source/xerces" "C:\Program Files\swemancipation\prebuilt\source\xerces\org\apache\xerces\validators\datatype\DatatypeMessageProvider.java"
javac -classpath "C:/jbuilder5/jdk1.3/jre/lib/rt.jar;C:\Program Files\swemancipation/prebuilt/source/xerces" "C:\Program Files\swemancipation\prebuilt\source\xerces\org\apache\xerces\validators\datatype\DatatypeValidator.java"
javac -classpath "C:/jbuilder5/jdk1.3/jre/lib/rt.jar;C:\Program Files\swemancipation/prebuilt/source/xerces" "C:\Program Files\swemancipation\prebuilt\source\xerces\org\apache\xerces\validators\datatype\DatatypeValidatorFactory.java"
javac -classpath "C:/jbuilder5/jdk1.3/jre/lib/rt.jar;C:\Program Files\swemancipation/prebuilt/source/xerces" "C:\Program Files\swemancipation\prebuilt\source\xerces\org\apache\xerces\validators\datatype\DatatypeValidatorFactoryImpl.java"
javac -classpath "C:/jbuilder5/jdk1.3/jre/lib/rt.jar;C:\Program Files\swemancipation/prebuilt/source/xerces" "C:\Program Files\swemancipation\prebuilt\source\xerces\org\apache\xerces\validators\datatype\DateDatatypeValidator.java"
javac -classpath "C:/jbuilder5/jdk1.3/jre/lib/rt.jar;C:\Program Files\swemancipation/prebuilt/source/xerces" "C:\Program Files\swemancipation\prebuilt\source\xerces\org\apache\xerces\validators\datatype\DateTimeDatatypeValidator.java"
javac -classpath "C:/jbuilder5/jdk1.3/jre/lib/rt.jar;C:\Program Files\swemancipation/prebuilt/source/xerces" "C:\Program Files\swemancipation\prebuilt\source\xerces\org\apache\xerces\validators\datatype\DateTimeValidator.java"
javac -classpath "C:/jbuilder5/jdk1.3/jre/lib/rt.jar;C:\Program Files\swemancipation/prebuilt/source/xerces" "C:\Program Files\swemancipation\prebuilt\source\xerces\org\apache\xerces\validators\datatype\DayDatatypeValidator.java"
javac -classpath "C:/jbuilder5/jdk1.3/jre/lib/rt.jar;C:\Program Files\swemancipation/prebuilt/source/xerces" "C:\Program Files\swemancipation\prebuilt\source\xerces\org\apache\xerces\validators\datatype\DecimalDatatypeValidator.java"
javac -classpath "C:/jbuilder5/jdk1.3/jre/lib/rt.jar;C:\Program Files\swemancipation/prebuilt/source/xerces" "C:\Program Files\swemancipation\prebuilt\source\xerces\org\apache\xerces\validators\datatype\DoubleDatatypeValidator.java"
javac -classpath "C:/jbuilder5/jdk1.3/jre/lib/rt.jar;C:\Program Files\swemancipation/prebuilt/source/xerces" "C:\Program Files\swemancipation\prebuilt\source\xerces\org\apache\xerces\validators\datatype\DurationDatatypeValidator.java"
javac -classpath "C:/jbuilder5/jdk1.3/jre/lib/rt.jar;C:\Program Files\swemancipation/prebuilt/source/xerces" "C:\Program Files\swemancipation\prebuilt\source\xerces\org\apache\xerces\validators\datatype\ENTITYDatatypeValidator.java"
javac -classpath "C:/jbuilder5/jdk1.3/jre/lib/rt.jar;C:\Program Files\swemancipation/prebuilt/source/xerces" "C:\Program Files\swemancipation\prebuilt\source\xerces\org\apache\xerces\validators\datatype\FloatDatatypeValidator.java"
javac -classpath "C:/jbuilder5/jdk1.3/jre/lib/rt.jar;C:\Program Files\swemancipation/prebuilt/source/xerces" "C:\Program Files\swemancipation\prebuilt\source\xerces\org\apache\xerces\validators\datatype\HexBinaryDatatypeValidator.java"
javac -classpath "C:/jbuilder5/jdk1.3/jre/lib/rt.jar;C:\Program Files\swemancipation/prebuilt/source/xerces" "C:\Program Files\swemancipation\prebuilt\source\xerces\org\apache\xerces\validators\datatype\IDDatatypeValidator.java"
javac -classpath "C:/jbuilder5/jdk1.3/jre/lib/rt.jar;C:\Program Files\swemancipation/prebuilt/source/xerces" "C:\Program Files\swemancipation\prebuilt\source\xerces\org\apache\xerces\validators\datatype\IDREFDatatypeValidator.java"
javac -classpath "C:/jbuilder5/jdk1.3/jre/lib/rt.jar;C:\Program Files\swemancipation/prebuilt/source/xerces" "C:\Program Files\swemancipation\prebuilt\source\xerces\org\apache\xerces\validators\datatype\InvalidDatatypeFacetException.java"
javac -classpath "C:/jbuilder5/jdk1.3/jre/lib/rt.jar;C:\Program Files\swemancipation/prebuilt/source/xerces" "C:\Program Files\swemancipation\prebuilt\source\xerces\org\apache\xerces\validators\datatype\InvalidDatatypeValueException.java"
javac -classpath "C:/jbuilder5/jdk1.3/jre/lib/rt.jar;C:\Program Files\swemancipation/prebuilt/source/xerces" "C:\Program Files\swemancipation\prebuilt\source\xerces\org\apache\xerces\validators\datatype\ListDatatypeValidator.java"
javac -classpath "C:/jbuilder5/jdk1.3/jre/lib/rt.jar;C:\Program Files\swemancipation/prebuilt/source/xerces" "C:\Program Files\swemancipation\prebuilt\source\xerces\org\apache\xerces\validators\datatype\MonthDatatypeValidator.java"
javac -classpath "C:/jbuilder5/jdk1.3/jre/lib/rt.jar;C:\Program Files\swemancipation/prebuilt/source/xerces" "C:\Program Files\swemancipation\prebuilt\source\xerces\org\apache\xerces\validators\datatype\MonthDayDatatypeValidator.java"
javac -classpath "C:/jbuilder5/jdk1.3/jre/lib/rt.jar;C:\Program Files\swemancipation/prebuilt/source/xerces" "C:\Program Files\swemancipation\prebuilt\source\xerces\org\apache\xerces\validators\datatype\NOTATIONDatatypeValidator.java"
javac -classpath "C:/jbuilder5/jdk1.3/jre/lib/rt.jar;C:\Program Files\swemancipation/prebuilt/source/xerces" "C:\Program Files\swemancipation\prebuilt\source\xerces\org\apache\xerces\validators\datatype\QNameDatatypeValidator.java"
javac -classpath "C:/jbuilder5/jdk1.3/jre/lib/rt.jar;C:\Program Files\swemancipation/prebuilt/source/xerces" "C:\Program Files\swemancipation\prebuilt\source\xerces\org\apache\xerces\validators\datatype\SchemaDateTimeException.java"
javac -classpath "C:/jbuilder5/jdk1.3/jre/lib/rt.jar;C:\Program Files\swemancipation/prebuilt/source/xerces" "C:\Program Files\swemancipation\prebuilt\source\xerces\org\apache\xerces\validators\datatype\StateMessageDatatype.java"
javac -classpath "C:/jbuilder5/jdk1.3/jre/lib/rt.jar;C:\Program Files\swemancipation/prebuilt/source/xerces" "C:\Program Files\swemancipation\prebuilt\source\xerces\org\apache\xerces\validators\datatype\StringDatatypeValidator.java"
javac -classpath "C:/jbuilder5/jdk1.3/jre/lib/rt.jar;C:\Program Files\swemancipation/prebuilt/source/xerces" "C:\Program Files\swemancipation\prebuilt\source\xerces\org\apache\xerces\validators\datatype\TimeDatatypeValidator.java"
javac -classpath "C:/jbuilder5/jdk1.3/jre/lib/rt.jar;C:\Program Files\swemancipation/prebuilt/source/xerces" "C:\Program Files\swemancipation\prebuilt\source\xerces\org\apache\xerces\validators\datatype\UnionDatatypeValidator.java"
javac -classpath "C:/jbuilder5/jdk1.3/jre/lib/rt.jar;C:\Program Files\swemancipation/prebuilt/source/xerces" "C:\Program Files\swemancipation\prebuilt\source\xerces\org\apache\xerces\validators\datatype\XMLException.java"
javac -classpath "C:/jbuilder5/jdk1.3/jre/lib/rt.jar;C:\Program Files\swemancipation/prebuilt/source/xerces" "C:\Program Files\swemancipation\prebuilt\source\xerces\org\apache\xerces\validators\datatype\YearDatatypeValidator.java"
javac -classpath "C:/jbuilder5/jdk1.3/jre/lib/rt.jar;C:\Program Files\swemancipation/prebuilt/source/xerces" "C:\Program Files\swemancipation\prebuilt\source\xerces\org\apache\xerces\validators\datatype\YearMonthDatatypeValidator.java"
javac -classpath "C:/jbuilder5/jdk1.3/jre/lib/rt.jar;C:\Program Files\swemancipation/prebuilt/source/xerces" "C:\Program Files\swemancipation\prebuilt\source\xerces\org\apache\xerces\validators\dtd\DTDGrammar.java"
javac -classpath "C:/jbuilder5/jdk1.3/jre/lib/rt.jar;C:\Program Files\swemancipation/prebuilt/source/xerces" "C:\Program Files\swemancipation\prebuilt\source\xerces\org\apache\xerces\validators\schema\GeneralAttrCheck.java"
javac -classpath "C:/jbuilder5/jdk1.3/jre/lib/rt.jar;C:\Program Files\swemancipation/prebuilt/source/xerces" "C:\Program Files\swemancipation\prebuilt\source\xerces\org\apache\xerces\validators\schema\SchemaGrammar.java"
javac -classpath "C:/jbuilder5/jdk1.3/jre/lib/rt.jar;C:\Program Files\swemancipation/prebuilt/source/xerces" "C:\Program Files\swemancipation\prebuilt\source\xerces\org\apache\xerces\validators\schema\SchemaMessageProvider.java"
javac -classpath "C:/jbuilder5/jdk1.3/jre/lib/rt.jar;C:\Program Files\swemancipation/prebuilt/source/xerces" "C:\Program Files\swemancipation\prebuilt\source\xerces\org\apache\xerces\validators\schema\SchemaSymbols.java"
javac -classpath "C:/jbuilder5/jdk1.3/jre/lib/rt.jar;C:\Program Files\swemancipation/prebuilt/source/xerces" "C:\Program Files\swemancipation\prebuilt\source\xerces\org\apache\xerces\validators\schema\SubstitutionGroupComparator.java"
javac -classpath "C:/jbuilder5/jdk1.3/jre/lib/rt.jar;C:\Program Files\swemancipation/prebuilt/source/xerces" "C:\Program Files\swemancipation\prebuilt\source\xerces\org\apache\xerces\validators\schema\TraverseSchema.java"
javac -classpath "C:/jbuilder5/jdk1.3/jre/lib/rt.jar;C:\Program Files\swemancipation/prebuilt/source/xerces" "C:\Program Files\swemancipation\prebuilt\source\xerces\org\apache\xerces\validators\schema\XUtil.java"
javac -classpath "C:/jbuilder5/jdk1.3/jre/lib/rt.jar;C:\Program Files\swemancipation/prebuilt/source/xerces" "C:\Program Files\swemancipation\prebuilt\source\xerces\org\apache\xerces\validators\schema\identity\Field.java"
javac -classpath "C:/jbuilder5/jdk1.3/jre/lib/rt.jar;C:\Program Files\swemancipation/prebuilt/source/xerces" "C:\Program Files\swemancipation\prebuilt\source\xerces\org\apache\xerces\validators\schema\identity\FieldActivator.java"
javac -classpath "C:/jbuilder5/jdk1.3/jre/lib/rt.jar;C:\Program Files\swemancipation/prebuilt/source/xerces" "C:\Program Files\swemancipation\prebuilt\source\xerces\org\apache\xerces\validators\schema\identity\IdentityConstraint.java"
javac -classpath "C:/jbuilder5/jdk1.3/jre/lib/rt.jar;C:\Program Files\swemancipation/prebuilt/source/xerces" "C:\Program Files\swemancipation\prebuilt\source\xerces\org\apache\xerces\validators\schema\identity\IDValue.java"
javac -classpath "C:/jbuilder5/jdk1.3/jre/lib/rt.jar;C:\Program Files\swemancipation/prebuilt/source/xerces" "C:\Program Files\swemancipation\prebuilt\source\xerces\org\apache\xerces\validators\schema\identity\Key.java"
javac -classpath "C:/jbuilder5/jdk1.3/jre/lib/rt.jar;C:\Program Files\swemancipation/prebuilt/source/xerces" "C:\Program Files\swemancipation\prebuilt\source\xerces\org\apache\xerces\validators\schema\identity\KeyRef.java"
javac -classpath "C:/jbuilder5/jdk1.3/jre/lib/rt.jar;C:\Program Files\swemancipation/prebuilt/source/xerces" "C:\Program Files\swemancipation\prebuilt\source\xerces\org\apache\xerces\validators\schema\identity\Selector.java"
javac -classpath "C:/jbuilder5/jdk1.3/jre/lib/rt.jar;C:\Program Files\swemancipation/prebuilt/source/xerces" "C:\Program Files\swemancipation\prebuilt\source\xerces\org\apache\xerces\validators\schema\identity\Unique.java"
javac -classpath "C:/jbuilder5/jdk1.3/jre/lib/rt.jar;C:\Program Files\swemancipation/prebuilt/source/xerces" "C:\Program Files\swemancipation\prebuilt\source\xerces\org\apache\xerces\validators\schema\identity\ValueStore.java"
javac -classpath "C:/jbuilder5/jdk1.3/jre/lib/rt.jar;C:\Program Files\swemancipation/prebuilt/source/xerces" "C:\Program Files\swemancipation\prebuilt\source\xerces\org\apache\xerces\validators\schema\identity\XPath.java"
javac -classpath "C:/jbuilder5/jdk1.3/jre/lib/rt.jar;C:\Program Files\swemancipation/prebuilt/source/xerces" "C:\Program Files\swemancipation\prebuilt\source\xerces\org\apache\xerces\validators\schema\identity\XPathException.java"
javac -classpath "C:/jbuilder5/jdk1.3/jre/lib/rt.jar;C:\Program Files\swemancipation/prebuilt/source/xerces" "C:\Program Files\swemancipation\prebuilt\source\xerces\org\apache\xerces\validators\schema\identity\XPathMatcher.java"
javac -classpath "C:/jbuilder5/jdk1.3/jre/lib/rt.jar;C:\Program Files\swemancipation/prebuilt/source/xerces" "C:\Program Files\swemancipation\prebuilt\source\xerces\org\apache\xml\serialize\BaseMarkupSerializer.java"
javac -classpath "C:/jbuilder5/jdk1.3/jre/lib/rt.jar;C:\Program Files\swemancipation/prebuilt/source/xerces" "C:\Program Files\swemancipation\prebuilt\source\xerces\org\apache\xml\serialize\DOMSerializer.java"
javac -classpath "C:/jbuilder5/jdk1.3/jre/lib/rt.jar;C:\Program Files\swemancipation/prebuilt/source/xerces" "C:\Program Files\swemancipation\prebuilt\source\xerces\org\apache\xml\serialize\ElementState.java"
javac -classpath "C:/jbuilder5/jdk1.3/jre/lib/rt.jar;C:\Program Files\swemancipation/prebuilt/source/xerces" "C:\Program Files\swemancipation\prebuilt\source\xerces\org\apache\xml\serialize\EncodingInfo.java"
javac -classpath "C:/jbuilder5/jdk1.3/jre/lib/rt.jar;C:\Program Files\swemancipation/prebuilt/source/xerces" "C:\Program Files\swemancipation\prebuilt\source\xerces\org\apache\xml\serialize\Encodings.java"
javac -classpath "C:/jbuilder5/jdk1.3/jre/lib/rt.jar;C:\Program Files\swemancipation/prebuilt/source/xerces" "C:\Program Files\swemancipation\prebuilt\source\xerces\org\apache\xml\serialize\HTMLdtd.java"
javac -classpath "C:/jbuilder5/jdk1.3/jre/lib/rt.jar;C:\Program Files\swemancipation/prebuilt/source/xerces" "C:\Program Files\swemancipation\prebuilt\source\xerces\org\apache\xml\serialize\HTMLSerializer.java"
javac -classpath "C:/jbuilder5/jdk1.3/jre/lib/rt.jar;C:\Program Files\swemancipation/prebuilt/source/xerces" "C:\Program Files\swemancipation\prebuilt\source\xerces\org\apache\xml\serialize\IndentPrinter.java"
javac -classpath "C:/jbuilder5/jdk1.3/jre/lib/rt.jar;C:\Program Files\swemancipation/prebuilt/source/xerces" "C:\Program Files\swemancipation\prebuilt\source\xerces\org\apache\xml\serialize\LineSeparator.java"
javac -classpath "C:/jbuilder5/jdk1.3/jre/lib/rt.jar;C:\Program Files\swemancipation/prebuilt/source/xerces" "C:\Program Files\swemancipation\prebuilt\source\xerces\org\apache\xml\serialize\Method.java"
javac -classpath "C:/jbuilder5/jdk1.3/jre/lib/rt.jar;C:\Program Files\swemancipation/prebuilt/source/xerces" "C:\Program Files\swemancipation\prebuilt\source\xerces\org\apache\xml\serialize\OutputFormat.java"
javac -classpath "C:/jbuilder5/jdk1.3/jre/lib/rt.jar;C:\Program Files\swemancipation/prebuilt/source/xerces" "C:\Program Files\swemancipation\prebuilt\source\xerces\org\apache\xml\serialize\Printer.java"
javac -classpath "C:/jbuilder5/jdk1.3/jre/lib/rt.jar;C:\Program Files\swemancipation/prebuilt/source/xerces" "C:\Program Files\swemancipation\prebuilt\source\xerces\org\apache\xml\serialize\Serializer.java"
javac -classpath "C:/jbuilder5/jdk1.3/jre/lib/rt.jar;C:\Program Files\swemancipation/prebuilt/source/xerces" "C:\Program Files\swemancipation\prebuilt\source\xerces\org\apache\xml\serialize\SerializerFactory.java"
javac -classpath "C:/jbuilder5/jdk1.3/jre/lib/rt.jar;C:\Program Files\swemancipation/prebuilt/source/xerces" "C:\Program Files\swemancipation\prebuilt\source\xerces\org\apache\xml\serialize\SerializerFactoryImpl.java"
javac -classpath "C:/jbuilder5/jdk1.3/jre/lib/rt.jar;C:\Program Files\swemancipation/prebuilt/source/xerces" "C:\Program Files\swemancipation\prebuilt\source\xerces\org\apache\xml\serialize\SieveEncodingInfo.java"
javac -classpath "C:/jbuilder5/jdk1.3/jre/lib/rt.jar;C:\Program Files\swemancipation/prebuilt/source/xerces" "C:\Program Files\swemancipation\prebuilt\source\xerces\org\apache\xml\serialize\TextSerializer.java"
javac -classpath "C:/jbuilder5/jdk1.3/jre/lib/rt.jar;C:\Program Files\swemancipation/prebuilt/source/xerces" "C:\Program Files\swemancipation\prebuilt\source\xerces\org\apache\xml\serialize\XHTMLSerializer.java"
javac -classpath "C:/jbuilder5/jdk1.3/jre/lib/rt.jar;C:\Program Files\swemancipation/prebuilt/source/xerces" "C:\Program Files\swemancipation\prebuilt\source\xerces\org\apache\xml\serialize\XMLSerializer.java"
javac -classpath "C:/jbuilder5/jdk1.3/jre/lib/rt.jar;C:\Program Files\swemancipation/prebuilt/source/xerces" "C:\Program Files\swemancipation\prebuilt\source\xerces\org\w3c\dom\Attr.java"
javac -classpath "C:/jbuilder5/jdk1.3/jre/lib/rt.jar;C:\Program Files\swemancipation/prebuilt/source/xerces" "C:\Program Files\swemancipation\prebuilt\source\xerces\org\w3c\dom\CDATASection.java"
javac -classpath "C:/jbuilder5/jdk1.3/jre/lib/rt.jar;C:\Program Files\swemancipation/prebuilt/source/xerces" "C:\Program Files\swemancipation\prebuilt\source\xerces\org\w3c\dom\CharacterData.java"
javac -classpath "C:/jbuilder5/jdk1.3/jre/lib/rt.jar;C:\Program Files\swemancipation/prebuilt/source/xerces" "C:\Program Files\swemancipation\prebuilt\source\xerces\org\w3c\dom\Comment.java"
javac -classpath "C:/jbuilder5/jdk1.3/jre/lib/rt.jar;C:\Program Files\swemancipation/prebuilt/source/xerces" "C:\Program Files\swemancipation\prebuilt\source\xerces\org\w3c\dom\Document.java"
javac -classpath "C:/jbuilder5/jdk1.3/jre/lib/rt.jar;C:\Program Files\swemancipation/prebuilt/source/xerces" "C:\Program Files\swemancipation\prebuilt\source\xerces\org\w3c\dom\DocumentFragment.java"
javac -classpath "C:/jbuilder5/jdk1.3/jre/lib/rt.jar;C:\Program Files\swemancipation/prebuilt/source/xerces" "C:\Program Files\swemancipation\prebuilt\source\xerces\org\w3c\dom\DocumentType.java"
javac -classpath "C:/jbuilder5/jdk1.3/jre/lib/rt.jar;C:\Program Files\swemancipation/prebuilt/source/xerces" "C:\Program Files\swemancipation\prebuilt\source\xerces\org\w3c\dom\DOMException.java"
javac -classpath "C:/jbuilder5/jdk1.3/jre/lib/rt.jar;C:\Program Files\swemancipation/prebuilt/source/xerces" "C:\Program Files\swemancipation\prebuilt\source\xerces\org\w3c\dom\DOMImplementation.java"
javac -classpath "C:/jbuilder5/jdk1.3/jre/lib/rt.jar;C:\Program Files\swemancipation/prebuilt/source/xerces" "C:\Program Files\swemancipation\prebuilt\source\xerces\org\w3c\dom\Element.java"
javac -classpath "C:/jbuilder5/jdk1.3/jre/lib/rt.jar;C:\Program Files\swemancipation/prebuilt/source/xerces" "C:\Program Files\swemancipation\prebuilt\source\xerces\org\w3c\dom\Entity.java"
javac -classpath "C:/jbuilder5/jdk1.3/jre/lib/rt.jar;C:\Program Files\swemancipation/prebuilt/source/xerces" "C:\Program Files\swemancipation\prebuilt\source\xerces\org\w3c\dom\EntityReference.java"
javac -classpath "C:/jbuilder5/jdk1.3/jre/lib/rt.jar;C:\Program Files\swemancipation/prebuilt/source/xerces" "C:\Program Files\swemancipation\prebuilt\source\xerces\org\w3c\dom\NamedNodeMap.java"
javac -classpath "C:/jbuilder5/jdk1.3/jre/lib/rt.jar;C:\Program Files\swemancipation/prebuilt/source/xerces" "C:\Program Files\swemancipation\prebuilt\source\xerces\org\w3c\dom\Node.java"
javac -classpath "C:/jbuilder5/jdk1.3/jre/lib/rt.jar;C:\Program Files\swemancipation/prebuilt/source/xerces" "C:\Program Files\swemancipation\prebuilt\source\xerces\org\w3c\dom\NodeList.java"
javac -classpath "C:/jbuilder5/jdk1.3/jre/lib/rt.jar;C:\Program Files\swemancipation/prebuilt/source/xerces" "C:\Program Files\swemancipation\prebuilt\source\xerces\org\w3c\dom\Notation.java"
javac -classpath "C:/jbuilder5/jdk1.3/jre/lib/rt.jar;C:\Program Files\swemancipation/prebuilt/source/xerces" "C:\Program Files\swemancipation\prebuilt\source\xerces\org\w3c\dom\ProcessingInstruction.java"
javac -classpath "C:/jbuilder5/jdk1.3/jre/lib/rt.jar;C:\Program Files\swemancipation/prebuilt/source/xerces" "C:\Program Files\swemancipation\prebuilt\source\xerces\org\w3c\dom\Text.java"
javac -classpath "C:/jbuilder5/jdk1.3/jre/lib/rt.jar;C:\Program Files\swemancipation/prebuilt/source/xerces" "C:\Program Files\swemancipation\prebuilt\source\xerces\org\w3c\dom\events\DocumentEvent.java"
javac -classpath "C:/jbuilder5/jdk1.3/jre/lib/rt.jar;C:\Program Files\swemancipation/prebuilt/source/xerces" "C:\Program Files\swemancipation\prebuilt\source\xerces\org\w3c\dom\events\Event.java"
javac -classpath "C:/jbuilder5/jdk1.3/jre/lib/rt.jar;C:\Program Files\swemancipation/prebuilt/source/xerces" "C:\Program Files\swemancipation\prebuilt\source\xerces\org\w3c\dom\events\EventException.java"
javac -classpath "C:/jbuilder5/jdk1.3/jre/lib/rt.jar;C:\Program Files\swemancipation/prebuilt/source/xerces" "C:\Program Files\swemancipation\prebuilt\source\xerces\org\w3c\dom\events\EventListener.java"
javac -classpath "C:/jbuilder5/jdk1.3/jre/lib/rt.jar;C:\Program Files\swemancipation/prebuilt/source/xerces" "C:\Program Files\swemancipation\prebuilt\source\xerces\org\w3c\dom\events\EventTarget.java"
javac -classpath "C:/jbuilder5/jdk1.3/jre/lib/rt.jar;C:\Program Files\swemancipation/prebuilt/source/xerces" "C:\Program Files\swemancipation\prebuilt\source\xerces\org\w3c\dom\events\MutationEvent.java"
javac -classpath "C:/jbuilder5/jdk1.3/jre/lib/rt.jar;C:\Program Files\swemancipation/prebuilt/source/xerces" "C:\Program Files\swemancipation\prebuilt\source\xerces\org\w3c\dom\html\HTMLAnchorElement.java"
javac -classpath "C:/jbuilder5/jdk1.3/jre/lib/rt.jar;C:\Program Files\swemancipation/prebuilt/source/xerces" "C:\Program Files\swemancipation\prebuilt\source\xerces\org\w3c\dom\html\HTMLAppletElement.java"
javac -classpath "C:/jbuilder5/jdk1.3/jre/lib/rt.jar;C:\Program Files\swemancipation/prebuilt/source/xerces" "C:\Program Files\swemancipation\prebuilt\source\xerces\org\w3c\dom\html\HTMLAreaElement.java"
javac -classpath "C:/jbuilder5/jdk1.3/jre/lib/rt.jar;C:\Program Files\swemancipation/prebuilt/source/xerces" "C:\Program Files\swemancipation\prebuilt\source\xerces\org\w3c\dom\html\HTMLBaseElement.java"
javac -classpath "C:/jbuilder5/jdk1.3/jre/lib/rt.jar;C:\Program Files\swemancipation/prebuilt/source/xerces" "C:\Program Files\swemancipation\prebuilt\source\xerces\org\w3c\dom\html\HTMLBaseFontElement.java"
javac -classpath "C:/jbuilder5/jdk1.3/jre/lib/rt.jar;C:\Program Files\swemancipation/prebuilt/source/xerces" "C:\Program Files\swemancipation\prebuilt\source\xerces\org\w3c\dom\html\HTMLBodyElement.java"
javac -classpath "C:/jbuilder5/jdk1.3/jre/lib/rt.jar;C:\Program Files\swemancipation/prebuilt/source/xerces" "C:\Program Files\swemancipation\prebuilt\source\xerces\org\w3c\dom\html\HTMLBRElement.java"
javac -classpath "C:/jbuilder5/jdk1.3/jre/lib/rt.jar;C:\Program Files\swemancipation/prebuilt/source/xerces" "C:\Program Files\swemancipation\prebuilt\source\xerces\org\w3c\dom\html\HTMLButtonElement.java"
javac -classpath "C:/jbuilder5/jdk1.3/jre/lib/rt.jar;C:\Program Files\swemancipation/prebuilt/source/xerces" "C:\Program Files\swemancipation\prebuilt\source\xerces\org\w3c\dom\html\HTMLCollection.java"
javac -classpath "C:/jbuilder5/jdk1.3/jre/lib/rt.jar;C:\Program Files\swemancipation/prebuilt/source/xerces" "C:\Program Files\swemancipation\prebuilt\source\xerces\org\w3c\dom\html\HTMLDirectoryElement.java"
javac -classpath "C:/jbuilder5/jdk1.3/jre/lib/rt.jar;C:\Program Files\swemancipation/prebuilt/source/xerces" "C:\Program Files\swemancipation\prebuilt\source\xerces\org\w3c\dom\html\HTMLDivElement.java"
javac -classpath "C:/jbuilder5/jdk1.3/jre/lib/rt.jar;C:\Program Files\swemancipation/prebuilt/source/xerces" "C:\Program Files\swemancipation\prebuilt\source\xerces\org\w3c\dom\html\HTMLDListElement.java"
javac -classpath "C:/jbuilder5/jdk1.3/jre/lib/rt.jar;C:\Program Files\swemancipation/prebuilt/source/xerces" "C:\Program Files\swemancipation\prebuilt\source\xerces\org\w3c\dom\html\HTMLDocument.java"
javac -classpath "C:/jbuilder5/jdk1.3/jre/lib/rt.jar;C:\Program Files\swemancipation/prebuilt/source/xerces" "C:\Program Files\swemancipation\prebuilt\source\xerces\org\w3c\dom\html\HTMLDOMImplementation.java"
javac -classpath "C:/jbuilder5/jdk1.3/jre/lib/rt.jar;C:\Program Files\swemancipation/prebuilt/source/xerces" "C:\Program Files\swemancipation\prebuilt\source\xerces\org\w3c\dom\html\HTMLElement.java"
javac -classpath "C:/jbuilder5/jdk1.3/jre/lib/rt.jar;C:\Program Files\swemancipation/prebuilt/source/xerces" "C:\Program Files\swemancipation\prebuilt\source\xerces\org\w3c\dom\html\HTMLFieldSetElement.java"
javac -classpath "C:/jbuilder5/jdk1.3/jre/lib/rt.jar;C:\Program Files\swemancipation/prebuilt/source/xerces" "C:\Program Files\swemancipation\prebuilt\source\xerces\org\w3c\dom\html\HTMLFontElement.java"
javac -classpath "C:/jbuilder5/jdk1.3/jre/lib/rt.jar;C:\Program Files\swemancipation/prebuilt/source/xerces" "C:\Program Files\swemancipation\prebuilt\source\xerces\org\w3c\dom\html\HTMLFormElement.java"
javac -classpath "C:/jbuilder5/jdk1.3/jre/lib/rt.jar;C:\Program Files\swemancipation/prebuilt/source/xerces" "C:\Program Files\swemancipation\prebuilt\source\xerces\org\w3c\dom\html\HTMLFrameElement.java"
javac -classpath "C:/jbuilder5/jdk1.3/jre/lib/rt.jar;C:\Program Files\swemancipation/prebuilt/source/xerces" "C:\Program Files\swemancipation\prebuilt\source\xerces\org\w3c\dom\html\HTMLFrameSetElement.java"
javac -classpath "C:/jbuilder5/jdk1.3/jre/lib/rt.jar;C:\Program Files\swemancipation/prebuilt/source/xerces" "C:\Program Files\swemancipation\prebuilt\source\xerces\org\w3c\dom\html\HTMLHeadElement.java"
javac -classpath "C:/jbuilder5/jdk1.3/jre/lib/rt.jar;C:\Program Files\swemancipation/prebuilt/source/xerces" "C:\Program Files\swemancipation\prebuilt\source\xerces\org\w3c\dom\html\HTMLHeadingElement.java"
javac -classpath "C:/jbuilder5/jdk1.3/jre/lib/rt.jar;C:\Program Files\swemancipation/prebuilt/source/xerces" "C:\Program Files\swemancipation\prebuilt\source\xerces\org\w3c\dom\html\HTMLHRElement.java"
javac -classpath "C:/jbuilder5/jdk1.3/jre/lib/rt.jar;C:\Program Files\swemancipation/prebuilt/source/xerces" "C:\Program Files\swemancipation\prebuilt\source\xerces\org\w3c\dom\html\HTMLHtmlElement.java"
javac -classpath "C:/jbuilder5/jdk1.3/jre/lib/rt.jar;C:\Program Files\swemancipation/prebuilt/source/xerces" "C:\Program Files\swemancipation\prebuilt\source\xerces\org\w3c\dom\html\HTMLIFrameElement.java"
javac -classpath "C:/jbuilder5/jdk1.3/jre/lib/rt.jar;C:\Program Files\swemancipation/prebuilt/source/xerces" "C:\Program Files\swemancipation\prebuilt\source\xerces\org\w3c\dom\html\HTMLImageElement.java"
javac -classpath "C:/jbuilder5/jdk1.3/jre/lib/rt.jar;C:\Program Files\swemancipation/prebuilt/source/xerces" "C:\Program Files\swemancipation\prebuilt\source\xerces\org\w3c\dom\html\HTMLInputElement.java"
javac -classpath "C:/jbuilder5/jdk1.3/jre/lib/rt.jar;C:\Program Files\swemancipation/prebuilt/source/xerces" "C:\Program Files\swemancipation\prebuilt\source\xerces\org\w3c\dom\html\HTMLIsIndexElement.java"
javac -classpath "C:/jbuilder5/jdk1.3/jre/lib/rt.jar;C:\Program Files\swemancipation/prebuilt/source/xerces" "C:\Program Files\swemancipation\prebuilt\source\xerces\org\w3c\dom\html\HTMLLabelElement.java"
javac -classpath "C:/jbuilder5/jdk1.3/jre/lib/rt.jar;C:\Program Files\swemancipation/prebuilt/source/xerces" "C:\Program Files\swemancipation\prebuilt\source\xerces\org\w3c\dom\html\HTMLLegendElement.java"
javac -classpath "C:/jbuilder5/jdk1.3/jre/lib/rt.jar;C:\Program Files\swemancipation/prebuilt/source/xerces" "C:\Program Files\swemancipation\prebuilt\source\xerces\org\w3c\dom\html\HTMLLIElement.java"
javac -classpath "C:/jbuilder5/jdk1.3/jre/lib/rt.jar;C:\Program Files\swemancipation/prebuilt/source/xerces" "C:\Program Files\swemancipation\prebuilt\source\xerces\org\w3c\dom\html\HTMLLinkElement.java"
javac -classpath "C:/jbuilder5/jdk1.3/jre/lib/rt.jar;C:\Program Files\swemancipation/prebuilt/source/xerces" "C:\Program Files\swemancipation\prebuilt\source\xerces\org\w3c\dom\html\HTMLMapElement.java"
javac -classpath "C:/jbuilder5/jdk1.3/jre/lib/rt.jar;C:\Program Files\swemancipation/prebuilt/source/xerces" "C:\Program Files\swemancipation\prebuilt\source\xerces\org\w3c\dom\html\HTMLMenuElement.java"
javac -classpath "C:/jbuilder5/jdk1.3/jre/lib/rt.jar;C:\Program Files\swemancipation/prebuilt/source/xerces" "C:\Program Files\swemancipation\prebuilt\source\xerces\org\w3c\dom\html\HTMLMetaElement.java"
javac -classpath "C:/jbuilder5/jdk1.3/jre/lib/rt.jar;C:\Program Files\swemancipation/prebuilt/source/xerces" "C:\Program Files\swemancipation\prebuilt\source\xerces\org\w3c\dom\html\HTMLModElement.java"
javac -classpath "C:/jbuilder5/jdk1.3/jre/lib/rt.jar;C:\Program Files\swemancipation/prebuilt/source/xerces" "C:\Program Files\swemancipation\prebuilt\source\xerces\org\w3c\dom\html\HTMLObjectElement.java"
javac -classpath "C:/jbuilder5/jdk1.3/jre/lib/rt.jar;C:\Program Files\swemancipation/prebuilt/source/xerces" "C:\Program Files\swemancipation\prebuilt\source\xerces\org\w3c\dom\html\HTMLOListElement.java"
javac -classpath "C:/jbuilder5/jdk1.3/jre/lib/rt.jar;C:\Program Files\swemancipation/prebuilt/source/xerces" "C:\Program Files\swemancipation\prebuilt\source\xerces\org\w3c\dom\html\HTMLOptGroupElement.java"
javac -classpath "C:/jbuilder5/jdk1.3/jre/lib/rt.jar;C:\Program Files\swemancipation/prebuilt/source/xerces" "C:\Program Files\swemancipation\prebuilt\source\xerces\org\w3c\dom\html\HTMLOptionElement.java"
javac -classpath "C:/jbuilder5/jdk1.3/jre/lib/rt.jar;C:\Program Files\swemancipation/prebuilt/source/xerces" "C:\Program Files\swemancipation\prebuilt\source\xerces\org\w3c\dom\html\HTMLParagraphElement.java"
javac -classpath "C:/jbuilder5/jdk1.3/jre/lib/rt.jar;C:\Program Files\swemancipation/prebuilt/source/xerces" "C:\Program Files\swemancipation\prebuilt\source\xerces\org\w3c\dom\html\HTMLParamElement.java"
javac -classpath "C:/jbuilder5/jdk1.3/jre/lib/rt.jar;C:\Program Files\swemancipation/prebuilt/source/xerces" "C:\Program Files\swemancipation\prebuilt\source\xerces\org\w3c\dom\html\HTMLPreElement.java"
javac -classpath "C:/jbuilder5/jdk1.3/jre/lib/rt.jar;C:\Program Files\swemancipation/prebuilt/source/xerces" "C:\Program Files\swemancipation\prebuilt\source\xerces\org\w3c\dom\html\HTMLQuoteElement.java"
javac -classpath "C:/jbuilder5/jdk1.3/jre/lib/rt.jar;C:\Program Files\swemancipation/prebuilt/source/xerces" "C:\Program Files\swemancipation\prebuilt\source\xerces\org\w3c\dom\html\HTMLScriptElement.java"
javac -classpath "C:/jbuilder5/jdk1.3/jre/lib/rt.jar;C:\Program Files\swemancipation/prebuilt/source/xerces" "C:\Program Files\swemancipation\prebuilt\source\xerces\org\w3c\dom\html\HTMLSelectElement.java"
javac -classpath "C:/jbuilder5/jdk1.3/jre/lib/rt.jar;C:\Program Files\swemancipation/prebuilt/source/xerces" "C:\Program Files\swemancipation\prebuilt\source\xerces\org\w3c\dom\html\HTMLStyleElement.java"
javac -classpath "C:/jbuilder5/jdk1.3/jre/lib/rt.jar;C:\Program Files\swemancipation/prebuilt/source/xerces" "C:\Program Files\swemancipation\prebuilt\source\xerces\org\w3c\dom\html\HTMLTableCaptionElement.java"
javac -classpath "C:/jbuilder5/jdk1.3/jre/lib/rt.jar;C:\Program Files\swemancipation/prebuilt/source/xerces" "C:\Program Files\swemancipation\prebuilt\source\xerces\org\w3c\dom\html\HTMLTableCellElement.java"
javac -classpath "C:/jbuilder5/jdk1.3/jre/lib/rt.jar;C:\Program Files\swemancipation/prebuilt/source/xerces" "C:\Program Files\swemancipation\prebuilt\source\xerces\org\w3c\dom\html\HTMLTableColElement.java"
javac -classpath "C:/jbuilder5/jdk1.3/jre/lib/rt.jar;C:\Program Files\swemancipation/prebuilt/source/xerces" "C:\Program Files\swemancipation\prebuilt\source\xerces\org\w3c\dom\html\HTMLTableElement.java"
javac -classpath "C:/jbuilder5/jdk1.3/jre/lib/rt.jar;C:\Program Files\swemancipation/prebuilt/source/xerces" "C:\Program Files\swemancipation\prebuilt\source\xerces\org\w3c\dom\html\HTMLTableRowElement.java"
javac -classpath "C:/jbuilder5/jdk1.3/jre/lib/rt.jar;C:\Program Files\swemancipation/prebuilt/source/xerces" "C:\Program Files\swemancipation\prebuilt\source\xerces\org\w3c\dom\html\HTMLTableSectionElement.java"
javac -classpath "C:/jbuilder5/jdk1.3/jre/lib/rt.jar;C:\Program Files\swemancipation/prebuilt/source/xerces" "C:\Program Files\swemancipation\prebuilt\source\xerces\org\w3c\dom\html\HTMLTextAreaElement.java"
javac -classpath "C:/jbuilder5/jdk1.3/jre/lib/rt.jar;C:\Program Files\swemancipation/prebuilt/source/xerces" "C:\Program Files\swemancipation\prebuilt\source\xerces\org\w3c\dom\html\HTMLTitleElement.java"
javac -classpath "C:/jbuilder5/jdk1.3/jre/lib/rt.jar;C:\Program Files\swemancipation/prebuilt/source/xerces" "C:\Program Files\swemancipation\prebuilt\source\xerces\org\w3c\dom\html\HTMLUListElement.java"
javac -classpath "C:/jbuilder5/jdk1.3/jre/lib/rt.jar;C:\Program Files\swemancipation/prebuilt/source/xerces" "C:\Program Files\swemancipation\prebuilt\source\xerces\org\w3c\dom\ranges\DocumentRange.java"
javac -classpath "C:/jbuilder5/jdk1.3/jre/lib/rt.jar;C:\Program Files\swemancipation/prebuilt/source/xerces" "C:\Program Files\swemancipation\prebuilt\source\xerces\org\w3c\dom\ranges\Range.java"
javac -classpath "C:/jbuilder5/jdk1.3/jre/lib/rt.jar;C:\Program Files\swemancipation/prebuilt/source/xerces" "C:\Program Files\swemancipation\prebuilt\source\xerces\org\w3c\dom\ranges\RangeException.java"
javac -classpath "C:/jbuilder5/jdk1.3/jre/lib/rt.jar;C:\Program Files\swemancipation/prebuilt/source/xerces" "C:\Program Files\swemancipation\prebuilt\source\xerces\org\w3c\dom\traversal\DocumentTraversal.java"
javac -classpath "C:/jbuilder5/jdk1.3/jre/lib/rt.jar;C:\Program Files\swemancipation/prebuilt/source/xerces" "C:\Program Files\swemancipation\prebuilt\source\xerces\org\w3c\dom\traversal\NodeFilter.java"
javac -classpath "C:/jbuilder5/jdk1.3/jre/lib/rt.jar;C:\Program Files\swemancipation/prebuilt/source/xerces" "C:\Program Files\swemancipation\prebuilt\source\xerces\org\w3c\dom\traversal\NodeIterator.java"
javac -classpath "C:/jbuilder5/jdk1.3/jre/lib/rt.jar;C:\Program Files\swemancipation/prebuilt/source/xerces" "C:\Program Files\swemancipation\prebuilt\source\xerces\org\w3c\dom\traversal\TreeWalker.java"
javac -classpath "C:/jbuilder5/jdk1.3/jre/lib/rt.jar;C:\Program Files\swemancipation/prebuilt/source/xerces" "C:\Program Files\swemancipation\prebuilt\source\xerces\org\xml\sax\AttributeList.java"
javac -classpath "C:/jbuilder5/jdk1.3/jre/lib/rt.jar;C:\Program Files\swemancipation/prebuilt/source/xerces" "C:\Program Files\swemancipation\prebuilt\source\xerces\org\xml\sax\Attributes.java"
javac -classpath "C:/jbuilder5/jdk1.3/jre/lib/rt.jar;C:\Program Files\swemancipation/prebuilt/source/xerces" "C:\Program Files\swemancipation\prebuilt\source\xerces\org\xml\sax\ContentHandler.java"
javac -classpath "C:/jbuilder5/jdk1.3/jre/lib/rt.jar;C:\Program Files\swemancipation/prebuilt/source/xerces" "C:\Program Files\swemancipation\prebuilt\source\xerces\org\xml\sax\DocumentHandler.java"
javac -classpath "C:/jbuilder5/jdk1.3/jre/lib/rt.jar;C:\Program Files\swemancipation/prebuilt/source/xerces" "C:\Program Files\swemancipation\prebuilt\source\xerces\org\xml\sax\DTDHandler.java"
javac -classpath "C:/jbuilder5/jdk1.3/jre/lib/rt.jar;C:\Program Files\swemancipation/prebuilt/source/xerces" "C:\Program Files\swemancipation\prebuilt\source\xerces\org\xml\sax\EntityResolver.java"
javac -classpath "C:/jbuilder5/jdk1.3/jre/lib/rt.jar;C:\Program Files\swemancipation/prebuilt/source/xerces" "C:\Program Files\swemancipation\prebuilt\source\xerces\org\xml\sax\ErrorHandler.java"
javac -classpath "C:/jbuilder5/jdk1.3/jre/lib/rt.jar;C:\Program Files\swemancipation/prebuilt/source/xerces" "C:\Program Files\swemancipation\prebuilt\source\xerces\org\xml\sax\HandlerBase.java"
javac -classpath "C:/jbuilder5/jdk1.3/jre/lib/rt.jar;C:\Program Files\swemancipation/prebuilt/source/xerces" "C:\Program Files\swemancipation\prebuilt\source\xerces\org\xml\sax\InputSource.java"
javac -classpath "C:/jbuilder5/jdk1.3/jre/lib/rt.jar;C:\Program Files\swemancipation/prebuilt/source/xerces" "C:\Program Files\swemancipation\prebuilt\source\xerces\org\xml\sax\Locator.java"
javac -classpath "C:/jbuilder5/jdk1.3/jre/lib/rt.jar;C:\Program Files\swemancipation/prebuilt/source/xerces" "C:\Program Files\swemancipation\prebuilt\source\xerces\org\xml\sax\Parser.java"
javac -classpath "C:/jbuilder5/jdk1.3/jre/lib/rt.jar;C:\Program Files\swemancipation/prebuilt/source/xerces" "C:\Program Files\swemancipation\prebuilt\source\xerces\org\xml\sax\SAXException.java"
javac -classpath "C:/jbuilder5/jdk1.3/jre/lib/rt.jar;C:\Program Files\swemancipation/prebuilt/source/xerces" "C:\Program Files\swemancipation\prebuilt\source\xerces\org\xml\sax\SAXNotRecognizedException.java"
javac -classpath "C:/jbuilder5/jdk1.3/jre/lib/rt.jar;C:\Program Files\swemancipation/prebuilt/source/xerces" "C:\Program Files\swemancipation\prebuilt\source\xerces\org\xml\sax\SAXNotSupportedException.java"
javac -classpath "C:/jbuilder5/jdk1.3/jre/lib/rt.jar;C:\Program Files\swemancipation/prebuilt/source/xerces" "C:\Program Files\swemancipation\prebuilt\source\xerces\org\xml\sax\SAXParseException.java"
javac -classpath "C:/jbuilder5/jdk1.3/jre/lib/rt.jar;C:\Program Files\swemancipation/prebuilt/source/xerces" "C:\Program Files\swemancipation\prebuilt\source\xerces\org\xml\sax\XMLFilter.java"
javac -classpath "C:/jbuilder5/jdk1.3/jre/lib/rt.jar;C:\Program Files\swemancipation/prebuilt/source/xerces" "C:\Program Files\swemancipation\prebuilt\source\xerces\org\xml\sax\XMLReader.java"
javac -classpath "C:/jbuilder5/jdk1.3/jre/lib/rt.jar;C:\Program Files\swemancipation/prebuilt/source/xerces" "C:\Program Files\swemancipation\prebuilt\source\xerces\org\xml\sax\ext\DeclHandler.java"
javac -classpath "C:/jbuilder5/jdk1.3/jre/lib/rt.jar;C:\Program Files\swemancipation/prebuilt/source/xerces" "C:\Program Files\swemancipation\prebuilt\source\xerces\org\xml\sax\ext\LexicalHandler.java"
javac -classpath "C:/jbuilder5/jdk1.3/jre/lib/rt.jar;C:\Program Files\swemancipation/prebuilt/source/xerces" "C:\Program Files\swemancipation\prebuilt\source\xerces\org\xml\sax\helpers\AttributeListImpl.java"
javac -classpath "C:/jbuilder5/jdk1.3/jre/lib/rt.jar;C:\Program Files\swemancipation/prebuilt/source/xerces" "C:\Program Files\swemancipation\prebuilt\source\xerces\org\xml\sax\helpers\AttributesImpl.java"
javac -classpath "C:/jbuilder5/jdk1.3/jre/lib/rt.jar;C:\Program Files\swemancipation/prebuilt/source/xerces" "C:\Program Files\swemancipation\prebuilt\source\xerces\org\xml\sax\helpers\DefaultHandler.java"
javac -classpath "C:/jbuilder5/jdk1.3/jre/lib/rt.jar;C:\Program Files\swemancipation/prebuilt/source/xerces" "C:\Program Files\swemancipation\prebuilt\source\xerces\org\xml\sax\helpers\LocatorImpl.java"
javac -classpath "C:/jbuilder5/jdk1.3/jre/lib/rt.jar;C:\Program Files\swemancipation/prebuilt/source/xerces" "C:\Program Files\swemancipation\prebuilt\source\xerces\org\xml\sax\helpers\NamespaceSupport.java"
javac -classpath "C:/jbuilder5/jdk1.3/jre/lib/rt.jar;C:\Program Files\swemancipation/prebuilt/source/xerces" "C:\Program Files\swemancipation\prebuilt\source\xerces\org\xml\sax\helpers\ParserAdapter.java"
javac -classpath "C:/jbuilder5/jdk1.3/jre/lib/rt.jar;C:\Program Files\swemancipation/prebuilt/source/xerces" "C:\Program Files\swemancipation\prebuilt\source\xerces\org\xml\sax\helpers\ParserFactory.java"
javac -classpath "C:/jbuilder5/jdk1.3/jre/lib/rt.jar;C:\Program Files\swemancipation/prebuilt/source/xerces" "C:\Program Files\swemancipation\prebuilt\source\xerces\org\xml\sax\helpers\XMLFilterImpl.java"
javac -classpath "C:/jbuilder5/jdk1.3/jre/lib/rt.jar;C:\Program Files\swemancipation/prebuilt/source/xerces" "C:\Program Files\swemancipation\prebuilt\source\xerces\org\xml\sax\helpers\XMLReaderAdapter.java"
javac -classpath "C:/jbuilder5/jdk1.3/jre/lib/rt.jar;C:\Program Files\swemancipation/prebuilt/source/xerces" "C:\Program Files\swemancipation\prebuilt\source\xerces\org\xml\sax\helpers\XMLReaderFactory.java"
