nameserver
dish
flex
aset_jfe
dis_sql
model_server:model_server
pset_server:model_server
emacs_integration
vs_integration
jbuilder_integration
mrg_update
mrg_diff
mrg_ui
sevreporter
canceldialog
ifext
simplify
aset_CCcc
dis_path
disperl
dismb
dislite
mail
wakeup
tcl:dis_tcl8.3
tk:dis_tk8.3
vim:vim-5.3
discovermdi:newntui
serverstart
serverspy
admintool
checklist
setfork
parsercmd
cmdriver
cmdish
pdfgen
scandsp
pathcvt
devxlauncher
ci_environment
mbdriver
log_presentation
spawnprocess
md5
ciadmin:adminui
emacsAdapter
devxAdapter
