~bl~ File found in directory C:/Program Files/Microsoft Visual Studio/VC98/mfc.
cd "C:/Program Files/Microsoft Visual Studio/VC98/mfc"
CL "-IC:/Program Files/Microsoft Visual Studio/VC98\INCLUDE" "-IC:/Program Files/Microsoft Visual Studio/VC98\MFC\INCLUDE" "-IC:/Program Files/Microsoft Visual Studio/VC98\ATL\INCLUDE" "C:\Program Files\Microsoft Visual Studio\VC98\mfc\SRC\AFXABORT.CPP"
CL "-IC:/Program Files/Microsoft Visual Studio/VC98\INCLUDE" "-IC:/Program Files/Microsoft Visual Studio/VC98\MFC\INCLUDE" "-IC:/Program Files/Microsoft Visual Studio/VC98\ATL\INCLUDE" "C:\Program Files\Microsoft Visual Studio\VC98\mfc\SRC\AFXASERT.CPP"
CL "-IC:/Program Files/Microsoft Visual Studio/VC98\INCLUDE" "-IC:/Program Files/Microsoft Visual Studio/VC98\MFC\INCLUDE" "-IC:/Program Files/Microsoft Visual Studio/VC98\ATL\INCLUDE" "C:\Program Files\Microsoft Visual Studio\VC98\mfc\SRC\AFXCRIT.CPP"
CL "-IC:/Program Files/Microsoft Visual Studio/VC98\INCLUDE" "-IC:/Program Files/Microsoft Visual Studio/VC98\MFC\INCLUDE" "-IC:/Program Files/Microsoft Visual Studio/VC98\ATL\INCLUDE" "C:\Program Files\Microsoft Visual Studio\VC98\mfc\SRC\AFXDBCS.CPP"
CL "-IC:/Program Files/Microsoft Visual Studio/VC98\INCLUDE" "-IC:/Program Files/Microsoft Visual Studio/VC98\MFC\INCLUDE" "-IC:/Program Files/Microsoft Visual Studio/VC98\ATL\INCLUDE" "C:\Program Files\Microsoft Visual Studio\VC98\mfc\SRC\AFXINL1.CPP"
CL "-IC:/Program Files/Microsoft Visual Studio/VC98\INCLUDE" "-IC:/Program Files/Microsoft Visual Studio/VC98\MFC\INCLUDE" "-IC:/Program Files/Microsoft Visual Studio/VC98\ATL\INCLUDE" "C:\Program Files\Microsoft Visual Studio\VC98\mfc\SRC\AFXINL2.CPP"
CL "-IC:/Program Files/Microsoft Visual Studio/VC98\INCLUDE" "-IC:/Program Files/Microsoft Visual Studio/VC98\MFC\INCLUDE" "-IC:/Program Files/Microsoft Visual Studio/VC98\ATL\INCLUDE" "C:\Program Files\Microsoft Visual Studio\VC98\mfc\SRC\AFXINL3.CPP"
CL "-IC:/Program Files/Microsoft Visual Studio/VC98\INCLUDE" "-IC:/Program Files/Microsoft Visual Studio/VC98\MFC\INCLUDE" "-IC:/Program Files/Microsoft Visual Studio/VC98\ATL\INCLUDE" "C:\Program Files\Microsoft Visual Studio\VC98\mfc\SRC\AFXMEM.CPP"
CL "-IC:/Program Files/Microsoft Visual Studio/VC98\INCLUDE" "-IC:/Program Files/Microsoft Visual Studio/VC98\MFC\INCLUDE" "-IC:/Program Files/Microsoft Visual Studio/VC98\ATL\INCLUDE" "C:\Program Files\Microsoft Visual Studio\VC98\mfc\SRC\AFXSTATE.CPP"
CL "-IC:/Program Files/Microsoft Visual Studio/VC98\INCLUDE" "-IC:/Program Files/Microsoft Visual Studio/VC98\MFC\INCLUDE" "-IC:/Program Files/Microsoft Visual Studio/VC98\ATL\INCLUDE" "C:\Program Files\Microsoft Visual Studio\VC98\mfc\SRC\AFXTLS.CPP"
CL "-IC:/Program Files/Microsoft Visual Studio/VC98\INCLUDE" "-IC:/Program Files/Microsoft Visual Studio/VC98\MFC\INCLUDE" "-IC:/Program Files/Microsoft Visual Studio/VC98\ATL\INCLUDE" "C:\Program Files\Microsoft Visual Studio\VC98\mfc\SRC\AFXTRACE.CPP"
CL "-IC:/Program Files/Microsoft Visual Studio/VC98\INCLUDE" "-IC:/Program Files/Microsoft Visual Studio/VC98\MFC\INCLUDE" "-IC:/Program Files/Microsoft Visual Studio/VC98\ATL\INCLUDE" "C:\Program Files\Microsoft Visual Studio\VC98\mfc\SRC\APP3D.CPP"
CL "-IC:/Program Files/Microsoft Visual Studio/VC98\INCLUDE" "-IC:/Program Files/Microsoft Visual Studio/VC98\MFC\INCLUDE" "-IC:/Program Files/Microsoft Visual Studio/VC98\ATL\INCLUDE" "C:\Program Files\Microsoft Visual Studio\VC98\mfc\SRC\APP3DS.CPP"
CL "-IC:/Program Files/Microsoft Visual Studio/VC98\INCLUDE" "-IC:/Program Files/Microsoft Visual Studio/VC98\MFC\INCLUDE" "-IC:/Program Files/Microsoft Visual Studio/VC98\ATL\INCLUDE" "C:\Program Files\Microsoft Visual Studio\VC98\mfc\SRC\APPCORE.CPP"
CL "-IC:/Program Files/Microsoft Visual Studio/VC98\INCLUDE" "-IC:/Program Files/Microsoft Visual Studio/VC98\MFC\INCLUDE" "-IC:/Program Files/Microsoft Visual Studio/VC98\ATL\INCLUDE" "C:\Program Files\Microsoft Visual Studio\VC98\mfc\SRC\APPDLG.CPP"
CL "-IC:/Program Files/Microsoft Visual Studio/VC98\INCLUDE" "-IC:/Program Files/Microsoft Visual Studio/VC98\MFC\INCLUDE" "-IC:/Program Files/Microsoft Visual Studio/VC98\ATL\INCLUDE" "C:\Program Files\Microsoft Visual Studio\VC98\mfc\SRC\APPGRAY.CPP"
CL "-IC:/Program Files/Microsoft Visual Studio/VC98\INCLUDE" "-IC:/Program Files/Microsoft Visual Studio/VC98\MFC\INCLUDE" "-IC:/Program Files/Microsoft Visual Studio/VC98\ATL\INCLUDE" "C:\Program Files\Microsoft Visual Studio\VC98\mfc\SRC\APPHELP.CPP"
CL "-IC:/Program Files/Microsoft Visual Studio/VC98\INCLUDE" "-IC:/Program Files/Microsoft Visual Studio/VC98\MFC\INCLUDE" "-IC:/Program Files/Microsoft Visual Studio/VC98\ATL\INCLUDE" "C:\Program Files\Microsoft Visual Studio\VC98\mfc\SRC\APPHELPX.CPP"
CL "-IC:/Program Files/Microsoft Visual Studio/VC98\INCLUDE" "-IC:/Program Files/Microsoft Visual Studio/VC98\MFC\INCLUDE" "-IC:/Program Files/Microsoft Visual Studio/VC98\ATL\INCLUDE" "C:\Program Files\Microsoft Visual Studio\VC98\mfc\SRC\APPINIT.CPP"
CL "-IC:/Program Files/Microsoft Visual Studio/VC98\INCLUDE" "-IC:/Program Files/Microsoft Visual Studio/VC98\MFC\INCLUDE" "-IC:/Program Files/Microsoft Visual Studio/VC98\ATL\INCLUDE" "C:\Program Files\Microsoft Visual Studio\VC98\mfc\SRC\APPMODUL.CPP"
CL "-IC:/Program Files/Microsoft Visual Studio/VC98\INCLUDE" "-IC:/Program Files/Microsoft Visual Studio/VC98\MFC\INCLUDE" "-IC:/Program Files/Microsoft Visual Studio/VC98\ATL\INCLUDE" "C:\Program Files\Microsoft Visual Studio\VC98\mfc\SRC\APPPRNT.CPP"
CL "-IC:/Program Files/Microsoft Visual Studio/VC98\INCLUDE" "-IC:/Program Files/Microsoft Visual Studio/VC98\MFC\INCLUDE" "-IC:/Program Files/Microsoft Visual Studio/VC98\ATL\INCLUDE" "C:\Program Files\Microsoft Visual Studio\VC98\mfc\SRC\APPTERM.CPP"
CL "-IC:/Program Files/Microsoft Visual Studio/VC98\INCLUDE" "-IC:/Program Files/Microsoft Visual Studio/VC98\MFC\INCLUDE" "-IC:/Program Files/Microsoft Visual Studio/VC98\ATL\INCLUDE" "C:\Program Files\Microsoft Visual Studio\VC98\mfc\SRC\APPUI.CPP"
CL "-IC:/Program Files/Microsoft Visual Studio/VC98\INCLUDE" "-IC:/Program Files/Microsoft Visual Studio/VC98\MFC\INCLUDE" "-IC:/Program Files/Microsoft Visual Studio/VC98\ATL\INCLUDE" "C:\Program Files\Microsoft Visual Studio\VC98\mfc\SRC\APPUI1.CPP"
CL "-IC:/Program Files/Microsoft Visual Studio/VC98\INCLUDE" "-IC:/Program Files/Microsoft Visual Studio/VC98\MFC\INCLUDE" "-IC:/Program Files/Microsoft Visual Studio/VC98\ATL\INCLUDE" "C:\Program Files\Microsoft Visual Studio\VC98\mfc\SRC\APPUI2.CPP"
CL "-IC:/Program Files/Microsoft Visual Studio/VC98\INCLUDE" "-IC:/Program Files/Microsoft Visual Studio/VC98\MFC\INCLUDE" "-IC:/Program Files/Microsoft Visual Studio/VC98\ATL\INCLUDE" "C:\Program Files\Microsoft Visual Studio\VC98\mfc\SRC\APPUI3.CPP"
CL "-IC:/Program Files/Microsoft Visual Studio/VC98\INCLUDE" "-IC:/Program Files/Microsoft Visual Studio/VC98\MFC\INCLUDE" "-IC:/Program Files/Microsoft Visual Studio/VC98\ATL\INCLUDE" "C:\Program Files\Microsoft Visual Studio\VC98\mfc\SRC\ARCCORE.CPP"
CL "-IC:/Program Files/Microsoft Visual Studio/VC98\INCLUDE" "-IC:/Program Files/Microsoft Visual Studio/VC98\MFC\INCLUDE" "-IC:/Program Files/Microsoft Visual Studio/VC98\ATL\INCLUDE" "C:\Program Files\Microsoft Visual Studio\VC98\mfc\SRC\ARCEX.CPP"
CL "-IC:/Program Files/Microsoft Visual Studio/VC98\INCLUDE" "-IC:/Program Files/Microsoft Visual Studio/VC98\MFC\INCLUDE" "-IC:/Program Files/Microsoft Visual Studio/VC98\ATL\INCLUDE" "C:\Program Files\Microsoft Visual Studio\VC98\mfc\SRC\ARCOBJ.CPP"
CL "-IC:/Program Files/Microsoft Visual Studio/VC98\INCLUDE" "-IC:/Program Files/Microsoft Visual Studio/VC98\MFC\INCLUDE" "-IC:/Program Files/Microsoft Visual Studio/VC98\ATL\INCLUDE" "C:\Program Files\Microsoft Visual Studio\VC98\mfc\SRC\ARCSTRM.CPP"
CL "-IC:/Program Files/Microsoft Visual Studio/VC98\INCLUDE" "-IC:/Program Files/Microsoft Visual Studio/VC98\MFC\INCLUDE" "-IC:/Program Files/Microsoft Visual Studio/VC98\ATL\INCLUDE" "C:\Program Files\Microsoft Visual Studio\VC98\mfc\SRC\ARRAY_B.CPP"
CL "-IC:/Program Files/Microsoft Visual Studio/VC98\INCLUDE" "-IC:/Program Files/Microsoft Visual Studio/VC98\MFC\INCLUDE" "-IC:/Program Files/Microsoft Visual Studio/VC98\ATL\INCLUDE" "C:\Program Files\Microsoft Visual Studio\VC98\mfc\SRC\ARRAY_D.CPP"
CL "-IC:/Program Files/Microsoft Visual Studio/VC98\INCLUDE" "-IC:/Program Files/Microsoft Visual Studio/VC98\MFC\INCLUDE" "-IC:/Program Files/Microsoft Visual Studio/VC98\ATL\INCLUDE" "C:\Program Files\Microsoft Visual Studio\VC98\mfc\SRC\ARRAY_O.CPP"
CL "-IC:/Program Files/Microsoft Visual Studio/VC98\INCLUDE" "-IC:/Program Files/Microsoft Visual Studio/VC98\MFC\INCLUDE" "-IC:/Program Files/Microsoft Visual Studio/VC98\ATL\INCLUDE" "C:\Program Files\Microsoft Visual Studio\VC98\mfc\SRC\ARRAY_P.CPP"
CL "-IC:/Program Files/Microsoft Visual Studio/VC98\INCLUDE" "-IC:/Program Files/Microsoft Visual Studio/VC98\MFC\INCLUDE" "-IC:/Program Files/Microsoft Visual Studio/VC98\ATL\INCLUDE" "C:\Program Files\Microsoft Visual Studio\VC98\mfc\SRC\ARRAY_S.CPP"
CL "-IC:/Program Files/Microsoft Visual Studio/VC98\INCLUDE" "-IC:/Program Files/Microsoft Visual Studio/VC98\MFC\INCLUDE" "-IC:/Program Files/Microsoft Visual Studio/VC98\ATL\INCLUDE" "C:\Program Files\Microsoft Visual Studio\VC98\mfc\SRC\ARRAY_U.CPP"
CL "-IC:/Program Files/Microsoft Visual Studio/VC98\INCLUDE" "-IC:/Program Files/Microsoft Visual Studio/VC98\MFC\INCLUDE" "-IC:/Program Files/Microsoft Visual Studio/VC98\ATL\INCLUDE" "C:\Program Files\Microsoft Visual Studio\VC98\mfc\SRC\ARRAY_W.CPP"
CL "-IC:/Program Files/Microsoft Visual Studio/VC98\INCLUDE" "-IC:/Program Files/Microsoft Visual Studio/VC98\MFC\INCLUDE" "-IC:/Program Files/Microsoft Visual Studio/VC98\ATL\INCLUDE" "C:\Program Files\Microsoft Visual Studio\VC98\mfc\SRC\AUXDATA.CPP"
CL "-IC:/Program Files/Microsoft Visual Studio/VC98\INCLUDE" "-IC:/Program Files/Microsoft Visual Studio/VC98\MFC\INCLUDE" "-IC:/Program Files/Microsoft Visual Studio/VC98\ATL\INCLUDE" "C:\Program Files\Microsoft Visual Studio\VC98\mfc\SRC\BARCOOL.CPP"
CL "-IC:/Program Files/Microsoft Visual Studio/VC98\INCLUDE" "-IC:/Program Files/Microsoft Visual Studio/VC98\MFC\INCLUDE" "-IC:/Program Files/Microsoft Visual Studio/VC98\ATL\INCLUDE" "C:\Program Files\Microsoft Visual Studio\VC98\mfc\SRC\BARCORE.CPP"
CL "-IC:/Program Files/Microsoft Visual Studio/VC98\INCLUDE" "-IC:/Program Files/Microsoft Visual Studio/VC98\MFC\INCLUDE" "-IC:/Program Files/Microsoft Visual Studio/VC98\ATL\INCLUDE" "C:\Program Files\Microsoft Visual Studio\VC98\mfc\SRC\BARDLG.CPP"
CL "-IC:/Program Files/Microsoft Visual Studio/VC98\INCLUDE" "-IC:/Program Files/Microsoft Visual Studio/VC98\MFC\INCLUDE" "-IC:/Program Files/Microsoft Visual Studio/VC98\ATL\INCLUDE" "C:\Program Files\Microsoft Visual Studio\VC98\mfc\SRC\BARDOCK.CPP"
CL "-IC:/Program Files/Microsoft Visual Studio/VC98\INCLUDE" "-IC:/Program Files/Microsoft Visual Studio/VC98\MFC\INCLUDE" "-IC:/Program Files/Microsoft Visual Studio/VC98\ATL\INCLUDE" "C:\Program Files\Microsoft Visual Studio\VC98\mfc\SRC\BARSTAT.CPP"
CL "-IC:/Program Files/Microsoft Visual Studio/VC98\INCLUDE" "-IC:/Program Files/Microsoft Visual Studio/VC98\MFC\INCLUDE" "-IC:/Program Files/Microsoft Visual Studio/VC98\ATL\INCLUDE" "C:\Program Files\Microsoft Visual Studio\VC98\mfc\SRC\BARTOOL.CPP"
CL "-IC:/Program Files/Microsoft Visual Studio/VC98\INCLUDE" "-IC:/Program Files/Microsoft Visual Studio/VC98\MFC\INCLUDE" "-IC:/Program Files/Microsoft Visual Studio/VC98\ATL\INCLUDE" "C:\Program Files\Microsoft Visual Studio\VC98\mfc\SRC\CCDATA.CPP"
CL "-IC:/Program Files/Microsoft Visual Studio/VC98\INCLUDE" "-IC:/Program Files/Microsoft Visual Studio/VC98\MFC\INCLUDE" "-IC:/Program Files/Microsoft Visual Studio/VC98\ATL\INCLUDE" "C:\Program Files\Microsoft Visual Studio\VC98\mfc\SRC\CMDTARG.CPP"
CL "-IC:/Program Files/Microsoft Visual Studio/VC98\INCLUDE" "-IC:/Program Files/Microsoft Visual Studio/VC98\MFC\INCLUDE" "-IC:/Program Files/Microsoft Visual Studio/VC98\ATL\INCLUDE" "C:\Program Files\Microsoft Visual Studio\VC98\mfc\SRC\CTLCACHE.CPP"
CL "-IC:/Program Files/Microsoft Visual Studio/VC98\INCLUDE" "-IC:/Program Files/Microsoft Visual Studio/VC98\MFC\INCLUDE" "-IC:/Program Files/Microsoft Visual Studio/VC98\ATL\INCLUDE" "C:\Program Files\Microsoft Visual Studio\VC98\mfc\SRC\CTLCONN.CPP"
CL "-IC:/Program Files/Microsoft Visual Studio/VC98\INCLUDE" "-IC:/Program Files/Microsoft Visual Studio/VC98\MFC\INCLUDE" "-IC:/Program Files/Microsoft Visual Studio/VC98\ATL\INCLUDE" "C:\Program Files\Microsoft Visual Studio\VC98\mfc\SRC\CTLCORE.CPP"
CL "-IC:/Program Files/Microsoft Visual Studio/VC98\INCLUDE" "-IC:/Program Files/Microsoft Visual Studio/VC98\MFC\INCLUDE" "-IC:/Program Files/Microsoft Visual Studio/VC98\ATL\INCLUDE" "C:\Program Files\Microsoft Visual Studio\VC98\mfc\SRC\CTLDATA.CPP"
CL "-IC:/Program Files/Microsoft Visual Studio/VC98\INCLUDE" "-IC:/Program Files/Microsoft Visual Studio/VC98\MFC\INCLUDE" "-IC:/Program Files/Microsoft Visual Studio/VC98\ATL\INCLUDE" "C:\Program Files\Microsoft Visual Studio\VC98\mfc\SRC\CTLEVENT.CPP"
CL "-IC:/Program Files/Microsoft Visual Studio/VC98\INCLUDE" "-IC:/Program Files/Microsoft Visual Studio/VC98\MFC\INCLUDE" "-IC:/Program Files/Microsoft Visual Studio/VC98\ATL\INCLUDE" "C:\Program Files\Microsoft Visual Studio\VC98\mfc\SRC\CTLFONT.CPP"
CL "-IC:/Program Files/Microsoft Visual Studio/VC98\INCLUDE" "-IC:/Program Files/Microsoft Visual Studio/VC98\MFC\INCLUDE" "-IC:/Program Files/Microsoft Visual Studio/VC98\ATL\INCLUDE" "C:\Program Files\Microsoft Visual Studio\VC98\mfc\SRC\CTLFRAME.CPP"
CL "-IC:/Program Files/Microsoft Visual Studio/VC98\INCLUDE" "-IC:/Program Files/Microsoft Visual Studio/VC98\MFC\INCLUDE" "-IC:/Program Files/Microsoft Visual Studio/VC98\ATL\INCLUDE" "C:\Program Files\Microsoft Visual Studio\VC98\mfc\SRC\CTLINL.CPP"
CL "-IC:/Program Files/Microsoft Visual Studio/VC98\INCLUDE" "-IC:/Program Files/Microsoft Visual Studio/VC98\MFC\INCLUDE" "-IC:/Program Files/Microsoft Visual Studio/VC98\ATL\INCLUDE" "C:\Program Files\Microsoft Visual Studio\VC98\mfc\SRC\CTLINPLC.CPP"
CL "-IC:/Program Files/Microsoft Visual Studio/VC98\INCLUDE" "-IC:/Program Files/Microsoft Visual Studio/VC98\MFC\INCLUDE" "-IC:/Program Files/Microsoft Visual Studio/VC98\ATL\INCLUDE" "C:\Program Files\Microsoft Visual Studio\VC98\mfc\SRC\CTLINTL.CPP"
CL "-IC:/Program Files/Microsoft Visual Studio/VC98\INCLUDE" "-IC:/Program Files/Microsoft Visual Studio/VC98\MFC\INCLUDE" "-IC:/Program Files/Microsoft Visual Studio/VC98\ATL\INCLUDE" "C:\Program Files\Microsoft Visual Studio\VC98\mfc\SRC\CTLLIC.CPP"
CL "-IC:/Program Files/Microsoft Visual Studio/VC98\INCLUDE" "-IC:/Program Files/Microsoft Visual Studio/VC98\MFC\INCLUDE" "-IC:/Program Files/Microsoft Visual Studio/VC98\ATL\INCLUDE" "C:\Program Files\Microsoft Visual Studio\VC98\mfc\SRC\CTLMODUL.CPP"
CL "-IC:/Program Files/Microsoft Visual Studio/VC98\INCLUDE" "-IC:/Program Files/Microsoft Visual Studio/VC98\MFC\INCLUDE" "-IC:/Program Files/Microsoft Visual Studio/VC98\ATL\INCLUDE" "C:\Program Files\Microsoft Visual Studio\VC98\mfc\SRC\CTLNOWND.CPP"
CL "-IC:/Program Files/Microsoft Visual Studio/VC98\INCLUDE" "-IC:/Program Files/Microsoft Visual Studio/VC98\MFC\INCLUDE" "-IC:/Program Files/Microsoft Visual Studio/VC98\ATL\INCLUDE" "C:\Program Files\Microsoft Visual Studio\VC98\mfc\SRC\CTLOBJ.CPP"
CL "-IC:/Program Files/Microsoft Visual Studio/VC98\INCLUDE" "-IC:/Program Files/Microsoft Visual Studio/VC98\MFC\INCLUDE" "-IC:/Program Files/Microsoft Visual Studio/VC98\ATL\INCLUDE" "C:\Program Files\Microsoft Visual Studio\VC98\mfc\SRC\CTLPBAG.CPP"
CL "-IC:/Program Files/Microsoft Visual Studio/VC98\INCLUDE" "-IC:/Program Files/Microsoft Visual Studio/VC98\MFC\INCLUDE" "-IC:/Program Files/Microsoft Visual Studio/VC98\ATL\INCLUDE" "C:\Program Files\Microsoft Visual Studio\VC98\mfc\SRC\CTLPICT.CPP"
CL "-IC:/Program Files/Microsoft Visual Studio/VC98\INCLUDE" "-IC:/Program Files/Microsoft Visual Studio/VC98\MFC\INCLUDE" "-IC:/Program Files/Microsoft Visual Studio/VC98\ATL\INCLUDE" "C:\Program Files\Microsoft Visual Studio\VC98\mfc\SRC\CTLPPG.CPP"
CL "-IC:/Program Files/Microsoft Visual Studio/VC98\INCLUDE" "-IC:/Program Files/Microsoft Visual Studio/VC98\MFC\INCLUDE" "-IC:/Program Files/Microsoft Visual Studio/VC98\ATL\INCLUDE" "C:\Program Files\Microsoft Visual Studio\VC98\mfc\SRC\CTLPROP.CPP"
CL "-IC:/Program Files/Microsoft Visual Studio/VC98\INCLUDE" "-IC:/Program Files/Microsoft Visual Studio/VC98\MFC\INCLUDE" "-IC:/Program Files/Microsoft Visual Studio/VC98\ATL\INCLUDE" "C:\Program Files\Microsoft Visual Studio\VC98\mfc\SRC\CTLPROPX.CPP"
CL "-IC:/Program Files/Microsoft Visual Studio/VC98\INCLUDE" "-IC:/Program Files/Microsoft Visual Studio/VC98\MFC\INCLUDE" "-IC:/Program Files/Microsoft Visual Studio/VC98\ATL\INCLUDE" "C:\Program Files\Microsoft Visual Studio\VC98\mfc\SRC\CTLPSET.CPP"
CL "-IC:/Program Files/Microsoft Visual Studio/VC98\INCLUDE" "-IC:/Program Files/Microsoft Visual Studio/VC98\MFC\INCLUDE" "-IC:/Program Files/Microsoft Visual Studio/VC98\ATL\INCLUDE" "C:\Program Files\Microsoft Visual Studio\VC98\mfc\SRC\CTLPSTG.CPP"
CL "-IC:/Program Files/Microsoft Visual Studio/VC98\INCLUDE" "-IC:/Program Files/Microsoft Visual Studio/VC98\MFC\INCLUDE" "-IC:/Program Files/Microsoft Visual Studio/VC98\ATL\INCLUDE" "C:\Program Files\Microsoft Visual Studio\VC98\mfc\SRC\CTLPSTM.CPP"
CL "-IC:/Program Files/Microsoft Visual Studio/VC98\INCLUDE" "-IC:/Program Files/Microsoft Visual Studio/VC98\MFC\INCLUDE" "-IC:/Program Files/Microsoft Visual Studio/VC98\ATL\INCLUDE" "C:\Program Files\Microsoft Visual Studio\VC98\mfc\SRC\CTLQUICK.CPP"
CL "-IC:/Program Files/Microsoft Visual Studio/VC98\INCLUDE" "-IC:/Program Files/Microsoft Visual Studio/VC98\MFC\INCLUDE" "-IC:/Program Files/Microsoft Visual Studio/VC98\ATL\INCLUDE" "C:\Program Files\Microsoft Visual Studio\VC98\mfc\SRC\CTLREFL.CPP"
CL "-IC:/Program Files/Microsoft Visual Studio/VC98\INCLUDE" "-IC:/Program Files/Microsoft Visual Studio/VC98\MFC\INCLUDE" "-IC:/Program Files/Microsoft Visual Studio/VC98\ATL\INCLUDE" "C:\Program Files\Microsoft Visual Studio\VC98\mfc\SRC\CTLREG.CPP"
CL "-IC:/Program Files/Microsoft Visual Studio/VC98\INCLUDE" "-IC:/Program Files/Microsoft Visual Studio/VC98\MFC\INCLUDE" "-IC:/Program Files/Microsoft Visual Studio/VC98\ATL\INCLUDE" "C:\Program Files\Microsoft Visual Studio\VC98\mfc\SRC\CTLTRACK.CPP"
CL "-IC:/Program Files/Microsoft Visual Studio/VC98\INCLUDE" "-IC:/Program Files/Microsoft Visual Studio/VC98\MFC\INCLUDE" "-IC:/Program Files/Microsoft Visual Studio/VC98\ATL\INCLUDE" "C:\Program Files\Microsoft Visual Studio\VC98\mfc\SRC\CTLVIEW.CPP"
CL "-IC:/Program Files/Microsoft Visual Studio/VC98\INCLUDE" "-IC:/Program Files/Microsoft Visual Studio/VC98\MFC\INCLUDE" "-IC:/Program Files/Microsoft Visual Studio/VC98\ATL\INCLUDE" "C:\Program Files\Microsoft Visual Studio\VC98\mfc\SRC\DAOCORE.CPP"
CL "-IC:/Program Files/Microsoft Visual Studio/VC98\INCLUDE" "-IC:/Program Files/Microsoft Visual Studio/VC98\MFC\INCLUDE" "-IC:/Program Files/Microsoft Visual Studio/VC98\ATL\INCLUDE" "C:\Program Files\Microsoft Visual Studio\VC98\mfc\SRC\DAODFX.CPP"
CL "-IC:/Program Files/Microsoft Visual Studio/VC98\INCLUDE" "-IC:/Program Files/Microsoft Visual Studio/VC98\MFC\INCLUDE" "-IC:/Program Files/Microsoft Visual Studio/VC98\ATL\INCLUDE" "C:\Program Files\Microsoft Visual Studio\VC98\mfc\SRC\DAOVIEW.CPP"
CL "-IC:/Program Files/Microsoft Visual Studio/VC98\INCLUDE" "-IC:/Program Files/Microsoft Visual Studio/VC98\MFC\INCLUDE" "-IC:/Program Files/Microsoft Visual Studio/VC98\ATL\INCLUDE" "C:\Program Files\Microsoft Visual Studio\VC98\mfc\SRC\DBCORE.CPP"
CL "-IC:/Program Files/Microsoft Visual Studio/VC98\INCLUDE" "-IC:/Program Files/Microsoft Visual Studio/VC98\MFC\INCLUDE" "-IC:/Program Files/Microsoft Visual Studio/VC98\ATL\INCLUDE" "C:\Program Files\Microsoft Visual Studio\VC98\mfc\SRC\DBFLT.CPP"
CL "-IC:/Program Files/Microsoft Visual Studio/VC98\INCLUDE" "-IC:/Program Files/Microsoft Visual Studio/VC98\MFC\INCLUDE" "-IC:/Program Files/Microsoft Visual Studio/VC98\ATL\INCLUDE" "C:\Program Files\Microsoft Visual Studio\VC98\mfc\SRC\DBLONG.CPP"
CL "-IC:/Program Files/Microsoft Visual Studio/VC98\INCLUDE" "-IC:/Program Files/Microsoft Visual Studio/VC98\MFC\INCLUDE" "-IC:/Program Files/Microsoft Visual Studio/VC98\ATL\INCLUDE" "C:\Program Files\Microsoft Visual Studio\VC98\mfc\SRC\DBRFX.CPP"
CL "-IC:/Program Files/Microsoft Visual Studio/VC98\INCLUDE" "-IC:/Program Files/Microsoft Visual Studio/VC98\MFC\INCLUDE" "-IC:/Program Files/Microsoft Visual Studio/VC98\ATL\INCLUDE" "C:\Program Files\Microsoft Visual Studio\VC98\mfc\SRC\DBVAR.CPP"
CL "-IC:/Program Files/Microsoft Visual Studio/VC98\INCLUDE" "-IC:/Program Files/Microsoft Visual Studio/VC98\MFC\INCLUDE" "-IC:/Program Files/Microsoft Visual Studio/VC98\ATL\INCLUDE" "C:\Program Files\Microsoft Visual Studio\VC98\mfc\SRC\DBVIEW.CPP"
CL "-IC:/Program Files/Microsoft Visual Studio/VC98\INCLUDE" "-IC:/Program Files/Microsoft Visual Studio/VC98\MFC\INCLUDE" "-IC:/Program Files/Microsoft Visual Studio/VC98\ATL\INCLUDE" "C:\Program Files\Microsoft Visual Studio\VC98\mfc\SRC\DCMETA.CPP"
CL "-IC:/Program Files/Microsoft Visual Studio/VC98\INCLUDE" "-IC:/Program Files/Microsoft Visual Studio/VC98\MFC\INCLUDE" "-IC:/Program Files/Microsoft Visual Studio/VC98\ATL\INCLUDE" "C:\Program Files\Microsoft Visual Studio\VC98\mfc\SRC\DCPREV.CPP"
CL "-IC:/Program Files/Microsoft Visual Studio/VC98\INCLUDE" "-IC:/Program Files/Microsoft Visual Studio/VC98\MFC\INCLUDE" "-IC:/Program Files/Microsoft Visual Studio/VC98\ATL\INCLUDE" "C:\Program Files\Microsoft Visual Studio\VC98\mfc\SRC\DLGCLR.CPP"
CL "-IC:/Program Files/Microsoft Visual Studio/VC98\INCLUDE" "-IC:/Program Files/Microsoft Visual Studio/VC98\MFC\INCLUDE" "-IC:/Program Files/Microsoft Visual Studio/VC98\ATL\INCLUDE" "C:\Program Files\Microsoft Visual Studio\VC98\mfc\SRC\DLGCOMM.CPP"
CL "-IC:/Program Files/Microsoft Visual Studio/VC98\INCLUDE" "-IC:/Program Files/Microsoft Visual Studio/VC98\MFC\INCLUDE" "-IC:/Program Files/Microsoft Visual Studio/VC98\ATL\INCLUDE" "C:\Program Files\Microsoft Visual Studio\VC98\mfc\SRC\DLGCORE.CPP"
CL "-IC:/Program Files/Microsoft Visual Studio/VC98\INCLUDE" "-IC:/Program Files/Microsoft Visual Studio/VC98\MFC\INCLUDE" "-IC:/Program Files/Microsoft Visual Studio/VC98\ATL\INCLUDE" "C:\Program Files\Microsoft Visual Studio\VC98\mfc\SRC\DLGDATA.CPP"
CL "-IC:/Program Files/Microsoft Visual Studio/VC98\INCLUDE" "-IC:/Program Files/Microsoft Visual Studio/VC98\MFC\INCLUDE" "-IC:/Program Files/Microsoft Visual Studio/VC98\ATL\INCLUDE" "C:\Program Files\Microsoft Visual Studio\VC98\mfc\SRC\DLGFILE.CPP"
CL "-IC:/Program Files/Microsoft Visual Studio/VC98\INCLUDE" "-IC:/Program Files/Microsoft Visual Studio/VC98\MFC\INCLUDE" "-IC:/Program Files/Microsoft Visual Studio/VC98\ATL\INCLUDE" "C:\Program Files\Microsoft Visual Studio\VC98\mfc\SRC\DLGFLOAT.CPP"
CL "-IC:/Program Files/Microsoft Visual Studio/VC98\INCLUDE" "-IC:/Program Files/Microsoft Visual Studio/VC98\MFC\INCLUDE" "-IC:/Program Files/Microsoft Visual Studio/VC98\ATL\INCLUDE" "C:\Program Files\Microsoft Visual Studio\VC98\mfc\SRC\DLGFNT.CPP"
CL "-IC:/Program Files/Microsoft Visual Studio/VC98\INCLUDE" "-IC:/Program Files/Microsoft Visual Studio/VC98\MFC\INCLUDE" "-IC:/Program Files/Microsoft Visual Studio/VC98\ATL\INCLUDE" "C:\Program Files\Microsoft Visual Studio\VC98\mfc\SRC\DLGFR.CPP"
CL "-IC:/Program Files/Microsoft Visual Studio/VC98\INCLUDE" "-IC:/Program Files/Microsoft Visual Studio/VC98\MFC\INCLUDE" "-IC:/Program Files/Microsoft Visual Studio/VC98\ATL\INCLUDE" "C:\Program Files\Microsoft Visual Studio\VC98\mfc\SRC\DLGPRNT.CPP"
CL "-IC:/Program Files/Microsoft Visual Studio/VC98\INCLUDE" "-IC:/Program Files/Microsoft Visual Studio/VC98\MFC\INCLUDE" "-IC:/Program Files/Microsoft Visual Studio/VC98\ATL\INCLUDE" "C:\Program Files\Microsoft Visual Studio\VC98\mfc\SRC\DLGPROP.CPP"
CL "-IC:/Program Files/Microsoft Visual Studio/VC98\INCLUDE" "-IC:/Program Files/Microsoft Visual Studio/VC98\MFC\INCLUDE" "-IC:/Program Files/Microsoft Visual Studio/VC98\ATL\INCLUDE" "C:\Program Files\Microsoft Visual Studio\VC98\mfc\SRC\DLGTEMPL.CPP"
CL "-IC:/Program Files/Microsoft Visual Studio/VC98\INCLUDE" "-IC:/Program Files/Microsoft Visual Studio/VC98\MFC\INCLUDE" "-IC:/Program Files/Microsoft Visual Studio/VC98\ATL\INCLUDE" "C:\Program Files\Microsoft Visual Studio\VC98\mfc\SRC\DLLDB.CPP"
CL "-IC:/Program Files/Microsoft Visual Studio/VC98\INCLUDE" "-IC:/Program Files/Microsoft Visual Studio/VC98\MFC\INCLUDE" "-IC:/Program Files/Microsoft Visual Studio/VC98\ATL\INCLUDE" "C:\Program Files\Microsoft Visual Studio\VC98\mfc\SRC\DLLINIT.CPP"
CL "-IC:/Program Files/Microsoft Visual Studio/VC98\INCLUDE" "-IC:/Program Files/Microsoft Visual Studio/VC98\MFC\INCLUDE" "-IC:/Program Files/Microsoft Visual Studio/VC98\ATL\INCLUDE" "C:\Program Files\Microsoft Visual Studio\VC98\mfc\SRC\DLLMODUL.CPP"
CL "-IC:/Program Files/Microsoft Visual Studio/VC98\INCLUDE" "-IC:/Program Files/Microsoft Visual Studio/VC98\MFC\INCLUDE" "-IC:/Program Files/Microsoft Visual Studio/VC98\ATL\INCLUDE" "C:\Program Files\Microsoft Visual Studio\VC98\mfc\SRC\DLLNET.CPP"
CL "-IC:/Program Files/Microsoft Visual Studio/VC98\INCLUDE" "-IC:/Program Files/Microsoft Visual Studio/VC98\MFC\INCLUDE" "-IC:/Program Files/Microsoft Visual Studio/VC98\ATL\INCLUDE" "C:\Program Files\Microsoft Visual Studio\VC98\mfc\SRC\DLLOLE.CPP"
CL "-IC:/Program Files/Microsoft Visual Studio/VC98\INCLUDE" "-IC:/Program Files/Microsoft Visual Studio/VC98\MFC\INCLUDE" "-IC:/Program Files/Microsoft Visual Studio/VC98\ATL\INCLUDE" "C:\Program Files\Microsoft Visual Studio\VC98\mfc\SRC\DOCCORE.CPP"
CL "-IC:/Program Files/Microsoft Visual Studio/VC98\INCLUDE" "-IC:/Program Files/Microsoft Visual Studio/VC98\MFC\INCLUDE" "-IC:/Program Files/Microsoft Visual Studio/VC98\ATL\INCLUDE" "C:\Program Files\Microsoft Visual Studio\VC98\mfc\SRC\DOCKCONT.CPP"
CL "-IC:/Program Files/Microsoft Visual Studio/VC98\INCLUDE" "-IC:/Program Files/Microsoft Visual Studio/VC98\MFC\INCLUDE" "-IC:/Program Files/Microsoft Visual Studio/VC98\ATL\INCLUDE" "C:\Program Files\Microsoft Visual Studio\VC98\mfc\SRC\DOCKSTAT.CPP"
CL "-IC:/Program Files/Microsoft Visual Studio/VC98\INCLUDE" "-IC:/Program Files/Microsoft Visual Studio/VC98\MFC\INCLUDE" "-IC:/Program Files/Microsoft Visual Studio/VC98\ATL\INCLUDE" "C:\Program Files\Microsoft Visual Studio\VC98\mfc\SRC\DOCMAPI.CPP"
CL "-IC:/Program Files/Microsoft Visual Studio/VC98\INCLUDE" "-IC:/Program Files/Microsoft Visual Studio/VC98\MFC\INCLUDE" "-IC:/Program Files/Microsoft Visual Studio/VC98\ATL\INCLUDE" "C:\Program Files\Microsoft Visual Studio\VC98\mfc\SRC\DOCMGR.CPP"
CL "-IC:/Program Files/Microsoft Visual Studio/VC98\INCLUDE" "-IC:/Program Files/Microsoft Visual Studio/VC98\MFC\INCLUDE" "-IC:/Program Files/Microsoft Visual Studio/VC98\ATL\INCLUDE" "C:\Program Files\Microsoft Visual Studio\VC98\mfc\SRC\DOCMULTI.CPP"
CL "-IC:/Program Files/Microsoft Visual Studio/VC98\INCLUDE" "-IC:/Program Files/Microsoft Visual Studio/VC98\MFC\INCLUDE" "-IC:/Program Files/Microsoft Visual Studio/VC98\ATL\INCLUDE" "C:\Program Files\Microsoft Visual Studio\VC98\mfc\SRC\DOCSINGL.CPP"
CL "-IC:/Program Files/Microsoft Visual Studio/VC98\INCLUDE" "-IC:/Program Files/Microsoft Visual Studio/VC98\MFC\INCLUDE" "-IC:/Program Files/Microsoft Visual Studio/VC98\ATL\INCLUDE" "C:\Program Files\Microsoft Visual Studio\VC98\mfc\SRC\DOCTEMPL.CPP"
CL "-IC:/Program Files/Microsoft Visual Studio/VC98\INCLUDE" "-IC:/Program Files/Microsoft Visual Studio/VC98\MFC\INCLUDE" "-IC:/Program Files/Microsoft Visual Studio/VC98\ATL\INCLUDE" "C:\Program Files\Microsoft Visual Studio\VC98\mfc\SRC\DUMPCONT.CPP"
CL "-IC:/Program Files/Microsoft Visual Studio/VC98\INCLUDE" "-IC:/Program Files/Microsoft Visual Studio/VC98\MFC\INCLUDE" "-IC:/Program Files/Microsoft Visual Studio/VC98\ATL\INCLUDE" "C:\Program Files\Microsoft Visual Studio\VC98\mfc\SRC\DUMPFLT.CPP"
CL "-IC:/Program Files/Microsoft Visual Studio/VC98\INCLUDE" "-IC:/Program Files/Microsoft Visual Studio/VC98\MFC\INCLUDE" "-IC:/Program Files/Microsoft Visual Studio/VC98\ATL\INCLUDE" "C:\Program Files\Microsoft Visual Studio\VC98\mfc\SRC\DUMPINIT.CPP"
CL "-IC:/Program Files/Microsoft Visual Studio/VC98\INCLUDE" "-IC:/Program Files/Microsoft Visual Studio/VC98\MFC\INCLUDE" "-IC:/Program Files/Microsoft Visual Studio/VC98\ATL\INCLUDE" "C:\Program Files\Microsoft Visual Studio\VC98\mfc\SRC\DUMPOUT.CPP"
CL "-IC:/Program Files/Microsoft Visual Studio/VC98\INCLUDE" "-IC:/Program Files/Microsoft Visual Studio/VC98\MFC\INCLUDE" "-IC:/Program Files/Microsoft Visual Studio/VC98\ATL\INCLUDE" "C:\Program Files\Microsoft Visual Studio\VC98\mfc\SRC\DUMPSTAK.CPP"
CL "-IC:/Program Files/Microsoft Visual Studio/VC98\INCLUDE" "-IC:/Program Files/Microsoft Visual Studio/VC98\MFC\INCLUDE" "-IC:/Program Files/Microsoft Visual Studio/VC98\ATL\INCLUDE" "C:\Program Files\Microsoft Visual Studio\VC98\mfc\SRC\EXCEPT.CPP"
CL "-IC:/Program Files/Microsoft Visual Studio/VC98\INCLUDE" "-IC:/Program Files/Microsoft Visual Studio/VC98\MFC\INCLUDE" "-IC:/Program Files/Microsoft Visual Studio/VC98\ATL\INCLUDE" "C:\Program Files\Microsoft Visual Studio\VC98\mfc\SRC\FILECORE.CPP"
CL "-IC:/Program Files/Microsoft Visual Studio/VC98\INCLUDE" "-IC:/Program Files/Microsoft Visual Studio/VC98\MFC\INCLUDE" "-IC:/Program Files/Microsoft Visual Studio/VC98\ATL\INCLUDE" "C:\Program Files\Microsoft Visual Studio\VC98\mfc\SRC\FILEFIND.CPP"
CL "-IC:/Program Files/Microsoft Visual Studio/VC98\INCLUDE" "-IC:/Program Files/Microsoft Visual Studio/VC98\MFC\INCLUDE" "-IC:/Program Files/Microsoft Visual Studio/VC98\ATL\INCLUDE" "C:\Program Files\Microsoft Visual Studio\VC98\mfc\SRC\FILELIST.CPP"
CL "-IC:/Program Files/Microsoft Visual Studio/VC98\INCLUDE" "-IC:/Program Files/Microsoft Visual Studio/VC98\MFC\INCLUDE" "-IC:/Program Files/Microsoft Visual Studio/VC98\ATL\INCLUDE" "C:\Program Files\Microsoft Visual Studio\VC98\mfc\SRC\FILEMEM.CPP"
CL "-IC:/Program Files/Microsoft Visual Studio/VC98\INCLUDE" "-IC:/Program Files/Microsoft Visual Studio/VC98\MFC\INCLUDE" "-IC:/Program Files/Microsoft Visual Studio/VC98\ATL\INCLUDE" "C:\Program Files\Microsoft Visual Studio\VC98\mfc\SRC\FILESHRD.CPP"
CL "-IC:/Program Files/Microsoft Visual Studio/VC98\INCLUDE" "-IC:/Program Files/Microsoft Visual Studio/VC98\MFC\INCLUDE" "-IC:/Program Files/Microsoft Visual Studio/VC98\ATL\INCLUDE" "C:\Program Files\Microsoft Visual Studio\VC98\mfc\SRC\FILEST.CPP"
CL "-IC:/Program Files/Microsoft Visual Studio/VC98\INCLUDE" "-IC:/Program Files/Microsoft Visual Studio/VC98\MFC\INCLUDE" "-IC:/Program Files/Microsoft Visual Studio/VC98\ATL\INCLUDE" "C:\Program Files\Microsoft Visual Studio\VC98\mfc\SRC\FILETXT.CPP"
CL "-IC:/Program Files/Microsoft Visual Studio/VC98\INCLUDE" "-IC:/Program Files/Microsoft Visual Studio/VC98\MFC\INCLUDE" "-IC:/Program Files/Microsoft Visual Studio/VC98\ATL\INCLUDE" "C:\Program Files\Microsoft Visual Studio\VC98\mfc\SRC\FILEX.CPP"
CL "-IC:/Program Files/Microsoft Visual Studio/VC98\INCLUDE" "-IC:/Program Files/Microsoft Visual Studio/VC98\MFC\INCLUDE" "-IC:/Program Files/Microsoft Visual Studio/VC98\ATL\INCLUDE" "C:\Program Files\Microsoft Visual Studio\VC98\mfc\SRC\FIXALLOC.CPP"
CL "-IC:/Program Files/Microsoft Visual Studio/VC98\INCLUDE" "-IC:/Program Files/Microsoft Visual Studio/VC98\MFC\INCLUDE" "-IC:/Program Files/Microsoft Visual Studio/VC98\ATL\INCLUDE" "C:\Program Files\Microsoft Visual Studio\VC98\mfc\SRC\INET.CPP"
CL "-IC:/Program Files/Microsoft Visual Studio/VC98\INCLUDE" "-IC:/Program Files/Microsoft Visual Studio/VC98\MFC\INCLUDE" "-IC:/Program Files/Microsoft Visual Studio/VC98\ATL\INCLUDE" "C:\Program Files\Microsoft Visual Studio\VC98\mfc\SRC\INETCALL.CPP"
CL "-IC:/Program Files/Microsoft Visual Studio/VC98\INCLUDE" "-IC:/Program Files/Microsoft Visual Studio/VC98\MFC\INCLUDE" "-IC:/Program Files/Microsoft Visual Studio/VC98\ATL\INCLUDE" "C:\Program Files\Microsoft Visual Studio\VC98\mfc\SRC\ISAPI.CPP"
CL "-IC:/Program Files/Microsoft Visual Studio/VC98\INCLUDE" "-IC:/Program Files/Microsoft Visual Studio/VC98\MFC\INCLUDE" "-IC:/Program Files/Microsoft Visual Studio/VC98\ATL\INCLUDE" "C:\Program Files\Microsoft Visual Studio\VC98\mfc\SRC\ISAPIMIX.CPP"
CL "-IC:/Program Files/Microsoft Visual Studio/VC98\INCLUDE" "-IC:/Program Files/Microsoft Visual Studio/VC98\MFC\INCLUDE" "-IC:/Program Files/Microsoft Visual Studio/VC98\ATL\INCLUDE" "C:\Program Files\Microsoft Visual Studio\VC98\mfc\SRC\LIST_O.CPP"
CL "-IC:/Program Files/Microsoft Visual Studio/VC98\INCLUDE" "-IC:/Program Files/Microsoft Visual Studio/VC98\MFC\INCLUDE" "-IC:/Program Files/Microsoft Visual Studio/VC98\ATL\INCLUDE" "C:\Program Files\Microsoft Visual Studio\VC98\mfc\SRC\LIST_P.CPP"
CL "-IC:/Program Files/Microsoft Visual Studio/VC98\INCLUDE" "-IC:/Program Files/Microsoft Visual Studio/VC98\MFC\INCLUDE" "-IC:/Program Files/Microsoft Visual Studio/VC98\ATL\INCLUDE" "C:\Program Files\Microsoft Visual Studio\VC98\mfc\SRC\LIST_S.CPP"
CL "-IC:/Program Files/Microsoft Visual Studio/VC98\INCLUDE" "-IC:/Program Files/Microsoft Visual Studio/VC98\MFC\INCLUDE" "-IC:/Program Files/Microsoft Visual Studio/VC98\ATL\INCLUDE" "C:\Program Files\Microsoft Visual Studio\VC98\mfc\SRC\MAP_PP.CPP"
CL "-IC:/Program Files/Microsoft Visual Studio/VC98\INCLUDE" "-IC:/Program Files/Microsoft Visual Studio/VC98\MFC\INCLUDE" "-IC:/Program Files/Microsoft Visual Studio/VC98\ATL\INCLUDE" "C:\Program Files\Microsoft Visual Studio\VC98\mfc\SRC\MAP_PW.CPP"
CL "-IC:/Program Files/Microsoft Visual Studio/VC98\INCLUDE" "-IC:/Program Files/Microsoft Visual Studio/VC98\MFC\INCLUDE" "-IC:/Program Files/Microsoft Visual Studio/VC98\ATL\INCLUDE" "C:\Program Files\Microsoft Visual Studio\VC98\mfc\SRC\MAP_SO.CPP"
CL "-IC:/Program Files/Microsoft Visual Studio/VC98\INCLUDE" "-IC:/Program Files/Microsoft Visual Studio/VC98\MFC\INCLUDE" "-IC:/Program Files/Microsoft Visual Studio/VC98\ATL\INCLUDE" "C:\Program Files\Microsoft Visual Studio\VC98\mfc\SRC\MAP_SP.CPP"
CL "-IC:/Program Files/Microsoft Visual Studio/VC98\INCLUDE" "-IC:/Program Files/Microsoft Visual Studio/VC98\MFC\INCLUDE" "-IC:/Program Files/Microsoft Visual Studio/VC98\ATL\INCLUDE" "C:\Program Files\Microsoft Visual Studio\VC98\mfc\SRC\MAP_SS.CPP"
CL "-IC:/Program Files/Microsoft Visual Studio/VC98\INCLUDE" "-IC:/Program Files/Microsoft Visual Studio/VC98\MFC\INCLUDE" "-IC:/Program Files/Microsoft Visual Studio/VC98\ATL\INCLUDE" "C:\Program Files\Microsoft Visual Studio\VC98\mfc\SRC\MAP_WO.CPP"
CL "-IC:/Program Files/Microsoft Visual Studio/VC98\INCLUDE" "-IC:/Program Files/Microsoft Visual Studio/VC98\MFC\INCLUDE" "-IC:/Program Files/Microsoft Visual Studio/VC98\ATL\INCLUDE" "C:\Program Files\Microsoft Visual Studio\VC98\mfc\SRC\MAP_WP.CPP"
CL "-IC:/Program Files/Microsoft Visual Studio/VC98\INCLUDE" "-IC:/Program Files/Microsoft Visual Studio/VC98\MFC\INCLUDE" "-IC:/Program Files/Microsoft Visual Studio/VC98\ATL\INCLUDE" "C:\Program Files\Microsoft Visual Studio\VC98\mfc\SRC\MTCORE.CPP"
CL "-IC:/Program Files/Microsoft Visual Studio/VC98\INCLUDE" "-IC:/Program Files/Microsoft Visual Studio/VC98\MFC\INCLUDE" "-IC:/Program Files/Microsoft Visual Studio/VC98\ATL\INCLUDE" "C:\Program Files\Microsoft Visual Studio\VC98\mfc\SRC\MTEX.CPP"
CL "-IC:/Program Files/Microsoft Visual Studio/VC98\INCLUDE" "-IC:/Program Files/Microsoft Visual Studio/VC98\MFC\INCLUDE" "-IC:/Program Files/Microsoft Visual Studio/VC98\ATL\INCLUDE" "C:\Program Files\Microsoft Visual Studio\VC98\mfc\SRC\NOLIB.CPP"
CL "-IC:/Program Files/Microsoft Visual Studio/VC98\INCLUDE" "-IC:/Program Files/Microsoft Visual Studio/VC98\MFC\INCLUDE" "-IC:/Program Files/Microsoft Visual Studio/VC98\ATL\INCLUDE" "C:\Program Files\Microsoft Visual Studio\VC98\mfc\SRC\OBJCORE.CPP"
CL "-IC:/Program Files/Microsoft Visual Studio/VC98\INCLUDE" "-IC:/Program Files/Microsoft Visual Studio/VC98\MFC\INCLUDE" "-IC:/Program Files/Microsoft Visual Studio/VC98\ATL\INCLUDE" "C:\Program Files\Microsoft Visual Studio\VC98\mfc\SRC\OCCCONT.CPP"
CL "-IC:/Program Files/Microsoft Visual Studio/VC98\INCLUDE" "-IC:/Program Files/Microsoft Visual Studio/VC98\MFC\INCLUDE" "-IC:/Program Files/Microsoft Visual Studio/VC98\ATL\INCLUDE" "C:\Program Files\Microsoft Visual Studio\VC98\mfc\SRC\OCCDDX.CPP"
CL "-IC:/Program Files/Microsoft Visual Studio/VC98\INCLUDE" "-IC:/Program Files/Microsoft Visual Studio/VC98\MFC\INCLUDE" "-IC:/Program Files/Microsoft Visual Studio/VC98\ATL\INCLUDE" "C:\Program Files\Microsoft Visual Studio\VC98\mfc\SRC\OCCDDXF.CPP"
CL "-IC:/Program Files/Microsoft Visual Studio/VC98\INCLUDE" "-IC:/Program Files/Microsoft Visual Studio/VC98\MFC\INCLUDE" "-IC:/Program Files/Microsoft Visual Studio/VC98\ATL\INCLUDE" "C:\Program Files\Microsoft Visual Studio\VC98\mfc\SRC\OCCDLG.CPP"
CL "-IC:/Program Files/Microsoft Visual Studio/VC98\INCLUDE" "-IC:/Program Files/Microsoft Visual Studio/VC98\MFC\INCLUDE" "-IC:/Program Files/Microsoft Visual Studio/VC98\ATL\INCLUDE" "C:\Program Files\Microsoft Visual Studio\VC98\mfc\SRC\OCCEVENT.CPP"
CL "-IC:/Program Files/Microsoft Visual Studio/VC98\INCLUDE" "-IC:/Program Files/Microsoft Visual Studio/VC98\MFC\INCLUDE" "-IC:/Program Files/Microsoft Visual Studio/VC98\ATL\INCLUDE" "C:\Program Files\Microsoft Visual Studio\VC98\mfc\SRC\OCCLOCK.CPP"
CL "-IC:/Program Files/Microsoft Visual Studio/VC98\INCLUDE" "-IC:/Program Files/Microsoft Visual Studio/VC98\MFC\INCLUDE" "-IC:/Program Files/Microsoft Visual Studio/VC98\ATL\INCLUDE" "C:\Program Files\Microsoft Visual Studio\VC98\mfc\SRC\OCCMGR.CPP"
CL "-IC:/Program Files/Microsoft Visual Studio/VC98\INCLUDE" "-IC:/Program Files/Microsoft Visual Studio/VC98\MFC\INCLUDE" "-IC:/Program Files/Microsoft Visual Studio/VC98\ATL\INCLUDE" "C:\Program Files\Microsoft Visual Studio\VC98\mfc\SRC\OCCSITE.CPP"
CL "-IC:/Program Files/Microsoft Visual Studio/VC98\INCLUDE" "-IC:/Program Files/Microsoft Visual Studio/VC98\MFC\INCLUDE" "-IC:/Program Files/Microsoft Visual Studio/VC98\ATL\INCLUDE" "C:\Program Files\Microsoft Visual Studio\VC98\mfc\SRC\OLEASMON.CPP"
CL "-IC:/Program Files/Microsoft Visual Studio/VC98\INCLUDE" "-IC:/Program Files/Microsoft Visual Studio/VC98\MFC\INCLUDE" "-IC:/Program Files/Microsoft Visual Studio/VC98\ATL\INCLUDE" "C:\Program Files\Microsoft Visual Studio\VC98\mfc\SRC\OLEBAR.CPP"
CL "-IC:/Program Files/Microsoft Visual Studio/VC98\INCLUDE" "-IC:/Program Files/Microsoft Visual Studio/VC98\MFC\INCLUDE" "-IC:/Program Files/Microsoft Visual Studio/VC98\ATL\INCLUDE" "C:\Program Files\Microsoft Visual Studio\VC98\mfc\SRC\OLECALL.CPP"
CL "-IC:/Program Files/Microsoft Visual Studio/VC98\INCLUDE" "-IC:/Program Files/Microsoft Visual Studio/VC98\MFC\INCLUDE" "-IC:/Program Files/Microsoft Visual Studio/VC98\ATL\INCLUDE" "C:\Program Files\Microsoft Visual Studio\VC98\mfc\SRC\OLECLI1.CPP"
CL "-IC:/Program Files/Microsoft Visual Studio/VC98\INCLUDE" "-IC:/Program Files/Microsoft Visual Studio/VC98\MFC\INCLUDE" "-IC:/Program Files/Microsoft Visual Studio/VC98\ATL\INCLUDE" "C:\Program Files\Microsoft Visual Studio\VC98\mfc\SRC\OLECLI2.CPP"
CL "-IC:/Program Files/Microsoft Visual Studio/VC98\INCLUDE" "-IC:/Program Files/Microsoft Visual Studio/VC98\MFC\INCLUDE" "-IC:/Program Files/Microsoft Visual Studio/VC98\ATL\INCLUDE" "C:\Program Files\Microsoft Visual Studio\VC98\mfc\SRC\OLECLI3.CPP"
CL "-IC:/Program Files/Microsoft Visual Studio/VC98\INCLUDE" "-IC:/Program Files/Microsoft Visual Studio/VC98\MFC\INCLUDE" "-IC:/Program Files/Microsoft Visual Studio/VC98\ATL\INCLUDE" "C:\Program Files\Microsoft Visual Studio\VC98\mfc\SRC\OLECNVRT.CPP"
CL "-IC:/Program Files/Microsoft Visual Studio/VC98\INCLUDE" "-IC:/Program Files/Microsoft Visual Studio/VC98\MFC\INCLUDE" "-IC:/Program Files/Microsoft Visual Studio/VC98\ATL\INCLUDE" "C:\Program Files\Microsoft Visual Studio\VC98\mfc\SRC\OLECONN.CPP"
CL "-IC:/Program Files/Microsoft Visual Studio/VC98\INCLUDE" "-IC:/Program Files/Microsoft Visual Studio/VC98\MFC\INCLUDE" "-IC:/Program Files/Microsoft Visual Studio/VC98\ATL\INCLUDE" "C:\Program Files\Microsoft Visual Studio\VC98\mfc\SRC\OLEDATA.CPP"
CL "-IC:/Program Files/Microsoft Visual Studio/VC98\INCLUDE" "-IC:/Program Files/Microsoft Visual Studio/VC98\MFC\INCLUDE" "-IC:/Program Files/Microsoft Visual Studio/VC98\ATL\INCLUDE" "C:\Program Files\Microsoft Visual Studio\VC98\mfc\SRC\OLEDISP1.CPP"
CL "-IC:/Program Files/Microsoft Visual Studio/VC98\INCLUDE" "-IC:/Program Files/Microsoft Visual Studio/VC98\MFC\INCLUDE" "-IC:/Program Files/Microsoft Visual Studio/VC98\ATL\INCLUDE" "C:\Program Files\Microsoft Visual Studio\VC98\mfc\SRC\OLEDISP2.CPP"
CL "-IC:/Program Files/Microsoft Visual Studio/VC98\INCLUDE" "-IC:/Program Files/Microsoft Visual Studio/VC98\MFC\INCLUDE" "-IC:/Program Files/Microsoft Visual Studio/VC98\ATL\INCLUDE" "C:\Program Files\Microsoft Visual Studio\VC98\mfc\SRC\OLEDLGS1.CPP"
CL "-IC:/Program Files/Microsoft Visual Studio/VC98\INCLUDE" "-IC:/Program Files/Microsoft Visual Studio/VC98\MFC\INCLUDE" "-IC:/Program Files/Microsoft Visual Studio/VC98\ATL\INCLUDE" "C:\Program Files\Microsoft Visual Studio\VC98\mfc\SRC\OLEDLGS2.CPP"
CL "-IC:/Program Files/Microsoft Visual Studio/VC98\INCLUDE" "-IC:/Program Files/Microsoft Visual Studio/VC98\MFC\INCLUDE" "-IC:/Program Files/Microsoft Visual Studio/VC98\ATL\INCLUDE" "C:\Program Files\Microsoft Visual Studio\VC98\mfc\SRC\OLEDLGS3.CPP"
CL "-IC:/Program Files/Microsoft Visual Studio/VC98\INCLUDE" "-IC:/Program Files/Microsoft Visual Studio/VC98\MFC\INCLUDE" "-IC:/Program Files/Microsoft Visual Studio/VC98\ATL\INCLUDE" "C:\Program Files\Microsoft Visual Studio\VC98\mfc\SRC\OLEDLL.CPP"
CL "-IC:/Program Files/Microsoft Visual Studio/VC98\INCLUDE" "-IC:/Program Files/Microsoft Visual Studio/VC98\MFC\INCLUDE" "-IC:/Program Files/Microsoft Visual Studio/VC98\ATL\INCLUDE" "C:\Program Files\Microsoft Visual Studio\VC98\mfc\SRC\OLEDOBJ1.CPP"
CL "-IC:/Program Files/Microsoft Visual Studio/VC98\INCLUDE" "-IC:/Program Files/Microsoft Visual Studio/VC98\MFC\INCLUDE" "-IC:/Program Files/Microsoft Visual Studio/VC98\ATL\INCLUDE" "C:\Program Files\Microsoft Visual Studio\VC98\mfc\SRC\OLEDOBJ2.CPP"
CL "-IC:/Program Files/Microsoft Visual Studio/VC98\INCLUDE" "-IC:/Program Files/Microsoft Visual Studio/VC98\MFC\INCLUDE" "-IC:/Program Files/Microsoft Visual Studio/VC98\ATL\INCLUDE" "C:\Program Files\Microsoft Visual Studio\VC98\mfc\SRC\OLEDOC1.CPP"
CL "-IC:/Program Files/Microsoft Visual Studio/VC98\INCLUDE" "-IC:/Program Files/Microsoft Visual Studio/VC98\MFC\INCLUDE" "-IC:/Program Files/Microsoft Visual Studio/VC98\ATL\INCLUDE" "C:\Program Files\Microsoft Visual Studio\VC98\mfc\SRC\OLEDOC2.CPP"
CL "-IC:/Program Files/Microsoft Visual Studio/VC98\INCLUDE" "-IC:/Program Files/Microsoft Visual Studio/VC98\MFC\INCLUDE" "-IC:/Program Files/Microsoft Visual Studio/VC98\ATL\INCLUDE" "C:\Program Files\Microsoft Visual Studio\VC98\mfc\SRC\OLEDOCCL.CPP"
CL "-IC:/Program Files/Microsoft Visual Studio/VC98\INCLUDE" "-IC:/Program Files/Microsoft Visual Studio/VC98\MFC\INCLUDE" "-IC:/Program Files/Microsoft Visual Studio/VC98\ATL\INCLUDE" "C:\Program Files\Microsoft Visual Studio\VC98\mfc\SRC\OLEDOCIP.CPP"
CL "-IC:/Program Files/Microsoft Visual Studio/VC98\INCLUDE" "-IC:/Program Files/Microsoft Visual Studio/VC98\MFC\INCLUDE" "-IC:/Program Files/Microsoft Visual Studio/VC98\ATL\INCLUDE" "C:\Program Files\Microsoft Visual Studio\VC98\mfc\SRC\OLEDOCOB.CPP"
CL "-IC:/Program Files/Microsoft Visual Studio/VC98\INCLUDE" "-IC:/Program Files/Microsoft Visual Studio/VC98\MFC\INCLUDE" "-IC:/Program Files/Microsoft Visual Studio/VC98\ATL\INCLUDE" "C:\Program Files\Microsoft Visual Studio\VC98\mfc\SRC\OLEDOCTG.CPP"
CL "-IC:/Program Files/Microsoft Visual Studio/VC98\INCLUDE" "-IC:/Program Files/Microsoft Visual Studio/VC98\MFC\INCLUDE" "-IC:/Program Files/Microsoft Visual Studio/VC98\ATL\INCLUDE" "C:\Program Files\Microsoft Visual Studio\VC98\mfc\SRC\OLEDOCVW.CPP"
CL "-IC:/Program Files/Microsoft Visual Studio/VC98\INCLUDE" "-IC:/Program Files/Microsoft Visual Studio/VC98\MFC\INCLUDE" "-IC:/Program Files/Microsoft Visual Studio/VC98\ATL\INCLUDE" "C:\Program Files\Microsoft Visual Studio\VC98\mfc\SRC\OLEDROP1.CPP"
CL "-IC:/Program Files/Microsoft Visual Studio/VC98\INCLUDE" "-IC:/Program Files/Microsoft Visual Studio/VC98\MFC\INCLUDE" "-IC:/Program Files/Microsoft Visual Studio/VC98\ATL\INCLUDE" "C:\Program Files\Microsoft Visual Studio\VC98\mfc\SRC\OLEDROP2.CPP"
CL "-IC:/Program Files/Microsoft Visual Studio/VC98\INCLUDE" "-IC:/Program Files/Microsoft Visual Studio/VC98\MFC\INCLUDE" "-IC:/Program Files/Microsoft Visual Studio/VC98\ATL\INCLUDE" "C:\Program Files\Microsoft Visual Studio\VC98\mfc\SRC\OLEENUM.CPP"
CL "-IC:/Program Files/Microsoft Visual Studio/VC98\INCLUDE" "-IC:/Program Files/Microsoft Visual Studio/VC98\MFC\INCLUDE" "-IC:/Program Files/Microsoft Visual Studio/VC98\ATL\INCLUDE" "C:\Program Files\Microsoft Visual Studio\VC98\mfc\SRC\OLEEXP.CPP"
CL "-IC:/Program Files/Microsoft Visual Studio/VC98\INCLUDE" "-IC:/Program Files/Microsoft Visual Studio/VC98\MFC\INCLUDE" "-IC:/Program Files/Microsoft Visual Studio/VC98\ATL\INCLUDE" "C:\Program Files\Microsoft Visual Studio\VC98\mfc\SRC\OLEFACT.CPP"
CL "-IC:/Program Files/Microsoft Visual Studio/VC98\INCLUDE" "-IC:/Program Files/Microsoft Visual Studio/VC98\MFC\INCLUDE" "-IC:/Program Files/Microsoft Visual Studio/VC98\ATL\INCLUDE" "C:\Program Files\Microsoft Visual Studio\VC98\mfc\SRC\OLEINIT.CPP"
CL "-IC:/Program Files/Microsoft Visual Studio/VC98\INCLUDE" "-IC:/Program Files/Microsoft Visual Studio/VC98\MFC\INCLUDE" "-IC:/Program Files/Microsoft Visual Studio/VC98\ATL\INCLUDE" "C:\Program Files\Microsoft Visual Studio\VC98\mfc\SRC\OLEIPFRM.CPP"
CL "-IC:/Program Files/Microsoft Visual Studio/VC98\INCLUDE" "-IC:/Program Files/Microsoft Visual Studio/VC98\MFC\INCLUDE" "-IC:/Program Files/Microsoft Visual Studio/VC98\ATL\INCLUDE" "C:\Program Files\Microsoft Visual Studio\VC98\mfc\SRC\OLELINK.CPP"
CL "-IC:/Program Files/Microsoft Visual Studio/VC98\INCLUDE" "-IC:/Program Files/Microsoft Visual Studio/VC98\MFC\INCLUDE" "-IC:/Program Files/Microsoft Visual Studio/VC98\ATL\INCLUDE" "C:\Program Files\Microsoft Visual Studio\VC98\mfc\SRC\OLELOCK.CPP"
CL "-IC:/Program Files/Microsoft Visual Studio/VC98\INCLUDE" "-IC:/Program Files/Microsoft Visual Studio/VC98\MFC\INCLUDE" "-IC:/Program Files/Microsoft Visual Studio/VC98\ATL\INCLUDE" "C:\Program Files\Microsoft Visual Studio\VC98\mfc\SRC\OLEMISC.CPP"
CL "-IC:/Program Files/Microsoft Visual Studio/VC98\INCLUDE" "-IC:/Program Files/Microsoft Visual Studio/VC98\MFC\INCLUDE" "-IC:/Program Files/Microsoft Visual Studio/VC98\ATL\INCLUDE" "C:\Program Files\Microsoft Visual Studio\VC98\mfc\SRC\OLEMON.CPP"
CL "-IC:/Program Files/Microsoft Visual Studio/VC98\INCLUDE" "-IC:/Program Files/Microsoft Visual Studio/VC98\MFC\INCLUDE" "-IC:/Program Files/Microsoft Visual Studio/VC98\ATL\INCLUDE" "C:\Program Files\Microsoft Visual Studio\VC98\mfc\SRC\OLEMSGF.CPP"
CL "-IC:/Program Files/Microsoft Visual Studio/VC98\INCLUDE" "-IC:/Program Files/Microsoft Visual Studio/VC98\MFC\INCLUDE" "-IC:/Program Files/Microsoft Visual Studio/VC98\ATL\INCLUDE" "C:\Program Files\Microsoft Visual Studio\VC98\mfc\SRC\OLEPSET.CPP"
CL "-IC:/Program Files/Microsoft Visual Studio/VC98\INCLUDE" "-IC:/Program Files/Microsoft Visual Studio/VC98\MFC\INCLUDE" "-IC:/Program Files/Microsoft Visual Studio/VC98\ATL\INCLUDE" "C:\Program Files\Microsoft Visual Studio\VC98\mfc\SRC\OLEREG.CPP"
CL "-IC:/Program Files/Microsoft Visual Studio/VC98\INCLUDE" "-IC:/Program Files/Microsoft Visual Studio/VC98\MFC\INCLUDE" "-IC:/Program Files/Microsoft Visual Studio/VC98\ATL\INCLUDE" "C:\Program Files\Microsoft Visual Studio\VC98\mfc\SRC\OLESTRM.CPP"
CL "-IC:/Program Files/Microsoft Visual Studio/VC98\INCLUDE" "-IC:/Program Files/Microsoft Visual Studio/VC98\MFC\INCLUDE" "-IC:/Program Files/Microsoft Visual Studio/VC98\ATL\INCLUDE" "C:\Program Files\Microsoft Visual Studio\VC98\mfc\SRC\OLESVR1.CPP"
CL "-IC:/Program Files/Microsoft Visual Studio/VC98\INCLUDE" "-IC:/Program Files/Microsoft Visual Studio/VC98\MFC\INCLUDE" "-IC:/Program Files/Microsoft Visual Studio/VC98\ATL\INCLUDE" "C:\Program Files\Microsoft Visual Studio\VC98\mfc\SRC\OLESVR2.CPP"
CL "-IC:/Program Files/Microsoft Visual Studio/VC98\INCLUDE" "-IC:/Program Files/Microsoft Visual Studio/VC98\MFC\INCLUDE" "-IC:/Program Files/Microsoft Visual Studio/VC98\ATL\INCLUDE" "C:\Program Files\Microsoft Visual Studio\VC98\mfc\SRC\OLETSVR.CPP"
CL "-IC:/Program Files/Microsoft Visual Studio/VC98\INCLUDE" "-IC:/Program Files/Microsoft Visual Studio/VC98\MFC\INCLUDE" "-IC:/Program Files/Microsoft Visual Studio/VC98\ATL\INCLUDE" "C:\Program Files\Microsoft Visual Studio\VC98\mfc\SRC\OLETYPLB.CPP"
CL "-IC:/Program Files/Microsoft Visual Studio/VC98\INCLUDE" "-IC:/Program Files/Microsoft Visual Studio/VC98\MFC\INCLUDE" "-IC:/Program Files/Microsoft Visual Studio/VC98\ATL\INCLUDE" "C:\Program Files\Microsoft Visual Studio\VC98\mfc\SRC\OLEUI1.CPP"
CL "-IC:/Program Files/Microsoft Visual Studio/VC98\INCLUDE" "-IC:/Program Files/Microsoft Visual Studio/VC98\MFC\INCLUDE" "-IC:/Program Files/Microsoft Visual Studio/VC98\ATL\INCLUDE" "C:\Program Files\Microsoft Visual Studio\VC98\mfc\SRC\OLEUI2.CPP"
CL "-IC:/Program Files/Microsoft Visual Studio/VC98\INCLUDE" "-IC:/Program Files/Microsoft Visual Studio/VC98\MFC\INCLUDE" "-IC:/Program Files/Microsoft Visual Studio/VC98\ATL\INCLUDE" "C:\Program Files\Microsoft Visual Studio\VC98\mfc\SRC\OLEUNK.CPP"
CL "-IC:/Program Files/Microsoft Visual Studio/VC98\INCLUDE" "-IC:/Program Files/Microsoft Visual Studio/VC98\MFC\INCLUDE" "-IC:/Program Files/Microsoft Visual Studio/VC98\ATL\INCLUDE" "C:\Program Files\Microsoft Visual Studio\VC98\mfc\SRC\OLEVAR.CPP"
CL "-IC:/Program Files/Microsoft Visual Studio/VC98\INCLUDE" "-IC:/Program Files/Microsoft Visual Studio/VC98\MFC\INCLUDE" "-IC:/Program Files/Microsoft Visual Studio/VC98\ATL\INCLUDE" "C:\Program Files\Microsoft Visual Studio\VC98\mfc\SRC\OLEVAR1.CPP"
CL "-IC:/Program Files/Microsoft Visual Studio/VC98\INCLUDE" "-IC:/Program Files/Microsoft Visual Studio/VC98\MFC\INCLUDE" "-IC:/Program Files/Microsoft Visual Studio/VC98\ATL\INCLUDE" "C:\Program Files\Microsoft Visual Studio\VC98\mfc\SRC\OLEVERB.CPP"
CL "-IC:/Program Files/Microsoft Visual Studio/VC98\INCLUDE" "-IC:/Program Files/Microsoft Visual Studio/VC98\MFC\INCLUDE" "-IC:/Program Files/Microsoft Visual Studio/VC98\ATL\INCLUDE" "C:\Program Files\Microsoft Visual Studio\VC98\mfc\SRC\PLEX.CPP"
CL "-IC:/Program Files/Microsoft Visual Studio/VC98\INCLUDE" "-IC:/Program Files/Microsoft Visual Studio/VC98\MFC\INCLUDE" "-IC:/Program Files/Microsoft Visual Studio/VC98\ATL\INCLUDE" "C:\Program Files\Microsoft Visual Studio\VC98\mfc\SRC\PPGCOLOR.CPP"
CL "-IC:/Program Files/Microsoft Visual Studio/VC98\INCLUDE" "-IC:/Program Files/Microsoft Visual Studio/VC98\MFC\INCLUDE" "-IC:/Program Files/Microsoft Visual Studio/VC98\ATL\INCLUDE" "C:\Program Files\Microsoft Visual Studio\VC98\mfc\SRC\PPGFONT.CPP"
CL "-IC:/Program Files/Microsoft Visual Studio/VC98\INCLUDE" "-IC:/Program Files/Microsoft Visual Studio/VC98\MFC\INCLUDE" "-IC:/Program Files/Microsoft Visual Studio/VC98\ATL\INCLUDE" "C:\Program Files\Microsoft Visual Studio\VC98\mfc\SRC\PPGPICT.CPP"
CL "-IC:/Program Files/Microsoft Visual Studio/VC98\INCLUDE" "-IC:/Program Files/Microsoft Visual Studio/VC98\MFC\INCLUDE" "-IC:/Program Files/Microsoft Visual Studio/VC98\ATL\INCLUDE" "C:\Program Files\Microsoft Visual Studio\VC98\mfc\SRC\PPGSTOCK.CPP"
CL "-IC:/Program Files/Microsoft Visual Studio/VC98\INCLUDE" "-IC:/Program Files/Microsoft Visual Studio/VC98\MFC\INCLUDE" "-IC:/Program Files/Microsoft Visual Studio/VC98\ATL\INCLUDE" "C:\Program Files\Microsoft Visual Studio\VC98\mfc\SRC\SOCKCORE.CPP"
CL "-IC:/Program Files/Microsoft Visual Studio/VC98\INCLUDE" "-IC:/Program Files/Microsoft Visual Studio/VC98\MFC\INCLUDE" "-IC:/Program Files/Microsoft Visual Studio/VC98\ATL\INCLUDE" "C:\Program Files\Microsoft Visual Studio\VC98\mfc\SRC\STDAFX.CPP"
CL "-IC:/Program Files/Microsoft Visual Studio/VC98\INCLUDE" "-IC:/Program Files/Microsoft Visual Studio/VC98\MFC\INCLUDE" "-IC:/Program Files/Microsoft Visual Studio/VC98\ATL\INCLUDE" "C:\Program Files\Microsoft Visual Studio\VC98\mfc\SRC\STRCORE.CPP"
CL "-IC:/Program Files/Microsoft Visual Studio/VC98\INCLUDE" "-IC:/Program Files/Microsoft Visual Studio/VC98\MFC\INCLUDE" "-IC:/Program Files/Microsoft Visual Studio/VC98\ATL\INCLUDE" "C:\Program Files\Microsoft Visual Studio\VC98\mfc\SRC\STREX.CPP"
CL "-IC:/Program Files/Microsoft Visual Studio/VC98\INCLUDE" "-IC:/Program Files/Microsoft Visual Studio/VC98\MFC\INCLUDE" "-IC:/Program Files/Microsoft Visual Studio/VC98\ATL\INCLUDE" "C:\Program Files\Microsoft Visual Studio\VC98\mfc\SRC\THRDCORE.CPP"
CL "-IC:/Program Files/Microsoft Visual Studio/VC98\INCLUDE" "-IC:/Program Files/Microsoft Visual Studio/VC98\MFC\INCLUDE" "-IC:/Program Files/Microsoft Visual Studio/VC98\ATL\INCLUDE" "C:\Program Files\Microsoft Visual Studio\VC98\mfc\SRC\TIMECORE.CPP"
CL "-IC:/Program Files/Microsoft Visual Studio/VC98\INCLUDE" "-IC:/Program Files/Microsoft Visual Studio/VC98\MFC\INCLUDE" "-IC:/Program Files/Microsoft Visual Studio/VC98\ATL\INCLUDE" "C:\Program Files\Microsoft Visual Studio\VC98\mfc\SRC\TOOLTIP.CPP"
CL "-IC:/Program Files/Microsoft Visual Studio/VC98\INCLUDE" "-IC:/Program Files/Microsoft Visual Studio/VC98\MFC\INCLUDE" "-IC:/Program Files/Microsoft Visual Studio/VC98\ATL\INCLUDE" "C:\Program Files\Microsoft Visual Studio\VC98\mfc\SRC\TRCKRECT.CPP"
CL "-IC:/Program Files/Microsoft Visual Studio/VC98\INCLUDE" "-IC:/Program Files/Microsoft Visual Studio/VC98\MFC\INCLUDE" "-IC:/Program Files/Microsoft Visual Studio/VC98\ATL\INCLUDE" "C:\Program Files\Microsoft Visual Studio\VC98\mfc\SRC\VALIDADD.CPP"
CL "-IC:/Program Files/Microsoft Visual Studio/VC98\INCLUDE" "-IC:/Program Files/Microsoft Visual Studio/VC98\MFC\INCLUDE" "-IC:/Program Files/Microsoft Visual Studio/VC98\ATL\INCLUDE" "C:\Program Files\Microsoft Visual Studio\VC98\mfc\SRC\VIEWCMN.CPP"
CL "-IC:/Program Files/Microsoft Visual Studio/VC98\INCLUDE" "-IC:/Program Files/Microsoft Visual Studio/VC98\MFC\INCLUDE" "-IC:/Program Files/Microsoft Visual Studio/VC98\ATL\INCLUDE" "C:\Program Files\Microsoft Visual Studio\VC98\mfc\SRC\VIEWCORE.CPP"
CL "-IC:/Program Files/Microsoft Visual Studio/VC98\INCLUDE" "-IC:/Program Files/Microsoft Visual Studio/VC98\MFC\INCLUDE" "-IC:/Program Files/Microsoft Visual Studio/VC98\ATL\INCLUDE" "C:\Program Files\Microsoft Visual Studio\VC98\mfc\SRC\VIEWEDIT.CPP"
CL "-IC:/Program Files/Microsoft Visual Studio/VC98\INCLUDE" "-IC:/Program Files/Microsoft Visual Studio/VC98\MFC\INCLUDE" "-IC:/Program Files/Microsoft Visual Studio/VC98\ATL\INCLUDE" "C:\Program Files\Microsoft Visual Studio\VC98\mfc\SRC\VIEWFORM.CPP"
CL "-IC:/Program Files/Microsoft Visual Studio/VC98\INCLUDE" "-IC:/Program Files/Microsoft Visual Studio/VC98\MFC\INCLUDE" "-IC:/Program Files/Microsoft Visual Studio/VC98\ATL\INCLUDE" "C:\Program Files\Microsoft Visual Studio\VC98\mfc\SRC\VIEWHTML.CPP"
CL "-IC:/Program Files/Microsoft Visual Studio/VC98\INCLUDE" "-IC:/Program Files/Microsoft Visual Studio/VC98\MFC\INCLUDE" "-IC:/Program Files/Microsoft Visual Studio/VC98\ATL\INCLUDE" "C:\Program Files\Microsoft Visual Studio\VC98\mfc\SRC\VIEWOLED.CPP"
CL "-IC:/Program Files/Microsoft Visual Studio/VC98\INCLUDE" "-IC:/Program Files/Microsoft Visual Studio/VC98\MFC\INCLUDE" "-IC:/Program Files/Microsoft Visual Studio/VC98\ATL\INCLUDE" "C:\Program Files\Microsoft Visual Studio\VC98\mfc\SRC\VIEWPREV.CPP"
CL "-IC:/Program Files/Microsoft Visual Studio/VC98\INCLUDE" "-IC:/Program Files/Microsoft Visual Studio/VC98\MFC\INCLUDE" "-IC:/Program Files/Microsoft Visual Studio/VC98\ATL\INCLUDE" "C:\Program Files\Microsoft Visual Studio\VC98\mfc\SRC\VIEWPRNT.CPP"
CL "-IC:/Program Files/Microsoft Visual Studio/VC98\INCLUDE" "-IC:/Program Files/Microsoft Visual Studio/VC98\MFC\INCLUDE" "-IC:/Program Files/Microsoft Visual Studio/VC98\ATL\INCLUDE" "C:\Program Files\Microsoft Visual Studio\VC98\mfc\SRC\VIEWRICH.CPP"
CL "-IC:/Program Files/Microsoft Visual Studio/VC98\INCLUDE" "-IC:/Program Files/Microsoft Visual Studio/VC98\MFC\INCLUDE" "-IC:/Program Files/Microsoft Visual Studio/VC98\ATL\INCLUDE" "C:\Program Files\Microsoft Visual Studio\VC98\mfc\SRC\VIEWSCRL.CPP"
CL "-IC:/Program Files/Microsoft Visual Studio/VC98\INCLUDE" "-IC:/Program Files/Microsoft Visual Studio/VC98\MFC\INCLUDE" "-IC:/Program Files/Microsoft Visual Studio/VC98\ATL\INCLUDE" "C:\Program Files\Microsoft Visual Studio\VC98\mfc\SRC\WINBTN.CPP"
CL "-IC:/Program Files/Microsoft Visual Studio/VC98\INCLUDE" "-IC:/Program Files/Microsoft Visual Studio/VC98\MFC\INCLUDE" "-IC:/Program Files/Microsoft Visual Studio/VC98\ATL\INCLUDE" "C:\Program Files\Microsoft Visual Studio\VC98\mfc\SRC\WINCORE.CPP"
CL "-IC:/Program Files/Microsoft Visual Studio/VC98\INCLUDE" "-IC:/Program Files/Microsoft Visual Studio/VC98\MFC\INCLUDE" "-IC:/Program Files/Microsoft Visual Studio/VC98\ATL\INCLUDE" "C:\Program Files\Microsoft Visual Studio\VC98\mfc\SRC\WINCTRL1.CPP"
CL "-IC:/Program Files/Microsoft Visual Studio/VC98\INCLUDE" "-IC:/Program Files/Microsoft Visual Studio/VC98\MFC\INCLUDE" "-IC:/Program Files/Microsoft Visual Studio/VC98\ATL\INCLUDE" "C:\Program Files\Microsoft Visual Studio\VC98\mfc\SRC\WINCTRL2.CPP"
CL "-IC:/Program Files/Microsoft Visual Studio/VC98\INCLUDE" "-IC:/Program Files/Microsoft Visual Studio/VC98\MFC\INCLUDE" "-IC:/Program Files/Microsoft Visual Studio/VC98\ATL\INCLUDE" "C:\Program Files\Microsoft Visual Studio\VC98\mfc\SRC\WINCTRL3.CPP"
CL "-IC:/Program Files/Microsoft Visual Studio/VC98\INCLUDE" "-IC:/Program Files/Microsoft Visual Studio/VC98\MFC\INCLUDE" "-IC:/Program Files/Microsoft Visual Studio/VC98\ATL\INCLUDE" "C:\Program Files\Microsoft Visual Studio\VC98\mfc\SRC\WINCTRL4.CPP"
CL "-IC:/Program Files/Microsoft Visual Studio/VC98\INCLUDE" "-IC:/Program Files/Microsoft Visual Studio/VC98\MFC\INCLUDE" "-IC:/Program Files/Microsoft Visual Studio/VC98\ATL\INCLUDE" "C:\Program Files\Microsoft Visual Studio\VC98\mfc\SRC\WINCTRL5.CPP"
CL "-IC:/Program Files/Microsoft Visual Studio/VC98\INCLUDE" "-IC:/Program Files/Microsoft Visual Studio/VC98\MFC\INCLUDE" "-IC:/Program Files/Microsoft Visual Studio/VC98\ATL\INCLUDE" "C:\Program Files\Microsoft Visual Studio\VC98\mfc\SRC\WINCTRL6.CPP"
CL "-IC:/Program Files/Microsoft Visual Studio/VC98\INCLUDE" "-IC:/Program Files/Microsoft Visual Studio/VC98\MFC\INCLUDE" "-IC:/Program Files/Microsoft Visual Studio/VC98\ATL\INCLUDE" "C:\Program Files\Microsoft Visual Studio\VC98\mfc\SRC\WINCTRL7.CPP"
CL "-IC:/Program Files/Microsoft Visual Studio/VC98\INCLUDE" "-IC:/Program Files/Microsoft Visual Studio/VC98\MFC\INCLUDE" "-IC:/Program Files/Microsoft Visual Studio/VC98\ATL\INCLUDE" "C:\Program Files\Microsoft Visual Studio\VC98\mfc\SRC\WINFRM.CPP"
CL "-IC:/Program Files/Microsoft Visual Studio/VC98\INCLUDE" "-IC:/Program Files/Microsoft Visual Studio/VC98\MFC\INCLUDE" "-IC:/Program Files/Microsoft Visual Studio/VC98\ATL\INCLUDE" "C:\Program Files\Microsoft Visual Studio\VC98\mfc\SRC\WINFRM2.CPP"
CL "-IC:/Program Files/Microsoft Visual Studio/VC98\INCLUDE" "-IC:/Program Files/Microsoft Visual Studio/VC98\MFC\INCLUDE" "-IC:/Program Files/Microsoft Visual Studio/VC98\ATL\INCLUDE" "C:\Program Files\Microsoft Visual Studio\VC98\mfc\SRC\WINFRMX.CPP"
CL "-IC:/Program Files/Microsoft Visual Studio/VC98\INCLUDE" "-IC:/Program Files/Microsoft Visual Studio/VC98\MFC\INCLUDE" "-IC:/Program Files/Microsoft Visual Studio/VC98\ATL\INCLUDE" "C:\Program Files\Microsoft Visual Studio\VC98\mfc\SRC\WINGDI.CPP"
CL "-IC:/Program Files/Microsoft Visual Studio/VC98\INCLUDE" "-IC:/Program Files/Microsoft Visual Studio/VC98\MFC\INCLUDE" "-IC:/Program Files/Microsoft Visual Studio/VC98\ATL\INCLUDE" "C:\Program Files\Microsoft Visual Studio\VC98\mfc\SRC\WINGDIX.CPP"
CL "-IC:/Program Files/Microsoft Visual Studio/VC98\INCLUDE" "-IC:/Program Files/Microsoft Visual Studio/VC98\MFC\INCLUDE" "-IC:/Program Files/Microsoft Visual Studio/VC98\ATL\INCLUDE" "C:\Program Files\Microsoft Visual Studio\VC98\mfc\SRC\WINHAND.CPP"
CL "-IC:/Program Files/Microsoft Visual Studio/VC98\INCLUDE" "-IC:/Program Files/Microsoft Visual Studio/VC98\MFC\INCLUDE" "-IC:/Program Files/Microsoft Visual Studio/VC98\ATL\INCLUDE" "C:\Program Files\Microsoft Visual Studio\VC98\mfc\SRC\WINMAIN.CPP"
CL "-IC:/Program Files/Microsoft Visual Studio/VC98\INCLUDE" "-IC:/Program Files/Microsoft Visual Studio/VC98\MFC\INCLUDE" "-IC:/Program Files/Microsoft Visual Studio/VC98\ATL\INCLUDE" "C:\Program Files\Microsoft Visual Studio\VC98\mfc\SRC\WINMDI.CPP"
CL "-IC:/Program Files/Microsoft Visual Studio/VC98\INCLUDE" "-IC:/Program Files/Microsoft Visual Studio/VC98\MFC\INCLUDE" "-IC:/Program Files/Microsoft Visual Studio/VC98\ATL\INCLUDE" "C:\Program Files\Microsoft Visual Studio\VC98\mfc\SRC\WINMENU.CPP"
CL "-IC:/Program Files/Microsoft Visual Studio/VC98\INCLUDE" "-IC:/Program Files/Microsoft Visual Studio/VC98\MFC\INCLUDE" "-IC:/Program Files/Microsoft Visual Studio/VC98\ATL\INCLUDE" "C:\Program Files\Microsoft Visual Studio\VC98\mfc\SRC\WINMINI.CPP"
CL "-IC:/Program Files/Microsoft Visual Studio/VC98\INCLUDE" "-IC:/Program Files/Microsoft Visual Studio/VC98\MFC\INCLUDE" "-IC:/Program Files/Microsoft Visual Studio/VC98\ATL\INCLUDE" "C:\Program Files\Microsoft Visual Studio\VC98\mfc\SRC\WINOCC.CPP"
CL "-IC:/Program Files/Microsoft Visual Studio/VC98\INCLUDE" "-IC:/Program Files/Microsoft Visual Studio/VC98\MFC\INCLUDE" "-IC:/Program Files/Microsoft Visual Studio/VC98\ATL\INCLUDE" "C:\Program Files\Microsoft Visual Studio\VC98\mfc\SRC\WINSPLIT.CPP"
CL "-IC:/Program Files/Microsoft Visual Studio/VC98\INCLUDE" "-IC:/Program Files/Microsoft Visual Studio/VC98\MFC\INCLUDE" "-IC:/Program Files/Microsoft Visual Studio/VC98\ATL\INCLUDE" "C:\Program Files\Microsoft Visual Studio\VC98\mfc\SRC\WINSTR.CPP"
CL "-IC:/Program Files/Microsoft Visual Studio/VC98\INCLUDE" "-IC:/Program Files/Microsoft Visual Studio/VC98\MFC\INCLUDE" "-IC:/Program Files/Microsoft Visual Studio/VC98\ATL\INCLUDE" "C:\Program Files\Microsoft Visual Studio\VC98\mfc\SRC\WINUTIL.CPP"
