New model server starting up.
DISCOVER Version:        7.2
Built on:                Jun 21 2000 20:32
Project Definition file: /net/psales2/export/home/TEST/DISIM/model/NTDiscoverTest/20000705/config/paraset/paraset_server.pdf
Restoring project /paraset ... done
Creating symbol cache /usr/tmp/dislite/.NTDiscoverTest_20000705/symbol_cache
start caching / ... sorting ... dumping ... done: 130445 symbols
Symbol cache is created
service exiting
n 21 2000 20:32
Project Definition file: /net/psales2/export/home/TEST/DISIM/model/NTDiscoverTest/20000705/config/paraset/paraset_server.pdf
Restoring project /paraset ... done
Creating symbol cache /usr/tmp/dislite/.NTDiscoverTest_20000705/symbol_cache
start caching / ... sorting ... dumping ... done: 130445 symbols
Symbol cache is created
service exiting
DISCOVER Version:        7.2
Built on:                Jun 21 2000 20:32
Project Definition file: /net/psales2/export/home/TEST/DISIM/model/NTDiscoverTest/20000705/config/paraset/paraset_server.pdf
Restoring project /paraset ... done
Creating symbol cache /usr/tmp/dislite/.NTDiscoverTest_20000705/symbol_cache
start caching / ... sorting ... dumping ... done: 130445 symbols
Symbol cache is created
DISIM/model/NTDiscoverDSX/20000707/config/src/src_server.pdf
/net/psales2/export/home/TEST/DISIM/model/NTDiscoverDSX/20000707/config/src/src_server.pdf: No such file or directory
"/net/psales2/export/home/TEST/DISIM/model/NTDiscoverDSX/20000707/config/src/src_server.pdf" does not exist.
Quitting...
Unable to start model server.
DISCOVER Version:        7.2
Built on:                Jun 21 2000 20:32
Project Definition file: /net/psales2/export/home/TEST/DISIM/model/DiscoverTest/7.3.0.20_20000802/config/paraset/paraset_server.pdf
Restoring project /paraset ... done
Creating symbol cache /usr/tmp/dislite/.DiscoverTest_7.3.0.20_20000802/symbol_cache
start caching / ... sorting ... dumping ... done: 155105 symbols
Symbol cache is created
raset/paraset_server.pdf
Restoring project /paraset ... done
Creating symbol cache /usr/tmp/dislite/.DiscoverTest_7.3.0.20_20000801/symbol_cache
start caching / ... sorting ... dumping ... done: 155104 symbols
Symbol cache is created
NTDiscoverTest_20000705
DiscoverTest_7.3.0.20_20000801
DiscoverTest_7.3.0.20_20000802
New model server starting up.
DISCOVER Version:        7.2
Built on:                Jun 21 2000 20:32
Project Definition file: /net/psales2/export/home/TEST/DISIM/model/NTDiscoverDSX/20000707/config/src/src_server.pdf
/net/psales2/export/home/TEST/DISIM/model/NTDiscoverDSX/20000707/config/src/src_server.pdf: No such file or directory
"/net/psales2/export/home/TEST/DISIM/model/NTDiscoverDSX/20000707/config/src/src_server.pdf" does not exist.
Quitting...
Unable to start model server.
NTDiscoverTest_20000705
DiscoverTest_7.3.0.20_20000801
DiscoverTest_7.3.0.20_20000802
NTDiscoverTest_20000705
DiscoverTest_7.3.0.20_20000801
DiscoverTest_7.3.0.20_20000802
New model server starting up.
NTDiscoverTest_20000705
DiscoverTest_7.3.0.20_20000801
DiscoverTest_7.3.0.20_20000802
tion file: /net/psales2/export/home/TEST/DISIM/model/NTDiscoverDSX/20000707/config/src/src_server.pdf
/net/psales2/export/home/TEST/DISIM/model/NTDiscoverDSX/20000707/config/src/src_server.pdf: No such file or directory
"/net/psales2/export/home/TEST/DISIM/model/NTDiscoverDSX/20000707/config/src/src_server.pdf" does not exist.
Quitting...
Unable to start model server.
New model server starting up.
DISCOVER Version:        7.2
Built on:                Jun 21 2000 20:32
Project Definition file: /net/psales2/export/home/TEST/DISIM/model/NTDiscoverDSX/20000707/config/src/src_server.pdf
/net/psales2/export/home/TEST/DISIM/model/NTDiscoverDSX/20000707/config/src/src_server.pdf: No such file or directory
"/net/psales2/export/home/TEST/DISIM/model/NTDiscoverDSX/20000707/config/src/src_server.pdf" does not exist.
Quitting...
Unable to start model server.
NTDiscoverTest_20000705
DiscoverTest_7.3.0.20_20000801
DiscoverTest_7.3.0.20_20000802
New model server starting up.
DISCOVER Version:        7.2
Built on:                Jun 21 2000 20:32
Project Definition file: /net/psales2/export/home/TEST/DISIM/model/NTDiscoverDSX/20000707/config/src/src_server.pdf
/net/psales2/export/home/TEST/DISIM/model/NTDiscoverDSX/20000707/config/src/src_server.pdf: No such file or directory
"/net/psales2/export/home/TEST/DISIM/model/NTDiscoverDSX/20000707/config/src/src_server.pdf" does not exist.
Quitting...
Unable to start model server.
NTDiscoverTest_20000705
DiscoverTest_7.3.0.20_20000801
DiscoverTest_7.3.0.20_20000802
NTDiscoverTest_20000705
DiscoverTest_7.3.0.20_20000801
DiscoverTest_7.3.0.20_20000802
New model server starting up.
NTDiscoverTest_20000705
DiscoverTest_7.3.0.20_20000801
DiscoverTest_7.3.0.20_20000802
tion file: /net/psales2/export/home/TEST/DISIM/model/NTDiscoverDSX/20000707/config/src/src_server.pdf
/net/psales2/export/home/TEST/DISIM/model/NTDiscoverDSX/20000707/config/src/src_server.pdf: No such file or directory
"/net/psales2/export/home/TEST/DISIM/model/NTDiscoverDSX/20000707/config/src/src_server.pdf" does not exist.
Quitting...
Unable to start model server.
New model server starting up.
DISCOVER Version:        7.2
Built on:                Jun 21 2000 20:32
Project Definition file: /net/psales2/export/home/TEST/DISIM/model/NTDiscoverDSX/20000707/config/src/src_server.pdf
/net/psales2/export/home/TEST/DISIM/model/NTDiscoverDSX/20000707/config/src/src_server.pdf: No such file or directory
"/net/psales2/export/home/TEST/DISIM/model/NTDiscoverDSX/20000707/config/src/src_server.pdf" does not exist.
Quitting...
Unable to start model server.
